2011-10-07 19:53:57,430 INFO EXECUTOR[140617352677120] - logger SYSTEM ENABLED
2011-10-07 19:53:57,430 INFO EXECUTOR[140617352677120] - Parsing test case file : /build/scidb-trunk/trunk/tests/harness/testcases/t/data_model/avg/avg_204.test
2011-10-07 19:53:57,430 INFO EXECUTOR[140617352677120] - found SETUP section.
2011-10-07 19:53:57,447 INFO EXECUTOR[140617352677120] - Arguments for command [--error --code=16  --afl="store(repart(avg(T),R),R)"] successfully separated.
2011-10-07 19:53:57,448 INFO EXECUTOR[140617352677120] - found TEST section.
2011-10-07 19:53:57,448 INFO EXECUTOR[140617352677120] - found CLEANUP section.
2011-10-07 19:53:57,448 INFO EXECUTOR[140617352677120] - Done Parsing test case file...
2011-10-07 19:53:57,448 INFO EXECUTOR[140617352677120] - Printing Parsed Vector : 
2011-10-07 19:53:57,448 INFO EXECUTOR[140617352677120] - --setup ||
2011-10-07 19:53:57,448 INFO EXECUTOR[140617352677120] - 	--start-query-logging ||
2011-10-07 19:53:57,448 INFO EXECUTOR[140617352677120] - 	--start-igdata ||
2011-10-07 19:53:57,448 INFO EXECUTOR[140617352677120] - 	--aql |create   array T < x: int32 > [ i=1:13,11,0, j=1:21,17,0 ]|
2011-10-07 19:53:57,448 INFO EXECUTOR[140617352677120] - 	--aql |create  array E < x: int32 null > [ i=0:0,1,0 ]|
2011-10-07 19:53:57,448 INFO EXECUTOR[140617352677120] - 	--aql |create  array R < x: int32 null > [ i=0:0,1,0 ]|
2011-10-07 19:53:57,448 INFO EXECUTOR[140617352677120] - 	--afl |store(build_sparse(T,i+j,j-2<i and i<j+2),T)|
2011-10-07 19:53:57,448 INFO EXECUTOR[140617352677120] - 	--afl |store(build(E,iif(0=1 ,iif(13>21, (3.*21*(21+1)-1)/(3*21-1),(3.*13*(13+1)-1)/(3*13-1)), iif(13>21, (3.*21*(21+1)-1)/(21*13),(3.*13*(13+1)-1)/(13*21)) )),E)|
2011-10-07 19:53:57,448 INFO EXECUTOR[140617352677120] - 	--error |--code=16 "store(repart(avg(T),R),R)"|
2011-10-07 19:53:57,448 INFO EXECUTOR[140617352677120] - 	--stop-igdata ||
2011-10-07 19:53:57,448 INFO EXECUTOR[140617352677120] - --test ||
2011-10-07 19:53:57,448 INFO EXECUTOR[140617352677120] - 	--aql |SELECT count(*) FROM R , E WHERE abs((R.x-E.x)/iif(E.x=0,1,E.x)) > 1e-07|
2011-10-07 19:53:57,448 INFO EXECUTOR[140617352677120] - --cleanup ||
2011-10-07 19:53:57,448 INFO EXECUTOR[140617352677120] - 	--afl |remove(T)|
2011-10-07 19:53:57,448 INFO EXECUTOR[140617352677120] - 	--afl |remove(E)|
2011-10-07 19:53:57,448 INFO EXECUTOR[140617352677120] - 	--afl |remove(R)|
2011-10-07 19:53:57,448 INFO EXECUTOR[140617352677120] - 	--stop-query-logging ||
2011-10-07 19:53:57,448 INFO EXECUTOR[140617352677120] - Done Printing Parsed Vector... 
2011-10-07 19:53:57,448 INFO EXECUTOR[140617352677120] - Starting executing the test case ...
2011-10-07 19:53:57,448 INFO EXECUTOR[140617352677120] - No [preSetup] commands found.
2011-10-07 19:53:57,448 INFO EXECUTOR[140617352677120] - Executing [SETUP] section.
2011-10-07 19:53:57,448 INFO EXECUTOR[140617352677120] - Executing Command --setup
2011-10-07 19:53:57,448 INFO EXECUTOR[140617352677120] - Executing Command --start-query-logging
2011-10-07 19:53:57,448 INFO EXECUTOR[140617352677120] - Starting query logging...
2011-10-07 19:53:57,448 INFO EXECUTOR[140617352677120] - Executing Command --start-igdata
2011-10-07 19:53:57,448 INFO EXECUTOR[140617352677120] - Starting Ignoring the data output by query ...
2011-10-07 19:53:57,448 INFO EXECUTOR[140617352677120] - Executing Command --aql
2011-10-07 19:53:57,448 INFO EXECUTOR[140617352677120] - Executing query : <create   array T < x: int32 > [ i=1:13,11,0, j=1:21,17,0 ]>
2011-10-07 19:53:57,454 INFO EXECUTOR[140617352677120] - Executing Command --aql
2011-10-07 19:53:57,454 INFO EXECUTOR[140617352677120] - Executing query : <create  array E < x: int32 null > [ i=0:0,1,0 ]>
2011-10-07 19:53:57,458 INFO EXECUTOR[140617352677120] - Executing Command --aql
2011-10-07 19:53:57,458 INFO EXECUTOR[140617352677120] - Executing query : <create  array R < x: int32 null > [ i=0:0,1,0 ]>
2011-10-07 19:53:57,462 INFO EXECUTOR[140617352677120] - Executing Command --afl
2011-10-07 19:53:57,462 INFO EXECUTOR[140617352677120] - Executing query : <store(build_sparse(T,i+j,j-2<i and i<j+2),T)>
2011-10-07 19:53:57,500 INFO EXECUTOR[140617352677120] - Executing Command --afl
2011-10-07 19:53:57,500 INFO EXECUTOR[140617352677120] - Executing query : <store(build(E,iif(0=1 ,iif(13>21, (3.*21*(21+1)-1)/(3*21-1),(3.*13*(13+1)-1)/(3*13-1)), iif(13>21, (3.*21*(21+1)-1)/(21*13),(3.*13*(13+1)-1)/(13*21)) )),E)>
2011-10-07 19:53:57,530 INFO EXECUTOR[140617352677120] - Executing Command --error
2011-10-07 19:53:57,530 INFO EXECUTOR[140617352677120] - Executing query : <store(repart(avg(T),R),R)>
2011-10-07 19:53:57,536 INFO EXECUTOR[140617352677120] - Exception CAUGHT for SCIDB query...:Arrays are not conformant: srcAttrs[i].getType() == dstAttrs[i].getType() && (dstAttrs[i].isNullable() || !srcAttrs[i].isNullable())
2011-10-07 19:53:57,536 INFO EXECUTOR[140617352677120] - This was an expected Exception. Hence continuing...
2011-10-07 19:53:57,537 INFO EXECUTOR[140617352677120] - Executing Command --stop-igdata
2011-10-07 19:53:57,537 INFO EXECUTOR[140617352677120] - Stoping Ignoring the data output by query ...
2011-10-07 19:53:57,537 INFO EXECUTOR[140617352677120] - Executing [TEST] section.
2011-10-07 19:53:57,537 INFO EXECUTOR[140617352677120] - Executing Command --test
2011-10-07 19:53:57,537 INFO EXECUTOR[140617352677120] - Executing Command --aql
2011-10-07 19:53:57,537 INFO EXECUTOR[140617352677120] - Executing query : <SELECT count(*) FROM R , E WHERE abs((R.x-E.x)/iif(E.x=0,1,E.x)) > 1e-07>
2011-10-07 19:53:57,558 INFO EXECUTOR[140617352677120] - Executing [CLEANUP] section.
2011-10-07 19:53:57,558 INFO EXECUTOR[140617352677120] - Executing Command --cleanup
2011-10-07 19:53:57,558 INFO EXECUTOR[140617352677120] - Executing Command --afl
2011-10-07 19:53:57,558 INFO EXECUTOR[140617352677120] - Executing query : <remove(T)>
2011-10-07 19:53:57,591 INFO EXECUTOR[140617352677120] - Executing Command --afl
2011-10-07 19:53:57,591 INFO EXECUTOR[140617352677120] - Executing query : <remove(E)>
2011-10-07 19:53:57,600 INFO EXECUTOR[140617352677120] - Executing Command --afl
2011-10-07 19:53:57,600 INFO EXECUTOR[140617352677120] - Executing query : <remove(R)>
2011-10-07 19:53:57,606 INFO EXECUTOR[140617352677120] - Executing Command --stop-query-logging
2011-10-07 19:53:57,606 INFO EXECUTOR[140617352677120] - Stoping query logging...
2011-10-07 19:53:57,606 INFO EXECUTOR[140617352677120] - Done executing the test case ...
2011-10-07 19:53:57,606 INFO EXECUTOR[140617352677120] - EXECUTOR returning SUCCESS to the caller.
