2011-10-07 20:02:45,107 INFO EXECUTOR[140617352677120] - logger SYSTEM ENABLED
2011-10-07 20:02:45,107 INFO EXECUTOR[140617352677120] - Parsing test case file : /build/scidb-trunk/trunk/tests/harness/testcases/t/data_model/avg/avg_87.test
2011-10-07 20:02:45,107 INFO EXECUTOR[140617352677120] - found SETUP section.
2011-10-07 20:02:45,113 INFO EXECUTOR[140617352677120] - Arguments for command [--error --code=16  --afl="store(repart(avg(T),R),R)"] successfully separated.
2011-10-07 20:02:45,113 INFO EXECUTOR[140617352677120] - found TEST section.
2011-10-07 20:02:45,113 INFO EXECUTOR[140617352677120] - found CLEANUP section.
2011-10-07 20:02:45,113 INFO EXECUTOR[140617352677120] - Done Parsing test case file...
2011-10-07 20:02:45,113 INFO EXECUTOR[140617352677120] - Printing Parsed Vector : 
2011-10-07 20:02:45,113 INFO EXECUTOR[140617352677120] - --setup ||
2011-10-07 20:02:45,113 INFO EXECUTOR[140617352677120] - 	--start-query-logging ||
2011-10-07 20:02:45,113 INFO EXECUTOR[140617352677120] - 	--start-igdata ||
2011-10-07 20:02:45,113 INFO EXECUTOR[140617352677120] - 	--aql |create immutable empty array T < x: int16 > [ i=1:1000,100,0, j=1:1000,100,0 ]|
2011-10-07 20:02:45,113 INFO EXECUTOR[140617352677120] - 	--aql |create immutable array E < x: int16 null > [ i=0:0,1,0 ]|
2011-10-07 20:02:45,113 INFO EXECUTOR[140617352677120] - 	--aql |create immutable array R < x: int16 null > [ i=0:0,1,0 ]|
2011-10-07 20:02:45,113 INFO EXECUTOR[140617352677120] - 	--afl |store(build_sparse(T,i+j,j-2<i and i<j+2),T)|
2011-10-07 20:02:45,113 INFO EXECUTOR[140617352677120] - 	--afl |store(build(E,iif(1=1, (1000+1), (3.*1000-2)*(1000+1)/(1000*1000) )),E)|
2011-10-07 20:02:45,113 INFO EXECUTOR[140617352677120] - 	--error |--code=16 "store(repart(avg(T),R),R)"|
2011-10-07 20:02:45,113 INFO EXECUTOR[140617352677120] - 	--stop-igdata ||
2011-10-07 20:02:45,113 INFO EXECUTOR[140617352677120] - --test ||
2011-10-07 20:02:45,113 INFO EXECUTOR[140617352677120] - 	--aql |SELECT count(*) FROM R , E WHERE abs((R.x-E.x)/iif(E.x=0,1,E.x)) > 1e-07|
2011-10-07 20:02:45,113 INFO EXECUTOR[140617352677120] - --cleanup ||
2011-10-07 20:02:45,113 INFO EXECUTOR[140617352677120] - 	--afl |remove(T)|
2011-10-07 20:02:45,113 INFO EXECUTOR[140617352677120] - 	--afl |remove(E)|
2011-10-07 20:02:45,113 INFO EXECUTOR[140617352677120] - 	--afl |remove(R)|
2011-10-07 20:02:45,113 INFO EXECUTOR[140617352677120] - 	--stop-query-logging ||
2011-10-07 20:02:45,113 INFO EXECUTOR[140617352677120] - Done Printing Parsed Vector... 
2011-10-07 20:02:45,113 INFO EXECUTOR[140617352677120] - Starting executing the test case ...
2011-10-07 20:02:45,113 INFO EXECUTOR[140617352677120] - No [preSetup] commands found.
2011-10-07 20:02:45,113 INFO EXECUTOR[140617352677120] - Executing [SETUP] section.
2011-10-07 20:02:45,113 INFO EXECUTOR[140617352677120] - Executing Command --setup
2011-10-07 20:02:45,113 INFO EXECUTOR[140617352677120] - Executing Command --start-query-logging
2011-10-07 20:02:45,113 INFO EXECUTOR[140617352677120] - Starting query logging...
2011-10-07 20:02:45,113 INFO EXECUTOR[140617352677120] - Executing Command --start-igdata
2011-10-07 20:02:45,113 INFO EXECUTOR[140617352677120] - Starting Ignoring the data output by query ...
2011-10-07 20:02:45,113 INFO EXECUTOR[140617352677120] - Executing Command --aql
2011-10-07 20:02:45,113 INFO EXECUTOR[140617352677120] - Executing query : <create immutable empty array T < x: int16 > [ i=1:1000,100,0, j=1:1000,100,0 ]>
2011-10-07 20:02:45,131 INFO EXECUTOR[140617352677120] - Executing Command --aql
2011-10-07 20:02:45,131 INFO EXECUTOR[140617352677120] - Executing query : <create immutable array E < x: int16 null > [ i=0:0,1,0 ]>
2011-10-07 20:02:45,136 INFO EXECUTOR[140617352677120] - Executing Command --aql
2011-10-07 20:02:45,136 INFO EXECUTOR[140617352677120] - Executing query : <create immutable array R < x: int16 null > [ i=0:0,1,0 ]>
2011-10-07 20:02:45,141 INFO EXECUTOR[140617352677120] - Executing Command --afl
2011-10-07 20:02:45,141 INFO EXECUTOR[140617352677120] - Executing query : <store(build_sparse(T,i+j,j-2<i and i<j+2),T)>
2011-10-07 20:02:55,674 INFO EXECUTOR[140617352677120] - Executing Command --afl
2011-10-07 20:02:55,674 INFO EXECUTOR[140617352677120] - Executing query : <store(build(E,iif(1=1, (1000+1), (3.*1000-2)*(1000+1)/(1000*1000) )),E)>
2011-10-07 20:02:55,700 INFO EXECUTOR[140617352677120] - Executing Command --error
2011-10-07 20:02:55,700 INFO EXECUTOR[140617352677120] - Executing query : <store(repart(avg(T),R),R)>
2011-10-07 20:02:55,705 INFO EXECUTOR[140617352677120] - Exception CAUGHT for SCIDB query...:Arrays are not conformant: srcAttrs[i].getType() == dstAttrs[i].getType() && (dstAttrs[i].isNullable() || !srcAttrs[i].isNullable())
2011-10-07 20:02:55,705 INFO EXECUTOR[140617352677120] - This was an expected Exception. Hence continuing...
2011-10-07 20:02:55,705 INFO EXECUTOR[140617352677120] - Executing Command --stop-igdata
2011-10-07 20:02:55,705 INFO EXECUTOR[140617352677120] - Stoping Ignoring the data output by query ...
2011-10-07 20:02:55,705 INFO EXECUTOR[140617352677120] - Executing [TEST] section.
2011-10-07 20:02:55,705 INFO EXECUTOR[140617352677120] - Executing Command --test
2011-10-07 20:02:55,705 INFO EXECUTOR[140617352677120] - Executing Command --aql
2011-10-07 20:02:55,705 INFO EXECUTOR[140617352677120] - Executing query : <SELECT count(*) FROM R , E WHERE abs((R.x-E.x)/iif(E.x=0,1,E.x)) > 1e-07>
2011-10-07 20:02:55,720 INFO EXECUTOR[140617352677120] - Executing [CLEANUP] section.
2011-10-07 20:02:55,720 INFO EXECUTOR[140617352677120] - Executing Command --cleanup
2011-10-07 20:02:55,720 INFO EXECUTOR[140617352677120] - Executing Command --afl
2011-10-07 20:02:55,720 INFO EXECUTOR[140617352677120] - Executing query : <remove(T)>
2011-10-07 20:02:55,726 INFO EXECUTOR[140617352677120] - Executing Command --afl
2011-10-07 20:02:55,726 INFO EXECUTOR[140617352677120] - Executing query : <remove(E)>
2011-10-07 20:02:55,731 INFO EXECUTOR[140617352677120] - Executing Command --afl
2011-10-07 20:02:55,731 INFO EXECUTOR[140617352677120] - Executing query : <remove(R)>
2011-10-07 20:02:55,737 INFO EXECUTOR[140617352677120] - Executing Command --stop-query-logging
2011-10-07 20:02:55,737 INFO EXECUTOR[140617352677120] - Stoping query logging...
2011-10-07 20:02:55,737 INFO EXECUTOR[140617352677120] - Done executing the test case ...
2011-10-07 20:02:55,737 INFO EXECUTOR[140617352677120] - EXECUTOR returning SUCCESS to the caller.
