2011-10-07 21:46:23,824 INFO EXECUTOR[140617352677120] - logger SYSTEM ENABLED
2011-10-07 21:46:23,824 INFO EXECUTOR[140617352677120] - Parsing test case file : /build/scidb-trunk/trunk/tests/harness/testcases/t/data_model/sum/sum_137.test
2011-10-07 21:46:23,824 INFO EXECUTOR[140617352677120] - found SETUP section.
2011-10-07 21:46:23,824 INFO EXECUTOR[140617352677120] - found TEST section.
2011-10-07 21:46:23,824 INFO EXECUTOR[140617352677120] - found CLEANUP section.
2011-10-07 21:46:23,824 INFO EXECUTOR[140617352677120] - Done Parsing test case file...
2011-10-07 21:46:23,824 INFO EXECUTOR[140617352677120] - Printing Parsed Vector : 
2011-10-07 21:46:23,824 INFO EXECUTOR[140617352677120] - --setup ||
2011-10-07 21:46:23,824 INFO EXECUTOR[140617352677120] - 	--start-query-logging ||
2011-10-07 21:46:23,824 INFO EXECUTOR[140617352677120] - 	--start-igdata ||
2011-10-07 21:46:23,824 INFO EXECUTOR[140617352677120] - 	--aql |create  empty array T < x: uint64 > [ i=1:1024,256,0, j=1:1024,256,0 ]|
2011-10-07 21:46:23,824 INFO EXECUTOR[140617352677120] - 	--aql |create  array E < x: uint64 > [ i=0:0,1,0 ]|
2011-10-07 21:46:23,824 INFO EXECUTOR[140617352677120] - 	--aql |create  array R < x: uint64 > [ i=0:0,1,0 ]|
2011-10-07 21:46:23,824 INFO EXECUTOR[140617352677120] - 	--afl |store(build_sparse(T,i+j,j-2<i and i<j+2),T)|
2011-10-07 21:46:23,824 INFO EXECUTOR[140617352677120] - 	--afl |store(build(E,(3*1024-2)*(1024+1)),E)|
2011-10-07 21:46:23,824 INFO EXECUTOR[140617352677120] - 	--afl |store(repart(sum(T),R),R)|
2011-10-07 21:46:23,824 INFO EXECUTOR[140617352677120] - 	--stop-igdata ||
2011-10-07 21:46:23,824 INFO EXECUTOR[140617352677120] - --test ||
2011-10-07 21:46:23,824 INFO EXECUTOR[140617352677120] - 	--aql |SELECT count(*) FROM R , E WHERE abs((R.x-E.x)/iif(E.x=0,1,E.x)) > 1e-07|
2011-10-07 21:46:23,824 INFO EXECUTOR[140617352677120] - --cleanup ||
2011-10-07 21:46:23,824 INFO EXECUTOR[140617352677120] - 	--afl |remove(T)|
2011-10-07 21:46:23,824 INFO EXECUTOR[140617352677120] - 	--afl |remove(E)|
2011-10-07 21:46:23,824 INFO EXECUTOR[140617352677120] - 	--afl |remove(R)|
2011-10-07 21:46:23,824 INFO EXECUTOR[140617352677120] - 	--stop-query-logging ||
2011-10-07 21:46:23,824 INFO EXECUTOR[140617352677120] - Done Printing Parsed Vector... 
2011-10-07 21:46:23,824 INFO EXECUTOR[140617352677120] - Starting executing the test case ...
2011-10-07 21:46:23,824 INFO EXECUTOR[140617352677120] - No [preSetup] commands found.
2011-10-07 21:46:23,824 INFO EXECUTOR[140617352677120] - Executing [SETUP] section.
2011-10-07 21:46:23,824 INFO EXECUTOR[140617352677120] - Executing Command --setup
2011-10-07 21:46:23,824 INFO EXECUTOR[140617352677120] - Executing Command --start-query-logging
2011-10-07 21:46:23,824 INFO EXECUTOR[140617352677120] - Starting query logging...
2011-10-07 21:46:23,824 INFO EXECUTOR[140617352677120] - Executing Command --start-igdata
2011-10-07 21:46:23,824 INFO EXECUTOR[140617352677120] - Starting Ignoring the data output by query ...
2011-10-07 21:46:23,824 INFO EXECUTOR[140617352677120] - Executing Command --aql
2011-10-07 21:46:23,824 INFO EXECUTOR[140617352677120] - Executing query : <create  empty array T < x: uint64 > [ i=1:1024,256,0, j=1:1024,256,0 ]>
2011-10-07 21:46:23,829 INFO EXECUTOR[140617352677120] - Executing Command --aql
2011-10-07 21:46:23,829 INFO EXECUTOR[140617352677120] - Executing query : <create  array E < x: uint64 > [ i=0:0,1,0 ]>
2011-10-07 21:46:23,833 INFO EXECUTOR[140617352677120] - Executing Command --aql
2011-10-07 21:46:23,833 INFO EXECUTOR[140617352677120] - Executing query : <create  array R < x: uint64 > [ i=0:0,1,0 ]>
2011-10-07 21:46:23,836 INFO EXECUTOR[140617352677120] - Executing Command --afl
2011-10-07 21:46:23,836 INFO EXECUTOR[140617352677120] - Executing query : <store(build_sparse(T,i+j,j-2<i and i<j+2),T)>
2011-10-07 21:46:33,074 INFO EXECUTOR[140617352677120] - Executing Command --afl
2011-10-07 21:46:33,074 INFO EXECUTOR[140617352677120] - Executing query : <store(build(E,(3*1024-2)*(1024+1)),E)>
2011-10-07 21:46:33,105 INFO EXECUTOR[140617352677120] - Executing Command --afl
2011-10-07 21:46:33,105 INFO EXECUTOR[140617352677120] - Executing query : <store(repart(sum(T),R),R)>
2011-10-07 21:46:33,111 INFO EXECUTOR[140617352677120] - Exception CAUGHT for SCIDB query...:Arrays are not conformant: srcAttrs[i].getType() == dstAttrs[i].getType() && (dstAttrs[i].isNullable() || !srcAttrs[i].isNullable())
2011-10-07 21:46:33,111 ERROR EXECUTOR[140617352677120] - ExecutorError: /build/scidb-trunk/trunk/tests/harness/src/defaultexecutor.cpp:317:runSciDBquery(): SciDB query execution failed
2011-10-07 21:46:33,111 WARN EXECUTOR[140617352677120] - Executing [CLEANUP] section.
2011-10-07 21:46:33,111 INFO EXECUTOR[140617352677120] - Executing Command --cleanup
2011-10-07 21:46:33,111 INFO EXECUTOR[140617352677120] - Executing Command --afl
2011-10-07 21:46:33,111 INFO EXECUTOR[140617352677120] - Executing query : <remove(T)>
2011-10-07 21:46:33,122 INFO EXECUTOR[140617352677120] - Executing Command --afl
2011-10-07 21:46:33,122 INFO EXECUTOR[140617352677120] - Executing query : <remove(E)>
2011-10-07 21:46:33,131 INFO EXECUTOR[140617352677120] - Executing Command --afl
2011-10-07 21:46:33,131 INFO EXECUTOR[140617352677120] - Executing query : <remove(R)>
2011-10-07 21:46:33,137 INFO EXECUTOR[140617352677120] - Executing Command --stop-query-logging
2011-10-07 21:46:33,137 INFO EXECUTOR[140617352677120] - Stoping query logging...
2011-10-07 21:46:33,137 INFO EXECUTOR[140617352677120] - EXECUTOR returning FAILURE to the caller.
