SCIDB QUERY : <create immutable empty array T < x: float > [ i=1:13,11,0, j=1:21,17,0 ]>
[Query was executed successfully, ignoring data output by this query.]

SCIDB QUERY : <create immutable array E < x: float > [ i=0:0,1,0 ]>
[Query was executed successfully, ignoring data output by this query.]

SCIDB QUERY : <create immutable array R < x: float > [ i=0:0,1,0 ]>
[Query was executed successfully, ignoring data output by this query.]

SCIDB QUERY : <store(build_sparse(T,i+j,j-2<i and i<j+2),T)>
[Query was executed successfully, ignoring data output by this query.]

SCIDB QUERY : <store(build(E,iif(13>21, 3*21*(21+1)-1, 3*13*(13+1)-1)),E)>
[Query was executed successfully, ignoring data output by this query.]

SCIDB QUERY : <store(repart(sum(T),R),R)>
[An error expected at this place for the query "store(repart(sum(T),R),R)". And it failed with error code = 16. Expected error code = 16.]

SCIDB QUERY : <SELECT count(*) FROM R , E WHERE abs((R.x-E.x)/iif(E.x=0,1,E.x)) > 1e-07>
[(0)]

SCIDB QUERY : <remove(T)>
Query was executed successfully

SCIDB QUERY : <remove(E)>
Query was executed successfully

SCIDB QUERY : <remove(R)>
Query was executed successfully

