2011-10-08 02:21:18,611 INFO EXECUTOR[140160741271296] - logger SYSTEM ENABLED
2011-10-08 02:21:18,611 INFO EXECUTOR[140160741271296] - Parsing test case file : /build/p4-trunk/p4trunk/test/linear_algebra_tests/testcases/t/la_covar.test
2011-10-08 02:21:18,611 INFO EXECUTOR[140160741271296] - found SETUP section.
2011-10-08 02:21:18,612 INFO EXECUTOR[140160741271296] - found TEST section.
2011-10-08 02:21:18,612 INFO EXECUTOR[140160741271296] - found CLEANUP section.
2011-10-08 02:21:18,612 INFO EXECUTOR[140160741271296] - Done Parsing test case file...
2011-10-08 02:21:18,612 INFO EXECUTOR[140160741271296] - Printing Parsed Vector : 
2011-10-08 02:21:18,612 INFO EXECUTOR[140160741271296] - --setup ||
2011-10-08 02:21:18,612 INFO EXECUTOR[140160741271296] - 	--afl |CREATE IMMUTABLE ARRAY dense <a: double > [x=0:5,3,0, y=0:5,3,0]|
2011-10-08 02:21:18,612 INFO EXECUTOR[140160741271296] - 	--afl |CREATE ARRAY p4_covar_wo_shift_test1 <a:double> [x=0:19,4,0, y=0:5,2,0]|
2011-10-08 02:21:18,612 INFO EXECUTOR[140160741271296] - 	--afl |CREATE ARRAY p4_covar_wo_shift_test2 <a:double> [x=0:4,5,0, y=0:9,5,0]|
2011-10-08 02:21:18,612 INFO EXECUTOR[140160741271296] - 	--afl |CREATE ARRAY p4_covar_wo_shift_test3 <a:double> [x=0:4,5,0, y=0:11,4,0]|
2011-10-08 02:21:18,612 INFO EXECUTOR[140160741271296] - 	--afl |CREATE ARRAY p4_covar_wo_shift_test4 <a:double> [x=0:9,2,0, y=0:9,5,0]|
2011-10-08 02:21:18,612 INFO EXECUTOR[140160741271296] - 	--afl |CREATE ARRAY p4_covar_wo_shift_test5 <a:double> [x=0:19,5,0, y=0:7,2,0]|
2011-10-08 02:21:18,612 INFO EXECUTOR[140160741271296] - 	--afl |CREATE ARRAY p4_covar_wo_shift_test6 <a:double> [x=1:10,10,0, y=1:10,10,0]|
2011-10-08 02:21:18,612 INFO EXECUTOR[140160741271296] - 	--afl |CREATE ARRAY p4_covar_w_shift_test1 <a:double> [x=0:10,1,0, y=0:10,11,0]|
2011-10-08 02:21:18,612 INFO EXECUTOR[140160741271296] - 	--afl |CREATE ARRAY p4_covar_w_shift_test2 <a:double> [x=0:5,2,0, y=0:11,4,0]|
2011-10-08 02:21:18,612 INFO EXECUTOR[140160741271296] - 	--afl |CREATE ARRAY p4_covar_w_shift_test3 <a:double> [x=0:11,3,0, y=0:5,3,0]|
2011-10-08 02:21:18,612 INFO EXECUTOR[140160741271296] - 	--afl |CREATE ARRAY p4_covar_w_shift_test4 <a:double> [x=0:19,5,0, y=0:7,2,0]|
2011-10-08 02:21:18,612 INFO EXECUTOR[140160741271296] - 	--afl |load(dense, '../p4test/dense.txt')|
2011-10-08 02:21:18,612 INFO EXECUTOR[140160741271296] - 	--afl |load(p4_covar_wo_shift_test1, '../p4test/p4_covar_wo_shift_test1.txt')|
2011-10-08 02:21:18,612 INFO EXECUTOR[140160741271296] - 	--afl |load(p4_covar_wo_shift_test2, '../p4test/p4_covar_wo_shift_test2.txt')|
2011-10-08 02:21:18,612 INFO EXECUTOR[140160741271296] - 	--afl |load(p4_covar_wo_shift_test3, '../p4test/p4_covar_wo_shift_test3.txt')|
2011-10-08 02:21:18,612 INFO EXECUTOR[140160741271296] - 	--afl |load(p4_covar_wo_shift_test4, '../p4test/p4_covar_wo_shift_test4.txt')|
2011-10-08 02:21:18,612 INFO EXECUTOR[140160741271296] - 	--afl |load(p4_covar_wo_shift_test5, '../p4test/p4_covar_wo_shift_test5.txt')|
2011-10-08 02:21:18,612 INFO EXECUTOR[140160741271296] - 	--afl |load(p4_covar_wo_shift_test6, '../p4test/p4_covar_wo_shift_test6.txt')|
2011-10-08 02:21:18,612 INFO EXECUTOR[140160741271296] - 	--afl |load(p4_covar_w_shift_test1, '../p4test/p4_covar_w_shift_test1.txt')|
2011-10-08 02:21:18,612 INFO EXECUTOR[140160741271296] - 	--afl |load(p4_covar_w_shift_test2, '../p4test/p4_covar_w_shift_test2.txt')|
2011-10-08 02:21:18,612 INFO EXECUTOR[140160741271296] - 	--afl |load(p4_covar_w_shift_test3, '../p4test/p4_covar_w_shift_test3.txt')|
2011-10-08 02:21:18,612 INFO EXECUTOR[140160741271296] - 	--afl |load(p4_covar_w_shift_test4, '../p4test/p4_covar_w_shift_test4.txt')|
2011-10-08 02:21:18,612 INFO EXECUTOR[140160741271296] - --test ||
2011-10-08 02:21:18,612 INFO EXECUTOR[140160741271296] - 	--afl |covar(dense,dense)|
2011-10-08 02:21:18,612 INFO EXECUTOR[140160741271296] - 	--afl |covariance(dense,dense)|
2011-10-08 02:21:18,612 INFO EXECUTOR[140160741271296] - 	--afl |covariance(dense,dense, false)|
2011-10-08 02:21:18,612 INFO EXECUTOR[140160741271296] - 	--afl |covariance(p4_covar_wo_shift_test1,p4_covar_wo_shift_test1,false)|
2011-10-08 02:21:18,612 INFO EXECUTOR[140160741271296] - 	--afl |covariance(p4_covar_wo_shift_test2,p4_covar_wo_shift_test2,false)|
2011-10-08 02:21:18,612 INFO EXECUTOR[140160741271296] - 	--afl |covariance(p4_covar_wo_shift_test3,p4_covar_wo_shift_test3,false)|
2011-10-08 02:21:18,612 INFO EXECUTOR[140160741271296] - 	--afl |covariance(p4_covar_wo_shift_test4,p4_covar_wo_shift_test4,false)|
2011-10-08 02:21:18,613 INFO EXECUTOR[140160741271296] - 	--afl |covariance(p4_covar_wo_shift_test5,p4_covar_wo_shift_test5,false)|
2011-10-08 02:21:18,613 INFO EXECUTOR[140160741271296] - 	--afl |covariance(p4_covar_wo_shift_test6,p4_covar_wo_shift_test6,false)|
2011-10-08 02:21:18,613 INFO EXECUTOR[140160741271296] - 	--afl |covariance(dense,dense, true)|
2011-10-08 02:21:18,613 INFO EXECUTOR[140160741271296] - 	--afl |covariance(p4_covar_w_shift_test1,p4_covar_w_shift_test1,true)|
2011-10-08 02:21:18,613 INFO EXECUTOR[140160741271296] - 	--afl |covariance(p4_covar_w_shift_test2,p4_covar_w_shift_test2,true)|
2011-10-08 02:21:18,613 INFO EXECUTOR[140160741271296] - 	--afl |covariance(p4_covar_w_shift_test3,p4_covar_w_shift_test3,true)|
2011-10-08 02:21:18,613 INFO EXECUTOR[140160741271296] - 	--afl |covariance(p4_covar_w_shift_test4,p4_covar_w_shift_test4,true)|
2011-10-08 02:21:18,613 INFO EXECUTOR[140160741271296] - 	--afl |covariance(p4_covar_wo_shift_test6,p4_covar_wo_shift_test6,true)|
2011-10-08 02:21:18,613 INFO EXECUTOR[140160741271296] - 	--afl |covar(dense,dense, false)|
2011-10-08 02:21:18,613 INFO EXECUTOR[140160741271296] - 	--afl |covar(p4_covar_wo_shift_test1,p4_covar_wo_shift_test1,false)|
2011-10-08 02:21:18,613 INFO EXECUTOR[140160741271296] - 	--afl |covar(p4_covar_wo_shift_test2,p4_covar_wo_shift_test2,false)|
2011-10-08 02:21:18,613 INFO EXECUTOR[140160741271296] - 	--afl |covar(p4_covar_wo_shift_test3,p4_covar_wo_shift_test3,false)|
2011-10-08 02:21:18,613 INFO EXECUTOR[140160741271296] - 	--afl |covar(p4_covar_wo_shift_test4,p4_covar_wo_shift_test4,false)|
2011-10-08 02:21:18,613 INFO EXECUTOR[140160741271296] - 	--afl |covar(p4_covar_wo_shift_test5,p4_covar_wo_shift_test5,false)|
2011-10-08 02:21:18,613 INFO EXECUTOR[140160741271296] - 	--afl |covar(p4_covar_wo_shift_test6,p4_covar_wo_shift_test6,false)|
2011-10-08 02:21:18,613 INFO EXECUTOR[140160741271296] - 	--afl |covar(dense,dense, true)|
2011-10-08 02:21:18,613 INFO EXECUTOR[140160741271296] - 	--afl |covar(p4_covar_w_shift_test1,p4_covar_w_shift_test1,true)|
2011-10-08 02:21:18,613 INFO EXECUTOR[140160741271296] - 	--afl |covar(p4_covar_w_shift_test2,p4_covar_w_shift_test2,true)|
2011-10-08 02:21:18,613 INFO EXECUTOR[140160741271296] - 	--afl |covar(p4_covar_w_shift_test3,p4_covar_w_shift_test3,true)|
2011-10-08 02:21:18,613 INFO EXECUTOR[140160741271296] - 	--afl |covar(p4_covar_w_shift_test4,p4_covar_w_shift_test4,true)|
2011-10-08 02:21:18,613 INFO EXECUTOR[140160741271296] - 	--afl |covar(p4_covar_wo_shift_test6,p4_covar_wo_shift_test6,true)|
2011-10-08 02:21:18,613 INFO EXECUTOR[140160741271296] - --cleanup ||
2011-10-08 02:21:18,613 INFO EXECUTOR[140160741271296] - 	--afl |remove(dense)|
2011-10-08 02:21:18,613 INFO EXECUTOR[140160741271296] - 	--afl |remove(p4_covar_wo_shift_test1)|
2011-10-08 02:21:18,613 INFO EXECUTOR[140160741271296] - 	--afl |remove(p4_covar_wo_shift_test2)|
2011-10-08 02:21:18,613 INFO EXECUTOR[140160741271296] - 	--afl |remove(p4_covar_wo_shift_test3)|
2011-10-08 02:21:18,613 INFO EXECUTOR[140160741271296] - 	--afl |remove(p4_covar_wo_shift_test4)|
2011-10-08 02:21:18,613 INFO EXECUTOR[140160741271296] - 	--afl |remove(p4_covar_wo_shift_test5)|
2011-10-08 02:21:18,613 INFO EXECUTOR[140160741271296] - 	--afl |remove(p4_covar_wo_shift_test6)|
2011-10-08 02:21:18,613 INFO EXECUTOR[140160741271296] - 	--afl |remove(p4_covar_w_shift_test1)|
2011-10-08 02:21:18,613 INFO EXECUTOR[140160741271296] - 	--afl |remove(p4_covar_w_shift_test2)|
2011-10-08 02:21:18,613 INFO EXECUTOR[140160741271296] - 	--afl |remove(p4_covar_w_shift_test3)|
2011-10-08 02:21:18,613 INFO EXECUTOR[140160741271296] - 	--afl |remove(p4_covar_w_shift_test4)|
2011-10-08 02:21:18,613 INFO EXECUTOR[140160741271296] - Done Printing Parsed Vector... 
2011-10-08 02:21:18,613 INFO EXECUTOR[140160741271296] - Starting executing the test case ...
2011-10-08 02:21:18,613 INFO EXECUTOR[140160741271296] - No [preSetup] commands found.
2011-10-08 02:21:18,613 INFO EXECUTOR[140160741271296] - Executing [SETUP] section.
2011-10-08 02:21:18,613 INFO EXECUTOR[140160741271296] - Executing Command --setup
2011-10-08 02:21:18,613 INFO EXECUTOR[140160741271296] - Executing Command --afl
2011-10-08 02:21:18,613 INFO EXECUTOR[140160741271296] - Executing query : <CREATE IMMUTABLE ARRAY dense <a: double > [x=0:5,3,0, y=0:5,3,0]>
2011-10-08 02:21:18,618 INFO EXECUTOR[140160741271296] - Executing Command --afl
2011-10-08 02:21:18,618 INFO EXECUTOR[140160741271296] - Executing query : <CREATE ARRAY p4_covar_wo_shift_test1 <a:double> [x=0:19,4,0, y=0:5,2,0]>
2011-10-08 02:21:18,622 INFO EXECUTOR[140160741271296] - Executing Command --afl
2011-10-08 02:21:18,622 INFO EXECUTOR[140160741271296] - Executing query : <CREATE ARRAY p4_covar_wo_shift_test2 <a:double> [x=0:4,5,0, y=0:9,5,0]>
2011-10-08 02:21:18,626 INFO EXECUTOR[140160741271296] - Executing Command --afl
2011-10-08 02:21:18,626 INFO EXECUTOR[140160741271296] - Executing query : <CREATE ARRAY p4_covar_wo_shift_test3 <a:double> [x=0:4,5,0, y=0:11,4,0]>
2011-10-08 02:21:18,631 INFO EXECUTOR[140160741271296] - Executing Command --afl
2011-10-08 02:21:18,631 INFO EXECUTOR[140160741271296] - Executing query : <CREATE ARRAY p4_covar_wo_shift_test4 <a:double> [x=0:9,2,0, y=0:9,5,0]>
2011-10-08 02:21:18,635 INFO EXECUTOR[140160741271296] - Executing Command --afl
2011-10-08 02:21:18,635 INFO EXECUTOR[140160741271296] - Executing query : <CREATE ARRAY p4_covar_wo_shift_test5 <a:double> [x=0:19,5,0, y=0:7,2,0]>
2011-10-08 02:21:18,641 INFO EXECUTOR[140160741271296] - Executing Command --afl
2011-10-08 02:21:18,641 INFO EXECUTOR[140160741271296] - Executing query : <CREATE ARRAY p4_covar_wo_shift_test6 <a:double> [x=1:10,10,0, y=1:10,10,0]>
2011-10-08 02:21:18,645 INFO EXECUTOR[140160741271296] - Executing Command --afl
2011-10-08 02:21:18,645 INFO EXECUTOR[140160741271296] - Executing query : <CREATE ARRAY p4_covar_w_shift_test1 <a:double> [x=0:10,1,0, y=0:10,11,0]>
2011-10-08 02:21:18,669 INFO EXECUTOR[140160741271296] - Executing Command --afl
2011-10-08 02:21:18,669 INFO EXECUTOR[140160741271296] - Executing query : <CREATE ARRAY p4_covar_w_shift_test2 <a:double> [x=0:5,2,0, y=0:11,4,0]>
2011-10-08 02:21:18,673 INFO EXECUTOR[140160741271296] - Executing Command --afl
2011-10-08 02:21:18,674 INFO EXECUTOR[140160741271296] - Executing query : <CREATE ARRAY p4_covar_w_shift_test3 <a:double> [x=0:11,3,0, y=0:5,3,0]>
2011-10-08 02:21:18,690 INFO EXECUTOR[140160741271296] - Executing Command --afl
2011-10-08 02:21:18,690 INFO EXECUTOR[140160741271296] - Executing query : <CREATE ARRAY p4_covar_w_shift_test4 <a:double> [x=0:19,5,0, y=0:7,2,0]>
2011-10-08 02:21:18,694 INFO EXECUTOR[140160741271296] - Executing Command --afl
2011-10-08 02:21:18,694 INFO EXECUTOR[140160741271296] - Executing query : <load(dense, '../p4test/dense.txt')>
2011-10-08 02:21:18,713 INFO EXECUTOR[140160741271296] - Executing Command --afl
2011-10-08 02:21:18,713 INFO EXECUTOR[140160741271296] - Executing query : <load(p4_covar_wo_shift_test1, '../p4test/p4_covar_wo_shift_test1.txt')>
2011-10-08 02:21:18,768 INFO EXECUTOR[140160741271296] - Executing Command --afl
2011-10-08 02:21:18,769 INFO EXECUTOR[140160741271296] - Executing query : <load(p4_covar_wo_shift_test2, '../p4test/p4_covar_wo_shift_test2.txt')>
2011-10-08 02:21:18,819 INFO EXECUTOR[140160741271296] - Executing Command --afl
2011-10-08 02:21:18,819 INFO EXECUTOR[140160741271296] - Executing query : <load(p4_covar_wo_shift_test3, '../p4test/p4_covar_wo_shift_test3.txt')>
2011-10-08 02:21:18,852 INFO EXECUTOR[140160741271296] - Executing Command --afl
2011-10-08 02:21:18,852 INFO EXECUTOR[140160741271296] - Executing query : <load(p4_covar_wo_shift_test4, '../p4test/p4_covar_wo_shift_test4.txt')>
2011-10-08 02:21:18,919 INFO EXECUTOR[140160741271296] - Executing Command --afl
2011-10-08 02:21:18,919 INFO EXECUTOR[140160741271296] - Executing query : <load(p4_covar_wo_shift_test5, '../p4test/p4_covar_wo_shift_test5.txt')>
2011-10-08 02:21:18,993 INFO EXECUTOR[140160741271296] - Executing Command --afl
2011-10-08 02:21:18,993 INFO EXECUTOR[140160741271296] - Executing query : <load(p4_covar_wo_shift_test6, '../p4test/p4_covar_wo_shift_test6.txt')>
2011-10-08 02:21:19,024 INFO EXECUTOR[140160741271296] - Executing Command --afl
2011-10-08 02:21:19,024 INFO EXECUTOR[140160741271296] - Executing query : <load(p4_covar_w_shift_test1, '../p4test/p4_covar_w_shift_test1.txt')>
2011-10-08 02:21:19,107 INFO EXECUTOR[140160741271296] - Executing Command --afl
2011-10-08 02:21:19,107 INFO EXECUTOR[140160741271296] - Executing query : <load(p4_covar_w_shift_test2, '../p4test/p4_covar_w_shift_test2.txt')>
2011-10-08 02:21:19,165 INFO EXECUTOR[140160741271296] - Executing Command --afl
2011-10-08 02:21:19,165 INFO EXECUTOR[140160741271296] - Executing query : <load(p4_covar_w_shift_test3, '../p4test/p4_covar_w_shift_test3.txt')>
2011-10-08 02:21:19,235 INFO EXECUTOR[140160741271296] - Executing Command --afl
2011-10-08 02:21:19,235 INFO EXECUTOR[140160741271296] - Executing query : <load(p4_covar_w_shift_test4, '../p4test/p4_covar_w_shift_test4.txt')>
2011-10-08 02:21:19,348 INFO EXECUTOR[140160741271296] - Executing [TEST] section.
2011-10-08 02:21:19,348 INFO EXECUTOR[140160741271296] - Executing Command --test
2011-10-08 02:21:19,348 INFO EXECUTOR[140160741271296] - Executing Command --afl
2011-10-08 02:21:19,348 INFO EXECUTOR[140160741271296] - Executing query : <covar(dense,dense)>
2011-10-08 02:21:19,357 INFO EXECUTOR[140160741271296] - Executing Command --afl
2011-10-08 02:21:19,357 INFO EXECUTOR[140160741271296] - Executing query : <covariance(dense,dense)>
2011-10-08 02:21:19,366 INFO EXECUTOR[140160741271296] - Executing Command --afl
2011-10-08 02:21:19,366 INFO EXECUTOR[140160741271296] - Executing query : <covariance(dense,dense, false)>
2011-10-08 02:21:19,386 INFO EXECUTOR[140160741271296] - Executing Command --afl
2011-10-08 02:21:19,386 INFO EXECUTOR[140160741271296] - Executing query : <covariance(p4_covar_wo_shift_test1,p4_covar_wo_shift_test1,false)>
2011-10-08 02:21:19,397 INFO EXECUTOR[140160741271296] - Executing Command --afl
2011-10-08 02:21:19,397 INFO EXECUTOR[140160741271296] - Executing query : <covariance(p4_covar_wo_shift_test2,p4_covar_wo_shift_test2,false)>
2011-10-08 02:21:19,406 INFO EXECUTOR[140160741271296] - Executing Command --afl
2011-10-08 02:21:19,406 INFO EXECUTOR[140160741271296] - Executing query : <covariance(p4_covar_wo_shift_test3,p4_covar_wo_shift_test3,false)>
2011-10-08 02:21:19,416 INFO EXECUTOR[140160741271296] - Executing Command --afl
2011-10-08 02:21:19,416 INFO EXECUTOR[140160741271296] - Executing query : <covariance(p4_covar_wo_shift_test4,p4_covar_wo_shift_test4,false)>
2011-10-08 02:21:19,425 INFO EXECUTOR[140160741271296] - Executing Command --afl
2011-10-08 02:21:19,425 INFO EXECUTOR[140160741271296] - Executing query : <covariance(p4_covar_wo_shift_test5,p4_covar_wo_shift_test5,false)>
2011-10-08 02:21:19,436 INFO EXECUTOR[140160741271296] - Executing Command --afl
2011-10-08 02:21:19,436 INFO EXECUTOR[140160741271296] - Executing query : <covariance(p4_covar_wo_shift_test6,p4_covar_wo_shift_test6,false)>
2011-10-08 02:21:19,444 INFO EXECUTOR[140160741271296] - Executing Command --afl
2011-10-08 02:21:19,444 INFO EXECUTOR[140160741271296] - Executing query : <covariance(dense,dense, true)>
2011-10-08 02:21:19,453 INFO EXECUTOR[140160741271296] - Executing Command --afl
2011-10-08 02:21:19,453 INFO EXECUTOR[140160741271296] - Executing query : <covariance(p4_covar_w_shift_test1,p4_covar_w_shift_test1,true)>
2011-10-08 02:21:19,463 INFO EXECUTOR[140160741271296] - Executing Command --afl
2011-10-08 02:21:19,463 INFO EXECUTOR[140160741271296] - Executing query : <covariance(p4_covar_w_shift_test2,p4_covar_w_shift_test2,true)>
2011-10-08 02:21:19,496 INFO EXECUTOR[140160741271296] - Executing Command --afl
2011-10-08 02:21:19,496 INFO EXECUTOR[140160741271296] - Executing query : <covariance(p4_covar_w_shift_test3,p4_covar_w_shift_test3,true)>
2011-10-08 02:21:19,508 INFO EXECUTOR[140160741271296] - Executing Command --afl
2011-10-08 02:21:19,508 INFO EXECUTOR[140160741271296] - Executing query : <covariance(p4_covar_w_shift_test4,p4_covar_w_shift_test4,true)>
2011-10-08 02:21:19,524 INFO EXECUTOR[140160741271296] - Executing Command --afl
2011-10-08 02:21:19,524 INFO EXECUTOR[140160741271296] - Executing query : <covariance(p4_covar_wo_shift_test6,p4_covar_wo_shift_test6,true)>
2011-10-08 02:21:19,534 INFO EXECUTOR[140160741271296] - Executing Command --afl
2011-10-08 02:21:19,534 INFO EXECUTOR[140160741271296] - Executing query : <covar(dense,dense, false)>
2011-10-08 02:21:19,540 INFO EXECUTOR[140160741271296] - Executing Command --afl
2011-10-08 02:21:19,540 INFO EXECUTOR[140160741271296] - Executing query : <covar(p4_covar_wo_shift_test1,p4_covar_wo_shift_test1,false)>
2011-10-08 02:21:19,550 INFO EXECUTOR[140160741271296] - Executing Command --afl
2011-10-08 02:21:19,550 INFO EXECUTOR[140160741271296] - Executing query : <covar(p4_covar_wo_shift_test2,p4_covar_wo_shift_test2,false)>
2011-10-08 02:21:19,558 INFO EXECUTOR[140160741271296] - Executing Command --afl
2011-10-08 02:21:19,558 INFO EXECUTOR[140160741271296] - Executing query : <covar(p4_covar_wo_shift_test3,p4_covar_wo_shift_test3,false)>
2011-10-08 02:21:19,569 INFO EXECUTOR[140160741271296] - Executing Command --afl
2011-10-08 02:21:19,569 INFO EXECUTOR[140160741271296] - Executing query : <covar(p4_covar_wo_shift_test4,p4_covar_wo_shift_test4,false)>
2011-10-08 02:21:19,590 INFO EXECUTOR[140160741271296] - Executing Command --afl
2011-10-08 02:21:19,590 INFO EXECUTOR[140160741271296] - Executing query : <covar(p4_covar_wo_shift_test5,p4_covar_wo_shift_test5,false)>
2011-10-08 02:21:19,611 INFO EXECUTOR[140160741271296] - Executing Command --afl
2011-10-08 02:21:19,611 INFO EXECUTOR[140160741271296] - Executing query : <covar(p4_covar_wo_shift_test6,p4_covar_wo_shift_test6,false)>
2011-10-08 02:21:19,619 INFO EXECUTOR[140160741271296] - Executing Command --afl
2011-10-08 02:21:19,619 INFO EXECUTOR[140160741271296] - Executing query : <covar(dense,dense, true)>
2011-10-08 02:21:19,625 INFO EXECUTOR[140160741271296] - Executing Command --afl
2011-10-08 02:21:19,625 INFO EXECUTOR[140160741271296] - Executing query : <covar(p4_covar_w_shift_test1,p4_covar_w_shift_test1,true)>
2011-10-08 02:21:19,634 INFO EXECUTOR[140160741271296] - Executing Command --afl
2011-10-08 02:21:19,634 INFO EXECUTOR[140160741271296] - Executing query : <covar(p4_covar_w_shift_test2,p4_covar_w_shift_test2,true)>
2011-10-08 02:21:19,663 INFO EXECUTOR[140160741271296] - Executing Command --afl
2011-10-08 02:21:19,663 INFO EXECUTOR[140160741271296] - Executing query : <covar(p4_covar_w_shift_test3,p4_covar_w_shift_test3,true)>
2011-10-08 02:21:19,672 INFO EXECUTOR[140160741271296] - Executing Command --afl
2011-10-08 02:21:19,672 INFO EXECUTOR[140160741271296] - Executing query : <covar(p4_covar_w_shift_test4,p4_covar_w_shift_test4,true)>
2011-10-08 02:21:19,682 INFO EXECUTOR[140160741271296] - Executing Command --afl
2011-10-08 02:21:19,682 INFO EXECUTOR[140160741271296] - Executing query : <covar(p4_covar_wo_shift_test6,p4_covar_wo_shift_test6,true)>
2011-10-08 02:21:19,692 INFO EXECUTOR[140160741271296] - Executing [CLEANUP] section.
2011-10-08 02:21:19,692 INFO EXECUTOR[140160741271296] - Executing Command --cleanup
2011-10-08 02:21:19,692 INFO EXECUTOR[140160741271296] - Executing Command --afl
2011-10-08 02:21:19,692 INFO EXECUTOR[140160741271296] - Executing query : <remove(dense)>
2011-10-08 02:21:19,712 INFO EXECUTOR[140160741271296] - Executing Command --afl
2011-10-08 02:21:19,712 INFO EXECUTOR[140160741271296] - Executing query : <remove(p4_covar_wo_shift_test1)>
2011-10-08 02:21:19,756 INFO EXECUTOR[140160741271296] - Executing Command --afl
2011-10-08 02:21:19,756 INFO EXECUTOR[140160741271296] - Executing query : <remove(p4_covar_wo_shift_test2)>
2011-10-08 02:21:19,778 INFO EXECUTOR[140160741271296] - Executing Command --afl
2011-10-08 02:21:19,778 INFO EXECUTOR[140160741271296] - Executing query : <remove(p4_covar_wo_shift_test3)>
2011-10-08 02:21:19,798 INFO EXECUTOR[140160741271296] - Executing Command --afl
2011-10-08 02:21:19,798 INFO EXECUTOR[140160741271296] - Executing query : <remove(p4_covar_wo_shift_test4)>
2011-10-08 02:21:19,826 INFO EXECUTOR[140160741271296] - Executing Command --afl
2011-10-08 02:21:19,826 INFO EXECUTOR[140160741271296] - Executing query : <remove(p4_covar_wo_shift_test5)>
2011-10-08 02:21:19,843 INFO EXECUTOR[140160741271296] - Executing Command --afl
2011-10-08 02:21:19,843 INFO EXECUTOR[140160741271296] - Executing query : <remove(p4_covar_wo_shift_test6)>
2011-10-08 02:21:19,859 INFO EXECUTOR[140160741271296] - Executing Command --afl
2011-10-08 02:21:19,859 INFO EXECUTOR[140160741271296] - Executing query : <remove(p4_covar_w_shift_test1)>
2011-10-08 02:21:19,889 INFO EXECUTOR[140160741271296] - Executing Command --afl
2011-10-08 02:21:19,889 INFO EXECUTOR[140160741271296] - Executing query : <remove(p4_covar_w_shift_test2)>
2011-10-08 02:21:19,911 INFO EXECUTOR[140160741271296] - Executing Command --afl
2011-10-08 02:21:19,911 INFO EXECUTOR[140160741271296] - Executing query : <remove(p4_covar_w_shift_test3)>
2011-10-08 02:21:19,921 INFO EXECUTOR[140160741271296] - Executing Command --afl
2011-10-08 02:21:19,921 INFO EXECUTOR[140160741271296] - Executing query : <remove(p4_covar_w_shift_test4)>
2011-10-08 02:21:19,929 INFO EXECUTOR[140160741271296] - Done executing the test case ...
2011-10-08 02:21:19,929 INFO EXECUTOR[140160741271296] - EXECUTOR returning SUCCESS to the caller.
