2011-10-08 02:21:19,946 INFO EXECUTOR[140160741271296] - logger SYSTEM ENABLED
2011-10-08 02:21:19,946 INFO EXECUTOR[140160741271296] - Parsing test case file : /build/p4-trunk/p4trunk/test/linear_algebra_tests/testcases/t/la_euclidean.test
2011-10-08 02:21:19,946 INFO EXECUTOR[140160741271296] - found SETUP section.
2011-10-08 02:21:19,946 INFO EXECUTOR[140160741271296] - found TEST section.
2011-10-08 02:21:19,946 INFO EXECUTOR[140160741271296] - found CLEANUP section.
2011-10-08 02:21:19,946 INFO EXECUTOR[140160741271296] - Done Parsing test case file...
2011-10-08 02:21:19,946 INFO EXECUTOR[140160741271296] - Printing Parsed Vector : 
2011-10-08 02:21:19,946 INFO EXECUTOR[140160741271296] - --setup ||
2011-10-08 02:21:19,946 INFO EXECUTOR[140160741271296] - 	--afl |CREATE ARRAY p4_euclidean_test1 <a:double> [x=0:9,10,0, y=0:9,10,0]|
2011-10-08 02:21:19,946 INFO EXECUTOR[140160741271296] - 	--afl |CREATE ARRAY p4_euclidean_test2 <a:double> [x=0:14,5,0, y=0:5,3,0]|
2011-10-08 02:21:19,946 INFO EXECUTOR[140160741271296] - 	--afl |CREATE ARRAY p4_euclidean_test3 <a:double> [x=0:15,4,0, y=0:7,8,0]|
2011-10-08 02:21:19,946 INFO EXECUTOR[140160741271296] - 	--afl |CREATE ARRAY p4_euclidean_test4 <a:double> [x=0:5,2,0, y=0:14,3,0]|
2011-10-08 02:21:19,946 INFO EXECUTOR[140160741271296] - 	--afl |CREATE ARRAY p4_euclidean_test5 <a:double> [x=0:7,2,0, y=0:15,4,0]|
2011-10-08 02:21:19,946 INFO EXECUTOR[140160741271296] - 	--afl |load(p4_euclidean_test1, '../p4test/p4_euclidean_test1.txt')|
2011-10-08 02:21:19,946 INFO EXECUTOR[140160741271296] - 	--afl |load(p4_euclidean_test2, '../p4test/p4_euclidean_test2.txt')|
2011-10-08 02:21:19,946 INFO EXECUTOR[140160741271296] - 	--afl |load(p4_euclidean_test3, '../p4test/p4_euclidean_test3.txt')|
2011-10-08 02:21:19,946 INFO EXECUTOR[140160741271296] - 	--afl |load(p4_euclidean_test4, '../p4test/p4_euclidean_test4.txt')|
2011-10-08 02:21:19,947 INFO EXECUTOR[140160741271296] - --test ||
2011-10-08 02:21:19,947 INFO EXECUTOR[140160741271296] - 	--afl |euclidean(p4_euclidean_test1,p4_euclidean_test1)|
2011-10-08 02:21:19,947 INFO EXECUTOR[140160741271296] - 	--afl |euclidean(p4_euclidean_test2,p4_euclidean_test2)|
2011-10-08 02:21:19,947 INFO EXECUTOR[140160741271296] - 	--afl |euclidean(p4_euclidean_test3,p4_euclidean_test3)|
2011-10-08 02:21:19,947 INFO EXECUTOR[140160741271296] - 	--afl |euclidean(p4_euclidean_test4,p4_euclidean_test4)|
2011-10-08 02:21:19,947 INFO EXECUTOR[140160741271296] - 	--afl |euclidean(p4_euclidean_test5,p4_euclidean_test5)|
2011-10-08 02:21:19,947 INFO EXECUTOR[140160741271296] - --cleanup ||
2011-10-08 02:21:19,947 INFO EXECUTOR[140160741271296] - 	--afl |remove(p4_euclidean_test1)|
2011-10-08 02:21:19,947 INFO EXECUTOR[140160741271296] - 	--afl |remove(p4_euclidean_test2)|
2011-10-08 02:21:19,947 INFO EXECUTOR[140160741271296] - 	--afl |remove(p4_euclidean_test3)|
2011-10-08 02:21:19,947 INFO EXECUTOR[140160741271296] - 	--afl |remove(p4_euclidean_test4)|
2011-10-08 02:21:19,947 INFO EXECUTOR[140160741271296] - 	--afl |remove(p4_euclidean_test5)|
2011-10-08 02:21:19,947 INFO EXECUTOR[140160741271296] - Done Printing Parsed Vector... 
2011-10-08 02:21:19,947 INFO EXECUTOR[140160741271296] - Starting executing the test case ...
2011-10-08 02:21:19,947 INFO EXECUTOR[140160741271296] - No [preSetup] commands found.
2011-10-08 02:21:19,947 INFO EXECUTOR[140160741271296] - Executing [SETUP] section.
2011-10-08 02:21:19,947 INFO EXECUTOR[140160741271296] - Executing Command --setup
2011-10-08 02:21:19,947 INFO EXECUTOR[140160741271296] - Executing Command --afl
2011-10-08 02:21:19,947 INFO EXECUTOR[140160741271296] - Executing query : <CREATE ARRAY p4_euclidean_test1 <a:double> [x=0:9,10,0, y=0:9,10,0]>
2011-10-08 02:21:19,952 INFO EXECUTOR[140160741271296] - Executing Command --afl
2011-10-08 02:21:19,952 INFO EXECUTOR[140160741271296] - Executing query : <CREATE ARRAY p4_euclidean_test2 <a:double> [x=0:14,5,0, y=0:5,3,0]>
2011-10-08 02:21:19,956 INFO EXECUTOR[140160741271296] - Executing Command --afl
2011-10-08 02:21:19,956 INFO EXECUTOR[140160741271296] - Executing query : <CREATE ARRAY p4_euclidean_test3 <a:double> [x=0:15,4,0, y=0:7,8,0]>
2011-10-08 02:21:19,960 INFO EXECUTOR[140160741271296] - Executing Command --afl
2011-10-08 02:21:19,960 INFO EXECUTOR[140160741271296] - Executing query : <CREATE ARRAY p4_euclidean_test4 <a:double> [x=0:5,2,0, y=0:14,3,0]>
2011-10-08 02:21:19,964 INFO EXECUTOR[140160741271296] - Executing Command --afl
2011-10-08 02:21:19,964 INFO EXECUTOR[140160741271296] - Executing query : <CREATE ARRAY p4_euclidean_test5 <a:double> [x=0:7,2,0, y=0:15,4,0]>
2011-10-08 02:21:19,971 INFO EXECUTOR[140160741271296] - Executing Command --afl
2011-10-08 02:21:19,971 INFO EXECUTOR[140160741271296] - Executing query : <load(p4_euclidean_test1, '../p4test/p4_euclidean_test1.txt')>
2011-10-08 02:21:20,006 INFO EXECUTOR[140160741271296] - Executing Command --afl
2011-10-08 02:21:20,006 INFO EXECUTOR[140160741271296] - Executing query : <load(p4_euclidean_test2, '../p4test/p4_euclidean_test2.txt')>
2011-10-08 02:21:20,047 INFO EXECUTOR[140160741271296] - Executing Command --afl
2011-10-08 02:21:20,047 INFO EXECUTOR[140160741271296] - Executing query : <load(p4_euclidean_test3, '../p4test/p4_euclidean_test3.txt')>
2011-10-08 02:21:20,082 INFO EXECUTOR[140160741271296] - Executing Command --afl
2011-10-08 02:21:20,082 INFO EXECUTOR[140160741271296] - Executing query : <load(p4_euclidean_test4, '../p4test/p4_euclidean_test4.txt')>
2011-10-08 02:21:20,137 INFO EXECUTOR[140160741271296] - Executing [TEST] section.
2011-10-08 02:21:20,137 INFO EXECUTOR[140160741271296] - Executing Command --test
2011-10-08 02:21:20,137 INFO EXECUTOR[140160741271296] - Executing Command --afl
2011-10-08 02:21:20,137 INFO EXECUTOR[140160741271296] - Executing query : <euclidean(p4_euclidean_test1,p4_euclidean_test1)>
2011-10-08 02:21:20,165 INFO EXECUTOR[140160741271296] - Executing Command --afl
2011-10-08 02:21:20,165 INFO EXECUTOR[140160741271296] - Executing query : <euclidean(p4_euclidean_test2,p4_euclidean_test2)>
2011-10-08 02:21:20,189 INFO EXECUTOR[140160741271296] - Executing Command --afl
2011-10-08 02:21:20,189 INFO EXECUTOR[140160741271296] - Executing query : <euclidean(p4_euclidean_test3,p4_euclidean_test3)>
2011-10-08 02:21:20,199 INFO EXECUTOR[140160741271296] - Executing Command --afl
2011-10-08 02:21:20,199 INFO EXECUTOR[140160741271296] - Executing query : <euclidean(p4_euclidean_test4,p4_euclidean_test4)>
2011-10-08 02:21:20,228 INFO EXECUTOR[140160741271296] - Executing Command --afl
2011-10-08 02:21:20,228 INFO EXECUTOR[140160741271296] - Executing query : <euclidean(p4_euclidean_test5,p4_euclidean_test5)>
2011-10-08 02:21:20,252 INFO EXECUTOR[140160741271296] - Executing [CLEANUP] section.
2011-10-08 02:21:20,252 INFO EXECUTOR[140160741271296] - Executing Command --cleanup
2011-10-08 02:21:20,252 INFO EXECUTOR[140160741271296] - Executing Command --afl
2011-10-08 02:21:20,252 INFO EXECUTOR[140160741271296] - Executing query : <remove(p4_euclidean_test1)>
2011-10-08 02:21:20,266 INFO EXECUTOR[140160741271296] - Executing Command --afl
2011-10-08 02:21:20,266 INFO EXECUTOR[140160741271296] - Executing query : <remove(p4_euclidean_test2)>
2011-10-08 02:21:20,280 INFO EXECUTOR[140160741271296] - Executing Command --afl
2011-10-08 02:21:20,280 INFO EXECUTOR[140160741271296] - Executing query : <remove(p4_euclidean_test3)>
2011-10-08 02:21:20,291 INFO EXECUTOR[140160741271296] - Executing Command --afl
2011-10-08 02:21:20,291 INFO EXECUTOR[140160741271296] - Executing query : <remove(p4_euclidean_test4)>
2011-10-08 02:21:20,311 INFO EXECUTOR[140160741271296] - Executing Command --afl
2011-10-08 02:21:20,311 INFO EXECUTOR[140160741271296] - Executing query : <remove(p4_euclidean_test5)>
2011-10-08 02:21:20,316 INFO EXECUTOR[140160741271296] - Done executing the test case ...
2011-10-08 02:21:20,316 INFO EXECUTOR[140160741271296] - EXECUTOR returning SUCCESS to the caller.
