2011-10-08 02:21:20,324 INFO EXECUTOR[140160741271296] - logger SYSTEM ENABLED
2011-10-08 02:21:20,324 INFO EXECUTOR[140160741271296] - Parsing test case file : /build/p4-trunk/p4trunk/test/linear_algebra_tests/testcases/t/la_kendall.test
2011-10-08 02:21:20,324 INFO EXECUTOR[140160741271296] - found SETUP section.
2011-10-08 02:21:20,324 INFO EXECUTOR[140160741271296] - found TEST section.
2011-10-08 02:21:20,324 INFO EXECUTOR[140160741271296] - found CLEANUP section.
2011-10-08 02:21:20,324 INFO EXECUTOR[140160741271296] - Done Parsing test case file...
2011-10-08 02:21:20,324 INFO EXECUTOR[140160741271296] - Printing Parsed Vector : 
2011-10-08 02:21:20,324 INFO EXECUTOR[140160741271296] - --setup ||
2011-10-08 02:21:20,324 INFO EXECUTOR[140160741271296] - 	--afl |CREATE ARRAY p4_kendall_test1 <a:double> [x=0:7,4,0, y=0:7,2,0]|
2011-10-08 02:21:20,324 INFO EXECUTOR[140160741271296] - 	--afl |CREATE ARRAY p4_kendall_test2 <a:double> [x=0:5,3,0, y=0:9,5,0]|
2011-10-08 02:21:20,324 INFO EXECUTOR[140160741271296] - 	--afl |CREATE ARRAY p4_kendall_test3 <a:double> [x=0:9,2,0, y=0:5,2,0]|
2011-10-08 02:21:20,324 INFO EXECUTOR[140160741271296] - 	--afl |CREATE ARRAY p4_kendall_test4 <a:double> [x=0:5,2,0, y=0:14,5,0]|
2011-10-08 02:21:20,324 INFO EXECUTOR[140160741271296] - 	--afl |CREATE ARRAY p4_kendall_test5 <a:double> [x=0:7,8,0, y=0:15,2,0]|
2011-10-08 02:21:20,324 INFO EXECUTOR[140160741271296] - 	--afl |load(p4_kendall_test1, '../p4test/p4_kendall_test1.txt')|
2011-10-08 02:21:20,324 INFO EXECUTOR[140160741271296] - 	--afl |load(p4_kendall_test2, '../p4test/p4_kendall_test2.txt')|
2011-10-08 02:21:20,324 INFO EXECUTOR[140160741271296] - 	--afl |load(p4_kendall_test3, '../p4test/p4_kendall_test3.txt')|
2011-10-08 02:21:20,324 INFO EXECUTOR[140160741271296] - 	--afl |load(p4_kendall_test4, '../p4test/p4_kendall_test4.txt')|
2011-10-08 02:21:20,324 INFO EXECUTOR[140160741271296] - 	--afl |load(p4_kendall_test5, '../p4test/p4_kendall_test5.txt')|
2011-10-08 02:21:20,324 INFO EXECUTOR[140160741271296] - --test ||
2011-10-08 02:21:20,324 INFO EXECUTOR[140160741271296] - 	--afl |kendall(p4_kendall_test1,p4_kendall_test1)|
2011-10-08 02:21:20,324 INFO EXECUTOR[140160741271296] - 	--afl |kendall(p4_kendall_test2,p4_kendall_test2)|
2011-10-08 02:21:20,324 INFO EXECUTOR[140160741271296] - 	--afl |kendall(p4_kendall_test3,p4_kendall_test3)|
2011-10-08 02:21:20,324 INFO EXECUTOR[140160741271296] - 	--afl |kendall(p4_kendall_test4,p4_kendall_test4)|
2011-10-08 02:21:20,324 INFO EXECUTOR[140160741271296] - 	--afl |kendall(p4_kendall_test5,p4_kendall_test5)|
2011-10-08 02:21:20,324 INFO EXECUTOR[140160741271296] - --cleanup ||
2011-10-08 02:21:20,324 INFO EXECUTOR[140160741271296] - 	--afl |remove(p4_kendall_test1)|
2011-10-08 02:21:20,324 INFO EXECUTOR[140160741271296] - 	--afl |remove(p4_kendall_test2)|
2011-10-08 02:21:20,324 INFO EXECUTOR[140160741271296] - 	--afl |remove(p4_kendall_test3)|
2011-10-08 02:21:20,324 INFO EXECUTOR[140160741271296] - 	--afl |remove(p4_kendall_test4)|
2011-10-08 02:21:20,324 INFO EXECUTOR[140160741271296] - 	--afl |remove(p4_kendall_test5)|
2011-10-08 02:21:20,324 INFO EXECUTOR[140160741271296] - Done Printing Parsed Vector... 
2011-10-08 02:21:20,324 INFO EXECUTOR[140160741271296] - Starting executing the test case ...
2011-10-08 02:21:20,324 INFO EXECUTOR[140160741271296] - No [preSetup] commands found.
2011-10-08 02:21:20,324 INFO EXECUTOR[140160741271296] - Executing [SETUP] section.
2011-10-08 02:21:20,324 INFO EXECUTOR[140160741271296] - Executing Command --setup
2011-10-08 02:21:20,324 INFO EXECUTOR[140160741271296] - Executing Command --afl
2011-10-08 02:21:20,324 INFO EXECUTOR[140160741271296] - Executing query : <CREATE ARRAY p4_kendall_test1 <a:double> [x=0:7,4,0, y=0:7,2,0]>
2011-10-08 02:21:20,340 INFO EXECUTOR[140160741271296] - Executing Command --afl
2011-10-08 02:21:20,340 INFO EXECUTOR[140160741271296] - Executing query : <CREATE ARRAY p4_kendall_test2 <a:double> [x=0:5,3,0, y=0:9,5,0]>
2011-10-08 02:21:20,344 INFO EXECUTOR[140160741271296] - Executing Command --afl
2011-10-08 02:21:20,344 INFO EXECUTOR[140160741271296] - Executing query : <CREATE ARRAY p4_kendall_test3 <a:double> [x=0:9,2,0, y=0:5,2,0]>
2011-10-08 02:21:20,348 INFO EXECUTOR[140160741271296] - Executing Command --afl
2011-10-08 02:21:20,348 INFO EXECUTOR[140160741271296] - Executing query : <CREATE ARRAY p4_kendall_test4 <a:double> [x=0:5,2,0, y=0:14,5,0]>
2011-10-08 02:21:20,352 INFO EXECUTOR[140160741271296] - Executing Command --afl
2011-10-08 02:21:20,352 INFO EXECUTOR[140160741271296] - Executing query : <CREATE ARRAY p4_kendall_test5 <a:double> [x=0:7,8,0, y=0:15,2,0]>
2011-10-08 02:21:20,357 INFO EXECUTOR[140160741271296] - Executing Command --afl
2011-10-08 02:21:20,357 INFO EXECUTOR[140160741271296] - Executing query : <load(p4_kendall_test1, '../p4test/p4_kendall_test1.txt')>
2011-10-08 02:21:20,412 INFO EXECUTOR[140160741271296] - Executing Command --afl
2011-10-08 02:21:20,412 INFO EXECUTOR[140160741271296] - Executing query : <load(p4_kendall_test2, '../p4test/p4_kendall_test2.txt')>
2011-10-08 02:21:20,459 INFO EXECUTOR[140160741271296] - Executing Command --afl
2011-10-08 02:21:20,459 INFO EXECUTOR[140160741271296] - Executing query : <load(p4_kendall_test3, '../p4test/p4_kendall_test3.txt')>
2011-10-08 02:21:20,532 INFO EXECUTOR[140160741271296] - Executing Command --afl
2011-10-08 02:21:20,532 INFO EXECUTOR[140160741271296] - Executing query : <load(p4_kendall_test4, '../p4test/p4_kendall_test4.txt')>
2011-10-08 02:21:20,596 INFO EXECUTOR[140160741271296] - Executing Command --afl
2011-10-08 02:21:20,596 INFO EXECUTOR[140160741271296] - Executing query : <load(p4_kendall_test5, '../p4test/p4_kendall_test5.txt')>
2011-10-08 02:21:20,639 INFO EXECUTOR[140160741271296] - Executing [TEST] section.
2011-10-08 02:21:20,639 INFO EXECUTOR[140160741271296] - Executing Command --test
2011-10-08 02:21:20,639 INFO EXECUTOR[140160741271296] - Executing Command --afl
2011-10-08 02:21:20,639 INFO EXECUTOR[140160741271296] - Executing query : <kendall(p4_kendall_test1,p4_kendall_test1)>
2011-10-08 02:21:20,651 INFO EXECUTOR[140160741271296] - Executing Command --afl
2011-10-08 02:21:20,651 INFO EXECUTOR[140160741271296] - Executing query : <kendall(p4_kendall_test2,p4_kendall_test2)>
2011-10-08 02:21:20,670 INFO EXECUTOR[140160741271296] - Executing Command --afl
2011-10-08 02:21:20,670 INFO EXECUTOR[140160741271296] - Executing query : <kendall(p4_kendall_test3,p4_kendall_test3)>
2011-10-08 02:21:20,682 INFO EXECUTOR[140160741271296] - Executing Command --afl
2011-10-08 02:21:20,682 INFO EXECUTOR[140160741271296] - Executing query : <kendall(p4_kendall_test4,p4_kendall_test4)>
2011-10-08 02:21:20,722 INFO EXECUTOR[140160741271296] - Executing Command --afl
2011-10-08 02:21:20,722 INFO EXECUTOR[140160741271296] - Executing query : <kendall(p4_kendall_test5,p4_kendall_test5)>
2011-10-08 02:21:20,755 INFO EXECUTOR[140160741271296] - Executing [CLEANUP] section.
2011-10-08 02:21:20,755 INFO EXECUTOR[140160741271296] - Executing Command --cleanup
2011-10-08 02:21:20,755 INFO EXECUTOR[140160741271296] - Executing Command --afl
2011-10-08 02:21:20,755 INFO EXECUTOR[140160741271296] - Executing query : <remove(p4_kendall_test1)>
2011-10-08 02:21:20,768 INFO EXECUTOR[140160741271296] - Executing Command --afl
2011-10-08 02:21:20,768 INFO EXECUTOR[140160741271296] - Executing query : <remove(p4_kendall_test2)>
2011-10-08 02:21:20,779 INFO EXECUTOR[140160741271296] - Executing Command --afl
2011-10-08 02:21:20,779 INFO EXECUTOR[140160741271296] - Executing query : <remove(p4_kendall_test3)>
2011-10-08 02:21:20,798 INFO EXECUTOR[140160741271296] - Executing Command --afl
2011-10-08 02:21:20,798 INFO EXECUTOR[140160741271296] - Executing query : <remove(p4_kendall_test4)>
2011-10-08 02:21:20,808 INFO EXECUTOR[140160741271296] - Executing Command --afl
2011-10-08 02:21:20,808 INFO EXECUTOR[140160741271296] - Executing query : <remove(p4_kendall_test5)>
2011-10-08 02:21:20,816 INFO EXECUTOR[140160741271296] - Done executing the test case ...
2011-10-08 02:21:20,816 INFO EXECUTOR[140160741271296] - EXECUTOR returning SUCCESS to the caller.
