2011-10-08 02:21:20,824 INFO EXECUTOR[140160741271296] - logger SYSTEM ENABLED
2011-10-08 02:21:20,824 INFO EXECUTOR[140160741271296] - Parsing test case file : /build/p4-trunk/p4trunk/test/linear_algebra_tests/testcases/t/la_linregr.test
2011-10-08 02:21:20,824 INFO EXECUTOR[140160741271296] - found SETUP section.
2011-10-08 02:21:20,824 INFO EXECUTOR[140160741271296] - found TEST section.
2011-10-08 02:21:20,824 INFO EXECUTOR[140160741271296] - found CLEANUP section.
2011-10-08 02:21:20,824 INFO EXECUTOR[140160741271296] - Done Parsing test case file...
2011-10-08 02:21:20,824 INFO EXECUTOR[140160741271296] - Printing Parsed Vector : 
2011-10-08 02:21:20,824 INFO EXECUTOR[140160741271296] - --setup ||
2011-10-08 02:21:20,824 INFO EXECUTOR[140160741271296] - 	--afl |CREATE ARRAY p4_linreg_test2_mat <x:double>[i=0:4,5,0, j=0:4,1,0]|
2011-10-08 02:21:20,824 INFO EXECUTOR[140160741271296] - 	--afl |CREATE ARRAY p4_linreg_test2_vec <x:double>[i=0:4,5,0]|
2011-10-08 02:21:20,824 INFO EXECUTOR[140160741271296] - 	--afl |CREATE ARRAY p4_linreg_test3_mat <x:double>[i=0:11,3,0, j=0:9,5,0]|
2011-10-08 02:21:20,824 INFO EXECUTOR[140160741271296] - 	--afl |CREATE ARRAY p4_linreg_test3_vec <x:double>[i=0:11,12,0]|
2011-10-08 02:21:20,824 INFO EXECUTOR[140160741271296] - 	--afl |CREATE ARRAY p4_linreg_test4_mat <x:double>[i=0:7,2,0, j=0:9,2,0]|
2011-10-08 02:21:20,824 INFO EXECUTOR[140160741271296] - 	--afl |CREATE ARRAY p4_linreg_test4_vec <x:double>[i=0:7,8,0]|
2011-10-08 02:21:20,824 INFO EXECUTOR[140160741271296] - 	--afl |create array p4_lr_left_1 <x:double>[i=0:5,6,0, j=0:4,5,0]|
2011-10-08 02:21:20,825 INFO EXECUTOR[140160741271296] - 	--afl |create array p4_lr_right_1 <x:double> [i=0:5,6,0]|
2011-10-08 02:21:20,825 INFO EXECUTOR[140160741271296] - 	--afl |load( p4_lr_left_1, '../p4test/p4_lr_left_1.txt', 0)|
2011-10-08 02:21:20,825 INFO EXECUTOR[140160741271296] - 	--afl |load( p4_lr_right_1, '../p4test/p4_lr_right_1.txt', 0)|
2011-10-08 02:21:20,825 INFO EXECUTOR[140160741271296] - 	--afl |load( p4_linreg_test2_mat, '../p4test/p4_linreg_test2_mat.txt', 0)|
2011-10-08 02:21:20,825 INFO EXECUTOR[140160741271296] - 	--afl |load( p4_linreg_test2_vec, '../p4test/p4_linreg_test2_vec.txt', 0)|
2011-10-08 02:21:20,825 INFO EXECUTOR[140160741271296] - 	--afl |load( p4_linreg_test3_mat, '../p4test/p4_linreg_test3_mat.txt', 0)|
2011-10-08 02:21:20,825 INFO EXECUTOR[140160741271296] - 	--afl |load( p4_linreg_test3_vec, '../p4test/p4_linreg_test3_vec.txt', 0)|
2011-10-08 02:21:20,825 INFO EXECUTOR[140160741271296] - 	--afl |load( p4_linreg_test4_mat, '../p4test/p4_linreg_test4_mat.txt', 0)|
2011-10-08 02:21:20,825 INFO EXECUTOR[140160741271296] - 	--afl |load( p4_linreg_test4_vec, '../p4test/p4_linreg_test4_vec.txt', 0)|
2011-10-08 02:21:20,825 INFO EXECUTOR[140160741271296] - --test ||
2011-10-08 02:21:20,825 INFO EXECUTOR[140160741271296] - 	--afl |linregr(p4_linreg_test2_mat,p4_linreg_test2_vec,'coefficients')|
2011-10-08 02:21:20,825 INFO EXECUTOR[140160741271296] - 	--afl |linregr(p4_linreg_test2_mat,p4_linreg_test2_vec,'confidence intervals')|
2011-10-08 02:21:20,825 INFO EXECUTOR[140160741271296] - 	--afl |linregr(p4_linreg_test2_mat,p4_linreg_test2_vec,'residuals')|
2011-10-08 02:21:20,825 INFO EXECUTOR[140160741271296] - 	--afl |linregr(p4_linreg_test2_mat,p4_linreg_test2_vec,'multiple R2')|
2011-10-08 02:21:20,825 INFO EXECUTOR[140160741271296] - 	--afl |linregr(p4_linreg_test2_mat,p4_linreg_test2_vec,'adjusted R2')|
2011-10-08 02:21:20,825 INFO EXECUTOR[140160741271296] - 	--afl |linregr(p4_linreg_test2_mat,p4_linreg_test2_vec,'F-statistic')|
2011-10-08 02:21:20,825 INFO EXECUTOR[140160741271296] - 	--afl |linregr(p4_linreg_test2_mat,p4_linreg_test2_vec,'p-value')|
2011-10-08 02:21:20,825 INFO EXECUTOR[140160741271296] - 	--afl |linregr(p4_linreg_test2_mat,p4_linreg_test2_vec,'residual stderror')|
2011-10-08 02:21:20,825 INFO EXECUTOR[140160741271296] - 	--afl |linregr(p4_linreg_test2_mat,p4_linreg_test2_vec,'stderror')|
2011-10-08 02:21:20,825 INFO EXECUTOR[140160741271296] - 	--afl |linregr(p4_linreg_test2_mat,p4_linreg_test2_vec,'tvalue')|
2011-10-08 02:21:20,825 INFO EXECUTOR[140160741271296] - 	--afl |linregr(p4_linreg_test2_mat,p4_linreg_test2_vec,'P-statistic')|
2011-10-08 02:21:20,825 INFO EXECUTOR[140160741271296] - 	--afl |linregr(p4_linreg_test3_mat,p4_linreg_test3_vec,'coefficients')|
2011-10-08 02:21:20,825 INFO EXECUTOR[140160741271296] - 	--afl |linregr(p4_linreg_test3_mat,p4_linreg_test3_vec,'confidence intervals')|
2011-10-08 02:21:20,825 INFO EXECUTOR[140160741271296] - 	--afl |linregr(p4_linreg_test3_mat,p4_linreg_test3_vec,'residuals')|
2011-10-08 02:21:20,825 INFO EXECUTOR[140160741271296] - 	--afl |linregr(p4_linreg_test3_mat,p4_linreg_test3_vec,'multiple R2')|
2011-10-08 02:21:20,825 INFO EXECUTOR[140160741271296] - 	--afl |linregr(p4_linreg_test3_mat,p4_linreg_test3_vec,'adjusted R2')|
2011-10-08 02:21:20,825 INFO EXECUTOR[140160741271296] - 	--afl |linregr(p4_linreg_test3_mat,p4_linreg_test3_vec,'F-statistic')|
2011-10-08 02:21:20,825 INFO EXECUTOR[140160741271296] - 	--afl |linregr(p4_linreg_test3_mat,p4_linreg_test3_vec,'p-value')|
2011-10-08 02:21:20,825 INFO EXECUTOR[140160741271296] - 	--afl |linregr(p4_linreg_test3_mat,p4_linreg_test3_vec,'residual stderror')|
2011-10-08 02:21:20,825 INFO EXECUTOR[140160741271296] - 	--afl |linregr(p4_linreg_test3_mat,p4_linreg_test3_vec,'stderror')|
2011-10-08 02:21:20,825 INFO EXECUTOR[140160741271296] - 	--afl |linregr(p4_linreg_test3_mat,p4_linreg_test3_vec,'tvalue')|
2011-10-08 02:21:20,825 INFO EXECUTOR[140160741271296] - 	--afl |linregr(p4_linreg_test3_mat,p4_linreg_test3_vec,'P-statistic')|
2011-10-08 02:21:20,825 INFO EXECUTOR[140160741271296] - 	--afl |linregr(p4_linreg_test4_mat,p4_linreg_test4_vec,'coefficients')|
2011-10-08 02:21:20,825 INFO EXECUTOR[140160741271296] - 	--afl |linregr(p4_linreg_test4_mat,p4_linreg_test4_vec,'confidence intervals')|
2011-10-08 02:21:20,825 INFO EXECUTOR[140160741271296] - 	--afl |linregr(p4_linreg_test4_mat,p4_linreg_test4_vec,'multiple R2')|
2011-10-08 02:21:20,825 INFO EXECUTOR[140160741271296] - 	--afl |linregr(p4_linreg_test4_mat,p4_linreg_test4_vec,'adjusted R2')|
2011-10-08 02:21:20,825 INFO EXECUTOR[140160741271296] - 	--afl |linregr(p4_linreg_test4_mat,p4_linreg_test4_vec,'F-statistic')|
2011-10-08 02:21:20,825 INFO EXECUTOR[140160741271296] - 	--afl |linregr(p4_linreg_test4_mat,p4_linreg_test4_vec,'p-value')|
2011-10-08 02:21:20,825 INFO EXECUTOR[140160741271296] - 	--afl |linregr(p4_linreg_test4_mat,p4_linreg_test4_vec,'residual stderror')|
2011-10-08 02:21:20,825 INFO EXECUTOR[140160741271296] - 	--afl |linregr(p4_linreg_test4_mat,p4_linreg_test4_vec,'stderror')|
2011-10-08 02:21:20,825 INFO EXECUTOR[140160741271296] - 	--afl |linregr(p4_linreg_test4_mat,p4_linreg_test4_vec,'tvalue')|
2011-10-08 02:21:20,825 INFO EXECUTOR[140160741271296] - 	--afl |linregr(p4_linreg_test4_mat,p4_linreg_test4_vec,'P-statistic')|
2011-10-08 02:21:20,825 INFO EXECUTOR[140160741271296] - 	--afl |linregr(p4_lr_left_1,p4_lr_right_1, 'P-statistic')|
2011-10-08 02:21:20,825 INFO EXECUTOR[140160741271296] - 	--afl |linregr(p4_lr_left_1,p4_lr_right_1, 'confidence intervals')|
2011-10-08 02:21:20,825 INFO EXECUTOR[140160741271296] - 	--afl |linregr(p4_lr_left_1,p4_lr_right_1, 'coefficients')|
2011-10-08 02:21:20,825 INFO EXECUTOR[140160741271296] - 	--afl |linregr(p4_lr_left_1,p4_lr_right_1, 'residuals')|
2011-10-08 02:21:20,825 INFO EXECUTOR[140160741271296] - 	--afl |linregr(p4_lr_left_1,p4_lr_right_1, 'multiple R2')|
2011-10-08 02:21:20,825 INFO EXECUTOR[140160741271296] - 	--afl |linregr(p4_lr_left_1,p4_lr_right_1, 'adjusted R2')|
2011-10-08 02:21:20,825 INFO EXECUTOR[140160741271296] - 	--afl |linregr(p4_lr_left_1,p4_lr_right_1, 'F-statistic')|
2011-10-08 02:21:20,825 INFO EXECUTOR[140160741271296] - 	--afl |linregr(p4_lr_left_1,p4_lr_right_1, 'p-value')|
2011-10-08 02:21:20,825 INFO EXECUTOR[140160741271296] - 	--afl |linregr(p4_lr_left_1,p4_lr_right_1, 'residual stderror')|
2011-10-08 02:21:20,825 INFO EXECUTOR[140160741271296] - 	--afl |linregr(p4_lr_left_1,p4_lr_right_1, 'stderror')|
2011-10-08 02:21:20,825 INFO EXECUTOR[140160741271296] - 	--afl |linregr(p4_lr_left_1,p4_lr_right_1, 'tvalue')|
2011-10-08 02:21:20,825 INFO EXECUTOR[140160741271296] - --cleanup ||
2011-10-08 02:21:20,825 INFO EXECUTOR[140160741271296] - 	--afl |remove(p4_linreg_test2_mat)|
2011-10-08 02:21:20,825 INFO EXECUTOR[140160741271296] - 	--afl |remove(p4_linreg_test3_mat)|
2011-10-08 02:21:20,825 INFO EXECUTOR[140160741271296] - 	--afl |remove(p4_linreg_test4_mat)|
2011-10-08 02:21:20,825 INFO EXECUTOR[140160741271296] - 	--afl |remove(p4_linreg_test2_vec)|
2011-10-08 02:21:20,825 INFO EXECUTOR[140160741271296] - 	--afl |remove(p4_linreg_test3_vec)|
2011-10-08 02:21:20,825 INFO EXECUTOR[140160741271296] - 	--afl |remove(p4_linreg_test4_vec)|
2011-10-08 02:21:20,825 INFO EXECUTOR[140160741271296] - 	--afl |remove(p4_lr_left_1)|
2011-10-08 02:21:20,825 INFO EXECUTOR[140160741271296] - 	--afl |remove(p4_lr_right_1)|
2011-10-08 02:21:20,825 INFO EXECUTOR[140160741271296] - Done Printing Parsed Vector... 
2011-10-08 02:21:20,825 INFO EXECUTOR[140160741271296] - Starting executing the test case ...
2011-10-08 02:21:20,825 INFO EXECUTOR[140160741271296] - No [preSetup] commands found.
2011-10-08 02:21:20,825 INFO EXECUTOR[140160741271296] - Executing [SETUP] section.
2011-10-08 02:21:20,825 INFO EXECUTOR[140160741271296] - Executing Command --setup
2011-10-08 02:21:20,825 INFO EXECUTOR[140160741271296] - Executing Command --afl
2011-10-08 02:21:20,825 INFO EXECUTOR[140160741271296] - Executing query : <CREATE ARRAY p4_linreg_test2_mat <x:double>[i=0:4,5,0, j=0:4,1,0]>
2011-10-08 02:21:20,830 INFO EXECUTOR[140160741271296] - Executing Command --afl
2011-10-08 02:21:20,830 INFO EXECUTOR[140160741271296] - Executing query : <CREATE ARRAY p4_linreg_test2_vec <x:double>[i=0:4,5,0]>
2011-10-08 02:21:20,836 INFO EXECUTOR[140160741271296] - Executing Command --afl
2011-10-08 02:21:20,836 INFO EXECUTOR[140160741271296] - Executing query : <CREATE ARRAY p4_linreg_test3_mat <x:double>[i=0:11,3,0, j=0:9,5,0]>
2011-10-08 02:21:20,840 INFO EXECUTOR[140160741271296] - Executing Command --afl
2011-10-08 02:21:20,840 INFO EXECUTOR[140160741271296] - Executing query : <CREATE ARRAY p4_linreg_test3_vec <x:double>[i=0:11,12,0]>
2011-10-08 02:21:20,844 INFO EXECUTOR[140160741271296] - Executing Command --afl
2011-10-08 02:21:20,844 INFO EXECUTOR[140160741271296] - Executing query : <CREATE ARRAY p4_linreg_test4_mat <x:double>[i=0:7,2,0, j=0:9,2,0]>
2011-10-08 02:21:20,848 INFO EXECUTOR[140160741271296] - Executing Command --afl
2011-10-08 02:21:20,848 INFO EXECUTOR[140160741271296] - Executing query : <CREATE ARRAY p4_linreg_test4_vec <x:double>[i=0:7,8,0]>
2011-10-08 02:21:20,852 INFO EXECUTOR[140160741271296] - Executing Command --afl
2011-10-08 02:21:20,852 INFO EXECUTOR[140160741271296] - Executing query : <create array p4_lr_left_1 <x:double>[i=0:5,6,0, j=0:4,5,0]>
2011-10-08 02:21:20,856 INFO EXECUTOR[140160741271296] - Executing Command --afl
2011-10-08 02:21:20,856 INFO EXECUTOR[140160741271296] - Executing query : <create array p4_lr_right_1 <x:double> [i=0:5,6,0]>
2011-10-08 02:21:20,860 INFO EXECUTOR[140160741271296] - Executing Command --afl
2011-10-08 02:21:20,860 INFO EXECUTOR[140160741271296] - Executing query : <load( p4_lr_left_1, '../p4test/p4_lr_left_1.txt', 0)>
2011-10-08 02:21:20,894 INFO EXECUTOR[140160741271296] - Executing Command --afl
2011-10-08 02:21:20,894 INFO EXECUTOR[140160741271296] - Executing query : <load( p4_lr_right_1, '../p4test/p4_lr_right_1.txt', 0)>
2011-10-08 02:21:20,934 INFO EXECUTOR[140160741271296] - Executing Command --afl
2011-10-08 02:21:20,934 INFO EXECUTOR[140160741271296] - Executing query : <load( p4_linreg_test2_mat, '../p4test/p4_linreg_test2_mat.txt', 0)>
2011-10-08 02:21:20,970 INFO EXECUTOR[140160741271296] - Executing Command --afl
2011-10-08 02:21:20,970 INFO EXECUTOR[140160741271296] - Executing query : <load( p4_linreg_test2_vec, '../p4test/p4_linreg_test2_vec.txt', 0)>
2011-10-08 02:21:20,999 INFO EXECUTOR[140160741271296] - Executing Command --afl
2011-10-08 02:21:20,999 INFO EXECUTOR[140160741271296] - Executing query : <load( p4_linreg_test3_mat, '../p4test/p4_linreg_test3_mat.txt', 0)>
2011-10-08 02:21:21,069 INFO EXECUTOR[140160741271296] - Executing Command --afl
2011-10-08 02:21:21,069 INFO EXECUTOR[140160741271296] - Executing query : <load( p4_linreg_test3_vec, '../p4test/p4_linreg_test3_vec.txt', 0)>
2011-10-08 02:21:21,112 INFO EXECUTOR[140160741271296] - Executing Command --afl
2011-10-08 02:21:21,112 INFO EXECUTOR[140160741271296] - Executing query : <load( p4_linreg_test4_mat, '../p4test/p4_linreg_test4_mat.txt', 0)>
2011-10-08 02:21:21,208 INFO EXECUTOR[140160741271296] - Executing Command --afl
2011-10-08 02:21:21,208 INFO EXECUTOR[140160741271296] - Executing query : <load( p4_linreg_test4_vec, '../p4test/p4_linreg_test4_vec.txt', 0)>
2011-10-08 02:21:21,246 INFO EXECUTOR[140160741271296] - Executing [TEST] section.
2011-10-08 02:21:21,246 INFO EXECUTOR[140160741271296] - Executing Command --test
2011-10-08 02:21:21,246 INFO EXECUTOR[140160741271296] - Executing Command --afl
2011-10-08 02:21:21,246 INFO EXECUTOR[140160741271296] - Executing query : <linregr(p4_linreg_test2_mat,p4_linreg_test2_vec,'coefficients')>
2011-10-08 02:21:21,258 INFO EXECUTOR[140160741271296] - Executing Command --afl
2011-10-08 02:21:21,258 INFO EXECUTOR[140160741271296] - Executing query : <linregr(p4_linreg_test2_mat,p4_linreg_test2_vec,'confidence intervals')>
2011-10-08 02:21:21,282 INFO EXECUTOR[140160741271296] - Executing Command --afl
2011-10-08 02:21:21,282 INFO EXECUTOR[140160741271296] - Executing query : <linregr(p4_linreg_test2_mat,p4_linreg_test2_vec,'residuals')>
2011-10-08 02:21:21,293 INFO EXECUTOR[140160741271296] - Executing Command --afl
2011-10-08 02:21:21,293 INFO EXECUTOR[140160741271296] - Executing query : <linregr(p4_linreg_test2_mat,p4_linreg_test2_vec,'multiple R2')>
2011-10-08 02:21:21,303 INFO EXECUTOR[140160741271296] - Executing Command --afl
2011-10-08 02:21:21,303 INFO EXECUTOR[140160741271296] - Executing query : <linregr(p4_linreg_test2_mat,p4_linreg_test2_vec,'adjusted R2')>
2011-10-08 02:21:21,313 INFO EXECUTOR[140160741271296] - Executing Command --afl
2011-10-08 02:21:21,313 INFO EXECUTOR[140160741271296] - Executing query : <linregr(p4_linreg_test2_mat,p4_linreg_test2_vec,'F-statistic')>
2011-10-08 02:21:21,323 INFO EXECUTOR[140160741271296] - Executing Command --afl
2011-10-08 02:21:21,323 INFO EXECUTOR[140160741271296] - Executing query : <linregr(p4_linreg_test2_mat,p4_linreg_test2_vec,'p-value')>
2011-10-08 02:21:21,349 INFO EXECUTOR[140160741271296] - Executing Command --afl
2011-10-08 02:21:21,349 INFO EXECUTOR[140160741271296] - Executing query : <linregr(p4_linreg_test2_mat,p4_linreg_test2_vec,'residual stderror')>
2011-10-08 02:21:21,360 INFO EXECUTOR[140160741271296] - Executing Command --afl
2011-10-08 02:21:21,360 INFO EXECUTOR[140160741271296] - Executing query : <linregr(p4_linreg_test2_mat,p4_linreg_test2_vec,'stderror')>
2011-10-08 02:21:21,371 INFO EXECUTOR[140160741271296] - Executing Command --afl
2011-10-08 02:21:21,371 INFO EXECUTOR[140160741271296] - Executing query : <linregr(p4_linreg_test2_mat,p4_linreg_test2_vec,'tvalue')>
2011-10-08 02:21:21,382 INFO EXECUTOR[140160741271296] - Executing Command --afl
2011-10-08 02:21:21,382 INFO EXECUTOR[140160741271296] - Executing query : <linregr(p4_linreg_test2_mat,p4_linreg_test2_vec,'P-statistic')>
2011-10-08 02:21:21,416 INFO EXECUTOR[140160741271296] - Executing Command --afl
2011-10-08 02:21:21,416 INFO EXECUTOR[140160741271296] - Executing query : <linregr(p4_linreg_test3_mat,p4_linreg_test3_vec,'coefficients')>
2011-10-08 02:21:21,427 INFO EXECUTOR[140160741271296] - Executing Command --afl
2011-10-08 02:21:21,427 INFO EXECUTOR[140160741271296] - Executing query : <linregr(p4_linreg_test3_mat,p4_linreg_test3_vec,'confidence intervals')>
2011-10-08 02:21:21,436 INFO EXECUTOR[140160741271296] - Executing Command --afl
2011-10-08 02:21:21,436 INFO EXECUTOR[140160741271296] - Executing query : <linregr(p4_linreg_test3_mat,p4_linreg_test3_vec,'residuals')>
2011-10-08 02:21:21,447 INFO EXECUTOR[140160741271296] - Executing Command --afl
2011-10-08 02:21:21,447 INFO EXECUTOR[140160741271296] - Executing query : <linregr(p4_linreg_test3_mat,p4_linreg_test3_vec,'multiple R2')>
2011-10-08 02:21:21,476 INFO EXECUTOR[140160741271296] - Executing Command --afl
2011-10-08 02:21:21,476 INFO EXECUTOR[140160741271296] - Executing query : <linregr(p4_linreg_test3_mat,p4_linreg_test3_vec,'adjusted R2')>
2011-10-08 02:21:21,488 INFO EXECUTOR[140160741271296] - Executing Command --afl
2011-10-08 02:21:21,488 INFO EXECUTOR[140160741271296] - Executing query : <linregr(p4_linreg_test3_mat,p4_linreg_test3_vec,'F-statistic')>
2011-10-08 02:21:21,513 INFO EXECUTOR[140160741271296] - Executing Command --afl
2011-10-08 02:21:21,513 INFO EXECUTOR[140160741271296] - Executing query : <linregr(p4_linreg_test3_mat,p4_linreg_test3_vec,'p-value')>
2011-10-08 02:21:21,525 INFO EXECUTOR[140160741271296] - Executing Command --afl
2011-10-08 02:21:21,525 INFO EXECUTOR[140160741271296] - Executing query : <linregr(p4_linreg_test3_mat,p4_linreg_test3_vec,'residual stderror')>
2011-10-08 02:21:21,546 INFO EXECUTOR[140160741271296] - Executing Command --afl
2011-10-08 02:21:21,546 INFO EXECUTOR[140160741271296] - Executing query : <linregr(p4_linreg_test3_mat,p4_linreg_test3_vec,'stderror')>
2011-10-08 02:21:21,558 INFO EXECUTOR[140160741271296] - Executing Command --afl
2011-10-08 02:21:21,558 INFO EXECUTOR[140160741271296] - Executing query : <linregr(p4_linreg_test3_mat,p4_linreg_test3_vec,'tvalue')>
2011-10-08 02:21:21,569 INFO EXECUTOR[140160741271296] - Executing Command --afl
2011-10-08 02:21:21,569 INFO EXECUTOR[140160741271296] - Executing query : <linregr(p4_linreg_test3_mat,p4_linreg_test3_vec,'P-statistic')>
2011-10-08 02:21:21,581 INFO EXECUTOR[140160741271296] - Executing Command --afl
2011-10-08 02:21:21,581 INFO EXECUTOR[140160741271296] - Executing query : <linregr(p4_linreg_test4_mat,p4_linreg_test4_vec,'coefficients')>
2011-10-08 02:21:21,591 INFO EXECUTOR[140160741271296] - Executing Command --afl
2011-10-08 02:21:21,591 INFO EXECUTOR[140160741271296] - Executing query : <linregr(p4_linreg_test4_mat,p4_linreg_test4_vec,'confidence intervals')>
2011-10-08 02:21:21,602 INFO EXECUTOR[140160741271296] - Executing Command --afl
2011-10-08 02:21:21,602 INFO EXECUTOR[140160741271296] - Executing query : <linregr(p4_linreg_test4_mat,p4_linreg_test4_vec,'multiple R2')>
2011-10-08 02:21:21,613 INFO EXECUTOR[140160741271296] - Executing Command --afl
2011-10-08 02:21:21,613 INFO EXECUTOR[140160741271296] - Executing query : <linregr(p4_linreg_test4_mat,p4_linreg_test4_vec,'adjusted R2')>
2011-10-08 02:21:21,624 INFO EXECUTOR[140160741271296] - Executing Command --afl
2011-10-08 02:21:21,624 INFO EXECUTOR[140160741271296] - Executing query : <linregr(p4_linreg_test4_mat,p4_linreg_test4_vec,'F-statistic')>
2011-10-08 02:21:21,635 INFO EXECUTOR[140160741271296] - Executing Command --afl
2011-10-08 02:21:21,635 INFO EXECUTOR[140160741271296] - Executing query : <linregr(p4_linreg_test4_mat,p4_linreg_test4_vec,'p-value')>
2011-10-08 02:21:21,663 INFO EXECUTOR[140160741271296] - Executing Command --afl
2011-10-08 02:21:21,663 INFO EXECUTOR[140160741271296] - Executing query : <linregr(p4_linreg_test4_mat,p4_linreg_test4_vec,'residual stderror')>
2011-10-08 02:21:21,684 INFO EXECUTOR[140160741271296] - Executing Command --afl
2011-10-08 02:21:21,684 INFO EXECUTOR[140160741271296] - Executing query : <linregr(p4_linreg_test4_mat,p4_linreg_test4_vec,'stderror')>
2011-10-08 02:21:21,693 INFO EXECUTOR[140160741271296] - Executing Command --afl
2011-10-08 02:21:21,693 INFO EXECUTOR[140160741271296] - Executing query : <linregr(p4_linreg_test4_mat,p4_linreg_test4_vec,'tvalue')>
2011-10-08 02:21:21,716 INFO EXECUTOR[140160741271296] - Executing Command --afl
2011-10-08 02:21:21,716 INFO EXECUTOR[140160741271296] - Executing query : <linregr(p4_linreg_test4_mat,p4_linreg_test4_vec,'P-statistic')>
2011-10-08 02:21:21,727 INFO EXECUTOR[140160741271296] - Executing Command --afl
2011-10-08 02:21:21,727 INFO EXECUTOR[140160741271296] - Executing query : <linregr(p4_lr_left_1,p4_lr_right_1, 'P-statistic')>
2011-10-08 02:21:21,738 INFO EXECUTOR[140160741271296] - Executing Command --afl
2011-10-08 02:21:21,738 INFO EXECUTOR[140160741271296] - Executing query : <linregr(p4_lr_left_1,p4_lr_right_1, 'confidence intervals')>
2011-10-08 02:21:21,748 INFO EXECUTOR[140160741271296] - Executing Command --afl
2011-10-08 02:21:21,748 INFO EXECUTOR[140160741271296] - Executing query : <linregr(p4_lr_left_1,p4_lr_right_1, 'coefficients')>
2011-10-08 02:21:21,775 INFO EXECUTOR[140160741271296] - Executing Command --afl
2011-10-08 02:21:21,775 INFO EXECUTOR[140160741271296] - Executing query : <linregr(p4_lr_left_1,p4_lr_right_1, 'residuals')>
2011-10-08 02:21:21,803 INFO EXECUTOR[140160741271296] - Executing Command --afl
2011-10-08 02:21:21,803 INFO EXECUTOR[140160741271296] - Executing query : <linregr(p4_lr_left_1,p4_lr_right_1, 'multiple R2')>
2011-10-08 02:21:21,814 INFO EXECUTOR[140160741271296] - Executing Command --afl
2011-10-08 02:21:21,814 INFO EXECUTOR[140160741271296] - Executing query : <linregr(p4_lr_left_1,p4_lr_right_1, 'adjusted R2')>
2011-10-08 02:21:21,825 INFO EXECUTOR[140160741271296] - Executing Command --afl
2011-10-08 02:21:21,825 INFO EXECUTOR[140160741271296] - Executing query : <linregr(p4_lr_left_1,p4_lr_right_1, 'F-statistic')>
2011-10-08 02:21:21,835 INFO EXECUTOR[140160741271296] - Executing Command --afl
2011-10-08 02:21:21,835 INFO EXECUTOR[140160741271296] - Executing query : <linregr(p4_lr_left_1,p4_lr_right_1, 'p-value')>
2011-10-08 02:21:21,844 INFO EXECUTOR[140160741271296] - Executing Command --afl
2011-10-08 02:21:21,844 INFO EXECUTOR[140160741271296] - Executing query : <linregr(p4_lr_left_1,p4_lr_right_1, 'residual stderror')>
2011-10-08 02:21:21,854 INFO EXECUTOR[140160741271296] - Executing Command --afl
2011-10-08 02:21:21,854 INFO EXECUTOR[140160741271296] - Executing query : <linregr(p4_lr_left_1,p4_lr_right_1, 'stderror')>
2011-10-08 02:21:21,863 INFO EXECUTOR[140160741271296] - Executing Command --afl
2011-10-08 02:21:21,863 INFO EXECUTOR[140160741271296] - Executing query : <linregr(p4_lr_left_1,p4_lr_right_1, 'tvalue')>
2011-10-08 02:21:21,883 INFO EXECUTOR[140160741271296] - Executing [CLEANUP] section.
2011-10-08 02:21:21,883 INFO EXECUTOR[140160741271296] - Executing Command --cleanup
2011-10-08 02:21:21,883 INFO EXECUTOR[140160741271296] - Executing Command --afl
2011-10-08 02:21:21,883 INFO EXECUTOR[140160741271296] - Executing query : <remove(p4_linreg_test2_mat)>
2011-10-08 02:21:21,916 INFO EXECUTOR[140160741271296] - Executing Command --afl
2011-10-08 02:21:21,916 INFO EXECUTOR[140160741271296] - Executing query : <remove(p4_linreg_test3_mat)>
2011-10-08 02:21:21,933 INFO EXECUTOR[140160741271296] - Executing Command --afl
2011-10-08 02:21:21,933 INFO EXECUTOR[140160741271296] - Executing query : <remove(p4_linreg_test4_mat)>
2011-10-08 02:21:21,948 INFO EXECUTOR[140160741271296] - Executing Command --afl
2011-10-08 02:21:21,948 INFO EXECUTOR[140160741271296] - Executing query : <remove(p4_linreg_test2_vec)>
2011-10-08 02:21:21,963 INFO EXECUTOR[140160741271296] - Executing Command --afl
2011-10-08 02:21:21,963 INFO EXECUTOR[140160741271296] - Executing query : <remove(p4_linreg_test3_vec)>
2011-10-08 02:21:21,975 INFO EXECUTOR[140160741271296] - Executing Command --afl
2011-10-08 02:21:21,975 INFO EXECUTOR[140160741271296] - Executing query : <remove(p4_linreg_test4_vec)>
2011-10-08 02:21:21,984 INFO EXECUTOR[140160741271296] - Executing Command --afl
2011-10-08 02:21:21,984 INFO EXECUTOR[140160741271296] - Executing query : <remove(p4_lr_left_1)>
2011-10-08 02:21:21,993 INFO EXECUTOR[140160741271296] - Executing Command --afl
2011-10-08 02:21:21,993 INFO EXECUTOR[140160741271296] - Executing query : <remove(p4_lr_right_1)>
2011-10-08 02:21:22,001 INFO EXECUTOR[140160741271296] - Done executing the test case ...
2011-10-08 02:21:22,001 INFO EXECUTOR[140160741271296] - EXECUTOR returning SUCCESS to the caller.
