2011-10-08 02:21:22,009 INFO EXECUTOR[140160741271296] - logger SYSTEM ENABLED
2011-10-08 02:21:22,009 INFO EXECUTOR[140160741271296] - Parsing test case file : /build/p4-trunk/p4trunk/test/linear_algebra_tests/testcases/t/la_logistregr.test
2011-10-08 02:21:22,009 INFO EXECUTOR[140160741271296] - found SETUP section.
2011-10-08 02:21:22,009 INFO EXECUTOR[140160741271296] - found TEST section.
2011-10-08 02:21:22,009 INFO EXECUTOR[140160741271296] - found CLEANUP section.
2011-10-08 02:21:22,009 INFO EXECUTOR[140160741271296] - Done Parsing test case file...
2011-10-08 02:21:22,009 INFO EXECUTOR[140160741271296] - Printing Parsed Vector : 
2011-10-08 02:21:22,009 INFO EXECUTOR[140160741271296] - --setup ||
2011-10-08 02:21:22,009 INFO EXECUTOR[140160741271296] - 	--afl |CREATE ARRAY p4_logistregr_test1_mat <x:double>[i=0:5,3,0, j=0:4,1,0]|
2011-10-08 02:21:22,009 INFO EXECUTOR[140160741271296] - 	--afl |CREATE ARRAY p4_logistregr_test1_vecS <x:double>[i=0:5,6,0]|
2011-10-08 02:21:22,009 INFO EXECUTOR[140160741271296] - 	--afl |CREATE ARRAY p4_logistregr_test1_vecF <x:double>[i=0:5,6,0]|
2011-10-08 02:21:22,009 INFO EXECUTOR[140160741271296] - 	--afl |CREATE ARRAY p4_logistregr_test2_mat <x:double>[i=0:9,5,0, j=0:9,2,0]|
2011-10-08 02:21:22,009 INFO EXECUTOR[140160741271296] - 	--afl |CREATE ARRAY p4_logistregr_test2_vecS <x:double>[i=0:9,10,0]|
2011-10-08 02:21:22,009 INFO EXECUTOR[140160741271296] - 	--afl |CREATE ARRAY p4_logistregr_test2_vecF <x:double>[i=0:9,10,0]|
2011-10-08 02:21:22,009 INFO EXECUTOR[140160741271296] - 	--afl |CREATE ARRAY p4_logistregr_test3_mat <x:double>[i=0:7,4,0, j=0:7,4,0]|
2011-10-08 02:21:22,009 INFO EXECUTOR[140160741271296] - 	--afl |CREATE ARRAY p4_logistregr_test3_vecS <x:double>[i=0:7,8,0]|
2011-10-08 02:21:22,009 INFO EXECUTOR[140160741271296] - 	--afl |CREATE ARRAY p4_logistregr_test3_vecF <x:double>[i=0:7,8,0]|
2011-10-08 02:21:22,009 INFO EXECUTOR[140160741271296] - 	--afl |load( p4_logistregr_test1_mat, '../p4test/p4_logistregr_test1_mat.txt', 0)|
2011-10-08 02:21:22,009 INFO EXECUTOR[140160741271296] - 	--afl |load( p4_logistregr_test1_vecS, '../p4test/p4_logistregr_test1_vecS.txt', 0)|
2011-10-08 02:21:22,009 INFO EXECUTOR[140160741271296] - 	--afl |load( p4_logistregr_test1_vecF, '../p4test/p4_logistregr_test1_vecF.txt', 0)|
2011-10-08 02:21:22,009 INFO EXECUTOR[140160741271296] - 	--afl |load( p4_logistregr_test2_mat, '../p4test/p4_logistregr_test2_mat.txt', 0)|
2011-10-08 02:21:22,009 INFO EXECUTOR[140160741271296] - 	--afl |load( p4_logistregr_test2_vecS, '../p4test/p4_logistregr_test2_vecS.txt', 0)|
2011-10-08 02:21:22,009 INFO EXECUTOR[140160741271296] - 	--afl |load( p4_logistregr_test2_vecF, '../p4test/p4_logistregr_test2_vecF.txt', 0)|
2011-10-08 02:21:22,009 INFO EXECUTOR[140160741271296] - 	--afl |load( p4_logistregr_test3_mat, '../p4test/p4_logistregr_test3_mat.txt', 0)|
2011-10-08 02:21:22,009 INFO EXECUTOR[140160741271296] - 	--afl |load( p4_logistregr_test3_vecS, '../p4test/p4_logistregr_test3_vecS.txt', 0)|
2011-10-08 02:21:22,009 INFO EXECUTOR[140160741271296] - 	--afl |load( p4_logistregr_test3_vecF, '../p4test/p4_logistregr_test3_vecF.txt', 0)|
2011-10-08 02:21:22,009 INFO EXECUTOR[140160741271296] - --test ||
2011-10-08 02:21:22,009 INFO EXECUTOR[140160741271296] - 	--afl |logistregr(p4_logistregr_test1_mat,p4_logistregr_test1_vecS,p4_logistregr_test1_vecF,'coefficients')|
2011-10-08 02:21:22,009 INFO EXECUTOR[140160741271296] - 	--afl |logistregr(p4_logistregr_test1_mat,p4_logistregr_test1_vecS,p4_logistregr_test1_vecF,'summary')|
2011-10-08 02:21:22,009 INFO EXECUTOR[140160741271296] - 	--afl |logistregr(p4_logistregr_test2_mat,p4_logistregr_test2_vecS,p4_logistregr_test2_vecF,'coefficients')|
2011-10-08 02:21:22,009 INFO EXECUTOR[140160741271296] - 	--afl |logistregr(p4_logistregr_test3_mat,p4_logistregr_test3_vecS,p4_logistregr_test3_vecF,'coefficients')|
2011-10-08 02:21:22,009 INFO EXECUTOR[140160741271296] - 	--afl |logistregr(p4_logistregr_test3_mat,p4_logistregr_test3_vecS,p4_logistregr_test3_vecF,'summary')|
2011-10-08 02:21:22,009 INFO EXECUTOR[140160741271296] - --cleanup ||
2011-10-08 02:21:22,009 INFO EXECUTOR[140160741271296] - 	--afl |remove(p4_logistregr_test1_mat)|
2011-10-08 02:21:22,009 INFO EXECUTOR[140160741271296] - 	--afl |remove(p4_logistregr_test1_vecS)|
2011-10-08 02:21:22,009 INFO EXECUTOR[140160741271296] - 	--afl |remove(p4_logistregr_test1_vecF)|
2011-10-08 02:21:22,009 INFO EXECUTOR[140160741271296] - 	--afl |remove(p4_logistregr_test2_mat)|
2011-10-08 02:21:22,009 INFO EXECUTOR[140160741271296] - 	--afl |remove(p4_logistregr_test2_vecS)|
2011-10-08 02:21:22,009 INFO EXECUTOR[140160741271296] - 	--afl |remove(p4_logistregr_test2_vecF)|
2011-10-08 02:21:22,009 INFO EXECUTOR[140160741271296] - 	--afl |remove(p4_logistregr_test3_mat)|
2011-10-08 02:21:22,009 INFO EXECUTOR[140160741271296] - 	--afl |remove(p4_logistregr_test3_vecS)|
2011-10-08 02:21:22,009 INFO EXECUTOR[140160741271296] - 	--afl |remove(p4_logistregr_test3_vecF)|
2011-10-08 02:21:22,009 INFO EXECUTOR[140160741271296] - Done Printing Parsed Vector... 
2011-10-08 02:21:22,009 INFO EXECUTOR[140160741271296] - Starting executing the test case ...
2011-10-08 02:21:22,010 INFO EXECUTOR[140160741271296] - No [preSetup] commands found.
2011-10-08 02:21:22,010 INFO EXECUTOR[140160741271296] - Executing [SETUP] section.
2011-10-08 02:21:22,010 INFO EXECUTOR[140160741271296] - Executing Command --setup
2011-10-08 02:21:22,010 INFO EXECUTOR[140160741271296] - Executing Command --afl
2011-10-08 02:21:22,010 INFO EXECUTOR[140160741271296] - Executing query : <CREATE ARRAY p4_logistregr_test1_mat <x:double>[i=0:5,3,0, j=0:4,1,0]>
2011-10-08 02:21:22,030 INFO EXECUTOR[140160741271296] - Executing Command --afl
2011-10-08 02:21:22,030 INFO EXECUTOR[140160741271296] - Executing query : <CREATE ARRAY p4_logistregr_test1_vecS <x:double>[i=0:5,6,0]>
2011-10-08 02:21:22,036 INFO EXECUTOR[140160741271296] - Executing Command --afl
2011-10-08 02:21:22,036 INFO EXECUTOR[140160741271296] - Executing query : <CREATE ARRAY p4_logistregr_test1_vecF <x:double>[i=0:5,6,0]>
2011-10-08 02:21:22,039 INFO EXECUTOR[140160741271296] - Executing Command --afl
2011-10-08 02:21:22,039 INFO EXECUTOR[140160741271296] - Executing query : <CREATE ARRAY p4_logistregr_test2_mat <x:double>[i=0:9,5,0, j=0:9,2,0]>
2011-10-08 02:21:22,056 INFO EXECUTOR[140160741271296] - Executing Command --afl
2011-10-08 02:21:22,056 INFO EXECUTOR[140160741271296] - Executing query : <CREATE ARRAY p4_logistregr_test2_vecS <x:double>[i=0:9,10,0]>
2011-10-08 02:21:22,059 INFO EXECUTOR[140160741271296] - Executing Command --afl
2011-10-08 02:21:22,059 INFO EXECUTOR[140160741271296] - Executing query : <CREATE ARRAY p4_logistregr_test2_vecF <x:double>[i=0:9,10,0]>
2011-10-08 02:21:22,063 INFO EXECUTOR[140160741271296] - Executing Command --afl
2011-10-08 02:21:22,063 INFO EXECUTOR[140160741271296] - Executing query : <CREATE ARRAY p4_logistregr_test3_mat <x:double>[i=0:7,4,0, j=0:7,4,0]>
2011-10-08 02:21:22,067 INFO EXECUTOR[140160741271296] - Executing Command --afl
2011-10-08 02:21:22,067 INFO EXECUTOR[140160741271296] - Executing query : <CREATE ARRAY p4_logistregr_test3_vecS <x:double>[i=0:7,8,0]>
2011-10-08 02:21:22,078 INFO EXECUTOR[140160741271296] - Executing Command --afl
2011-10-08 02:21:22,078 INFO EXECUTOR[140160741271296] - Executing query : <CREATE ARRAY p4_logistregr_test3_vecF <x:double>[i=0:7,8,0]>
2011-10-08 02:21:22,082 INFO EXECUTOR[140160741271296] - Executing Command --afl
2011-10-08 02:21:22,082 INFO EXECUTOR[140160741271296] - Executing query : <load( p4_logistregr_test1_mat, '../p4test/p4_logistregr_test1_mat.txt', 0)>
2011-10-08 02:21:22,131 INFO EXECUTOR[140160741271296] - Executing Command --afl
2011-10-08 02:21:22,131 INFO EXECUTOR[140160741271296] - Executing query : <load( p4_logistregr_test1_vecS, '../p4test/p4_logistregr_test1_vecS.txt', 0)>
2011-10-08 02:21:22,174 INFO EXECUTOR[140160741271296] - Executing Command --afl
2011-10-08 02:21:22,174 INFO EXECUTOR[140160741271296] - Executing query : <load( p4_logistregr_test1_vecF, '../p4test/p4_logistregr_test1_vecF.txt', 0)>
2011-10-08 02:21:22,222 INFO EXECUTOR[140160741271296] - Executing Command --afl
2011-10-08 02:21:22,222 INFO EXECUTOR[140160741271296] - Executing query : <load( p4_logistregr_test2_mat, '../p4test/p4_logistregr_test2_mat.txt', 0)>
2011-10-08 02:21:22,282 INFO EXECUTOR[140160741271296] - Executing Command --afl
2011-10-08 02:21:22,282 INFO EXECUTOR[140160741271296] - Executing query : <load( p4_logistregr_test2_vecS, '../p4test/p4_logistregr_test2_vecS.txt', 0)>
2011-10-08 02:21:22,311 INFO EXECUTOR[140160741271296] - Executing Command --afl
2011-10-08 02:21:22,311 INFO EXECUTOR[140160741271296] - Executing query : <load( p4_logistregr_test2_vecF, '../p4test/p4_logistregr_test2_vecF.txt', 0)>
2011-10-08 02:21:22,355 INFO EXECUTOR[140160741271296] - Executing Command --afl
2011-10-08 02:21:22,355 INFO EXECUTOR[140160741271296] - Executing query : <load( p4_logistregr_test3_mat, '../p4test/p4_logistregr_test3_mat.txt', 0)>
2011-10-08 02:21:22,390 INFO EXECUTOR[140160741271296] - Executing Command --afl
2011-10-08 02:21:22,390 INFO EXECUTOR[140160741271296] - Executing query : <load( p4_logistregr_test3_vecS, '../p4test/p4_logistregr_test3_vecS.txt', 0)>
2011-10-08 02:21:22,418 INFO EXECUTOR[140160741271296] - Executing Command --afl
2011-10-08 02:21:22,418 INFO EXECUTOR[140160741271296] - Executing query : <load( p4_logistregr_test3_vecF, '../p4test/p4_logistregr_test3_vecF.txt', 0)>
2011-10-08 02:21:22,529 INFO EXECUTOR[140160741271296] - Executing [TEST] section.
2011-10-08 02:21:22,529 INFO EXECUTOR[140160741271296] - Executing Command --test
2011-10-08 02:21:22,529 INFO EXECUTOR[140160741271296] - Executing Command --afl
2011-10-08 02:21:22,529 INFO EXECUTOR[140160741271296] - Executing query : <logistregr(p4_logistregr_test1_mat,p4_logistregr_test1_vecS,p4_logistregr_test1_vecF,'coefficients')>
2011-10-08 02:21:22,554 INFO EXECUTOR[140160741271296] - Executing Command --afl
2011-10-08 02:21:22,554 INFO EXECUTOR[140160741271296] - Executing query : <logistregr(p4_logistregr_test1_mat,p4_logistregr_test1_vecS,p4_logistregr_test1_vecF,'summary')>
2011-10-08 02:21:22,585 INFO EXECUTOR[140160741271296] - Executing Command --afl
2011-10-08 02:21:22,585 INFO EXECUTOR[140160741271296] - Executing query : <logistregr(p4_logistregr_test2_mat,p4_logistregr_test2_vecS,p4_logistregr_test2_vecF,'coefficients')>
2011-10-08 02:21:22,598 INFO EXECUTOR[140160741271296] - Executing Command --afl
2011-10-08 02:21:22,598 INFO EXECUTOR[140160741271296] - Executing query : <logistregr(p4_logistregr_test3_mat,p4_logistregr_test3_vecS,p4_logistregr_test3_vecF,'coefficients')>
2011-10-08 02:21:22,612 INFO EXECUTOR[140160741271296] - Executing Command --afl
2011-10-08 02:21:22,612 INFO EXECUTOR[140160741271296] - Executing query : <logistregr(p4_logistregr_test3_mat,p4_logistregr_test3_vecS,p4_logistregr_test3_vecF,'summary')>
2011-10-08 02:21:22,628 INFO EXECUTOR[140160741271296] - Executing [CLEANUP] section.
2011-10-08 02:21:22,628 INFO EXECUTOR[140160741271296] - Executing Command --cleanup
2011-10-08 02:21:22,628 INFO EXECUTOR[140160741271296] - Executing Command --afl
2011-10-08 02:21:22,628 INFO EXECUTOR[140160741271296] - Executing query : <remove(p4_logistregr_test1_mat)>
2011-10-08 02:21:22,671 INFO EXECUTOR[140160741271296] - Executing Command --afl
2011-10-08 02:21:22,671 INFO EXECUTOR[140160741271296] - Executing query : <remove(p4_logistregr_test1_vecS)>
2011-10-08 02:21:22,699 INFO EXECUTOR[140160741271296] - Executing Command --afl
2011-10-08 02:21:22,699 INFO EXECUTOR[140160741271296] - Executing query : <remove(p4_logistregr_test1_vecF)>
2011-10-08 02:21:22,713 INFO EXECUTOR[140160741271296] - Executing Command --afl
2011-10-08 02:21:22,713 INFO EXECUTOR[140160741271296] - Executing query : <remove(p4_logistregr_test2_mat)>
2011-10-08 02:21:22,738 INFO EXECUTOR[140160741271296] - Executing Command --afl
2011-10-08 02:21:22,738 INFO EXECUTOR[140160741271296] - Executing query : <remove(p4_logistregr_test2_vecS)>
2011-10-08 02:21:22,753 INFO EXECUTOR[140160741271296] - Executing Command --afl
2011-10-08 02:21:22,753 INFO EXECUTOR[140160741271296] - Executing query : <remove(p4_logistregr_test2_vecF)>
2011-10-08 02:21:22,765 INFO EXECUTOR[140160741271296] - Executing Command --afl
2011-10-08 02:21:22,765 INFO EXECUTOR[140160741271296] - Executing query : <remove(p4_logistregr_test3_mat)>
2011-10-08 02:21:22,776 INFO EXECUTOR[140160741271296] - Executing Command --afl
2011-10-08 02:21:22,776 INFO EXECUTOR[140160741271296] - Executing query : <remove(p4_logistregr_test3_vecS)>
2011-10-08 02:21:22,785 INFO EXECUTOR[140160741271296] - Executing Command --afl
2011-10-08 02:21:22,785 INFO EXECUTOR[140160741271296] - Executing query : <remove(p4_logistregr_test3_vecF)>
2011-10-08 02:21:22,793 INFO EXECUTOR[140160741271296] - Done executing the test case ...
2011-10-08 02:21:22,793 INFO EXECUTOR[140160741271296] - EXECUTOR returning SUCCESS to the caller.
