Query was executed successfully

[[(11),(12),(13)],[(21),(22),(23)],[(31),(32),(33)]];[[(14),(15),(16)],[(24),(25),(26)],[(34),(35),(36)]];[[(41),(42),(43)],[(51),(52),(53)],[(61),(62),(63)]];[[(44),(45),(46)],[(54),(55),(56)],[(64),(65),(66)]]

Query was executed successfully

[(1),(2),(3),(4),(5),(6),(7),(8),(9),(10)]

Query was executed successfully

[[(2,4),(6,8)],[(22,24),(26,28)]];[[(10,12),(14,16)],[(30,32),(34,36)]];[[(18,20)],[(38,40)]];[[(42,44),(46,48)],[(62,64),(66,68)]];[[(50,52),(54,56)],[(70,72),(74,76)]];[[(58,60)],[(78,80)]];[[(82,84),(86,88)]];[[(90,92),(94,96)]];[[(98,100)]]

Query was executed successfully

[[{1,0}(0),{1,1}(8)]];
[[{1,2}(14),{1,3}(20)]];
[[{2,0}(3),{2,1}(9),{3,1}(10)]];
[[{4,0}(5),{4,1}(0),{5,0}(6)]];
[[{5,3}(24)]]

Query was executed successfully

[[(1)],[()],[(3)],[()],[(5)],[()],[(7)],[()],[(9)],[()]]

Query was executed successfully

[[(0),(3),(0),(0),(3),(1),(1),(2),(1),(1),(0),(0)],[(0),(1),(1),(0),(0),(2),(0),(0),(1),(1),(1),(0)],[(1),(1),(2),(2),(0),(2),(1),(2),(0),(0),(0),(0)],[(3),(3),(3),(3),(1),(3),(2),(0),(1),(0),(3),(1)],[(1),(0),(1),(2),(2),(0),(0),(3),(0),(3),(1),(2)],[(0),(3),(2),(0),(3),(2),(3),(3),(1),(2),(1),(2)],[(2),(1),(1),(2),(1),(2),(2),(0),(3),(2),(1),(0)],[(0),(1),(0),(0),(0),(2),(1),(0),(1),(0),(2),(1)],[(0),(3),(1),(3),(3),(2),(1),(2),(0),(0),(3),(1)],[(1),(0),(1),(0),(2),(2),(1),(1),(2),(1),(0),(1)],[(0),(0),(1),(1),(3),(0),(2),(1),(0),(1),(1),(0)],[(0),(1),(1),(1),(0),(1),(0),(1),(0),(2),(2),(3)]]

[[(291.667),(291.667),(291.667)],[(291.667),(291.667),(291.667)],[(291.667),(291.667),(291.667)]];[[(291.667),(291.667),(291.667)],[(291.667),(291.667),(291.667)],[(291.667),(291.667),(291.667)]];[[(291.667),(291.667),(291.667)],[(291.667),(291.667),(291.667)],[(291.667),(291.667),(291.667)]];[[(291.667),(291.667),(291.667)],[(291.667),(291.667),(291.667)],[(291.667),(291.667),(291.667)]]

[(1),(3),(6),(10),(15),(21),(28),(36),(45),(55)]

[[(2),(8)],[(22),(48)]];[[(18),(32)],[(78),(112)]];[[(50)],[(150)]];[[(42),(88)],[(62),(128)]];[[(138),(192)],[(198),(272)]];[[(250)],[(350)]];[[(82),(168)]];[[(258),(352)]];[[(450)]]

[[(4),(8)],[(28),(36)]];[[(12),(16)],[(44),(52)]];[[(20)],[(60)]];[[(72),(84)],[(136),(152)]];[[(96),(108)],[(168),(184)]];[[(120)],[(200)]];[[(220),(240)]];[[(260),(280)]];[[(300)]]

[[{1,0}(0),{1,1}(8)]];
[[{1,2}(14),{1,3}(20)]];
[[{2,0}(3),{2,1}(17),{3,1}(27)]];
[[{4,0}(8),{4,1}(27),{5,0}(14)]];
[[{5,3}(44)]]

[[{1,0}(0),{1,1}(8)]];
[[{1,2}(22),{1,3}(42)]];
[[{2,0}(3),{2,1}(12),{3,1}(10)]];
[[{4,0}(5),{4,1}(5),{5,0}(6)]];
[[{5,3}(30)]]

[[(0),(2.44949),(4.89898)],[(2.44949),(0),(2.44949)],[(4.89898),(2.44949),(0)]];[[(7.34847),(9.79796),(12.2474)],[(4.89898),(7.34847),(9.79796)],[(2.44949),(4.89898),(7.34847)]];[[(7.34847),(4.89898),(2.44949)],[(9.79796),(7.34847),(4.89898)],[(12.2474),(9.79796),(7.34847)]];[[(0),(2.44949),(4.89898)],[(2.44949),(0),(2.44949)],[(4.89898),(2.44949),(0)]]

[[(0),(6),(12)],[(6),(0),(6)],[(12),(6),(0)]];[[(18),(24),(30)],[(12),(18),(24)],[(6),(12),(18)]];[[(18),(12),(6)],[(24),(18),(12)],[(30),(24),(18)]];[[(0),(6),(12)],[(6),(0),(6)],[(12),(6),(0)]]

[[(1),(1),(1)],[(1),(1),(1)],[(1),(1),(1)]];[[(1),(1),(1)],[(1),(1),(1)],[(1),(1),(1)]];[[(1),(1),(1)],[(1),(1),(1)],[(1),(1),(1)]];[[(1),(1),(1)],[(1),(1),(1)],[(1),(1),(1)]]

[[(11,1),(12,2),(13,3)],[(21,7),(22,8),(23,9)],[(31,13),(32,14),(33,15)]];[[(14,4),(15,5),(16,6)],[(24,10),(25,11),(26,12)],[(34,16),(35,17),(36,18)]];[[(41,19),(42,20),(43,21)],[(51,25),(52,26),(53,27)],[(61,31),(62,32),(63,33)]];[[(44,22),(45,23),(46,24)],[(54,28),(55,29),(56,30)],[(64,34),(65,35),(66,36)]]

[[(11,1),(12,2),(13,3)],[(21,1),(22,2),(23,3)],[(31,1),(32,2),(33,3)]];[[(14,4),(15,5),(16,6)],[(24,4),(25,5),(26,6)],[(34,4),(35,5),(36,6)]];[[(41,1),(42,2),(43,3)],[(51,1),(52,2),(53,3)],[(61,1),(62,2),(63,3)]];[[(44,4),(45,5),(46,6)],[(54,4),(55,5),(56,6)],[(64,4),(65,5),(66,6)]]

[[(11,1),(12,1),(13,1)],[(21,2),(22,2),(23,2)],[(31,3),(32,3),(33,3)]];[[(14,1),(15,1),(16,1)],[(24,2),(25,2),(26,2)],[(34,3),(35,3),(36,3)]];[[(41,4),(42,4),(43,4)],[(51,5),(52,5),(53,5)],[(61,6),(62,6),(63,6)]];[[(44,4),(45,4),(46,4)],[(54,5),(55,5),(56,5)],[(64,6),(65,6),(66,6)]]

[[(1,1)],[()],[(3,1)],[()],[(5,1)],[()],[(7,1)],[()],[(9,1)],[()]]

[[(0,3),(3,11.5),(0,3),(0,3),(3,11.5),(1,7.5),(1,7.5),(2,10),(1,7.5),(1,7.5),(0,3),(0,3)],[(0,3.5),(1,9),(1,9),(0,3.5),(0,3.5),(2,12),(0,3.5),(0,3.5),(1,9),(1,9),(1,9),(0,3.5)],[(1,7),(1,7),(2,10.5),(2,10.5),(0,3),(2,10.5),(1,7),(2,10.5),(0,3),(0,3),(0,3),(0,3)],[(3,9.5),(3,9.5),(3,9.5),(3,9.5),(1,4),(3,9.5),(2,6),(0,1.5),(1,4),(0,1.5),(3,9.5),(1,4)],[(1,6),(0,2.5),(1,6),(2,9),(2,9),(0,2.5),(0,2.5),(3,11.5),(0,2.5),(3,11.5),(1,6),(2,9)],[(0,1.5),(3,10.5),(2,6.5),(0,1.5),(3,10.5),(2,6.5),(3,10.5),(3,10.5),(1,3.5),(2,6.5),(1,3.5),(2,6.5)],[(2,9),(1,4.5),(1,4.5),(2,9),(1,4.5),(2,9),(2,9),(0,1.5),(3,12),(2,9),(1,4.5),(0,1.5)],[(0,3.5),(1,8.5),(0,3.5),(0,3.5),(0,3.5),(2,11.5),(1,8.5),(0,3.5),(1,8.5),(0,3.5),(2,11.5),(1,8.5)],[(0,2),(3,10.5),(1,5),(3,10.5),(3,10.5),(2,7.5),(1,5),(2,7.5),(0,2),(0,2),(3,10.5),(1,5)],[(1,6.5),(0,2),(1,6.5),(0,2),(2,11),(2,11),(1,6.5),(1,6.5),(2,11),(1,6.5),(0,2),(1,6.5)],[(0,3),(0,3),(1,8),(1,8),(3,12),(0,3),(2,11),(1,8),(0,3),(1,8),(1,8),(0,3)],[(0,2.5),(1,7),(1,7),(1,7),(0,2.5),(1,7),(0,2.5),(1,7),(0,2.5),(2,10.5),(2,10.5),(3,12)]]

[[(1),(1),(1)],[(1),(1),(1)],[(1),(1),(1)]];[[(1),(1),(1)],[(1),(1),(1)],[(1),(1),(1)]];[[(1),(1),(1)],[(1),(1),(1)],[(1),(1),(1)]];[[(1),(1),(1)],[(1),(1),(1)],[(1),(1),(1)]]

[[(1),(1),(1)],[(1),(1),(1)],[(1),(1),(1)]];[[(1),(1),(1)],[(1),(1),(1)],[(1),(1),(1)]];[[(1),(1),(1)],[(1),(1),(1)],[(1),(1),(1)]];[[(1),(1),(1)],[(1),(1),(1)],[(1),(1),(1)]]

[[{0,0}(),{0,1}(null,null),{1,0}(0,1),{1,1}(8,2)]];
[[{0,2}(),{0,3}(),{1,2}(14,1),{1,3}(20,1)]];
[[{2,0}(3,2),{2,1}(9,3),{3,0}(),{3,1}(10,4)]];
[[{4,0}(5,3),{4,1}(0,1),{5,0}(6,4),{5,1}(null,null)]];
[[{4,2}(),{4,3}(),{5,2}(),{5,3}(24,2)]]

[[{0,0}(),{0,1}(null,null),{1,0}(0,1),{1,1}(8,2)]];
[[{0,2}(),{0,3}(),{1,2}(14,3),{1,3}(20,4)]];
[[{2,0}(3,1),{2,1}(9,2),{3,0}(),{3,1}(10,1)]];
[[{4,0}(5,2),{4,1}(0,1),{5,0}(6,1),{5,1}(null,null)]];
[[{4,2}(),{4,3}(),{5,2}(),{5,3}(24,2)]]

[[(0,0),(0.25,0),(0.5,3),(0.75,5),(1,6)],[(0,0),(0.25,0),(0.5,8),(0.75,9),(1,10)],[(0,14),(0.25,14),(0.5,14),(0.75,14),(1,14)],[(0,20),(0.25,20),(0.5,20),(0.75,24),(1,24)]]

[[(0,null),(0.25,null),(0.5,null),(0.75,null),(1,null)],[(0,0),(0.25,0),(0.5,8),(0.75,14),(1,20)],[(0,3),(0.25,3),(0.5,3),(0.75,9),(1,9)],[(0,10),(0.25,10),(0.5,10),(0.75,10),(1,10)],[(0,0),(0.25,0),(0.5,0),(0.75,5),(1,5)],[(0,6),(0.25,6),(0.5,6),(0.75,24),(1,24)]]

[(0,0),(0.1,0),(0.2,3),(0.3,5),(0.4,6),(0.5,8),(0.6,9),(0.7,10),(0.8,14),(0.9,20),(1,24)]

[[{1,0}(0),{1,1}(8)]];
[[{1,2}(14),{1,3}(20)]];
[[{2,0}(0),{2,1}(72),{3,1}(720)]];
[[{4,0}(0),{4,1}(0),{5,0}(0)]];
[[{5,3}(480)]]

[[{1,0}(0),{1,1}(0)]];
[[{1,2}(0),{1,3}(0)]];
[[{2,0}(3),{2,1}(27),{3,1}(10)]];
[[{4,0}(5),{4,1}(0),{5,0}(6)]];
[[{5,3}(144)]]

[[(0,0),(0.1,0),(0.2,0),(0.3,0),(0.4,0),(0.5,1),(0.6,1),(0.7,1),(0.8,2),(0.9,3),(1,3)],[(0,0),(0.1,0),(0.2,0),(0.3,0),(0.4,0),(0.5,0),(0.6,1),(0.7,1),(0.8,1),(0.9,1),(1,2)],[(0,0),(0.1,0),(0.2,0),(0.3,0),(0.4,0),(0.5,1),(0.6,1),(0.7,2),(0.8,2),(0.9,2),(1,2)],[(0,0),(0.1,0),(0.2,1),(0.3,1),(0.4,1),(0.5,2),(0.6,3),(0.7,3),(0.8,3),(0.9,3),(1,3)],[(0,0),(0.1,0),(0.2,0),(0.3,0),(0.4,1),(0.5,1),(0.6,2),(0.7,2),(0.8,2),(0.9,3),(1,3)],[(0,0),(0.1,0),(0.2,1),(0.3,1),(0.4,2),(0.5,2),(0.6,2),(0.7,3),(0.8,3),(0.9,3),(1,3)],[(0,0),(0.1,0),(0.2,1),(0.3,1),(0.4,1),(0.5,1),(0.6,2),(0.7,2),(0.8,2),(0.9,2),(1,3)],[(0,0),(0.1,0),(0.2,0),(0.3,0),(0.4,0),(0.5,0),(0.6,1),(0.7,1),(0.8,1),(0.9,2),(1,2)],[(0,0),(0.1,0),(0.2,0),(0.3,1),(0.4,1),(0.5,1),(0.6,2),(0.7,3),(0.8,3),(0.9,3),(1,3)],[(0,0),(0.1,0),(0.2,0),(0.3,1),(0.4,1),(0.5,1),(0.6,1),(0.7,1),(0.8,2),(0.9,2),(1,2)],[(0,0),(0.1,0),(0.2,0),(0.3,0),(0.4,0),(0.5,1),(0.6,1),(0.7,1),(0.8,1),(0.9,2),(1,3)],[(0,0),(0.1,0),(0.2,0),(0.3,0),(0.4,1),(0.5,1),(0.6,1),(0.7,1),(0.8,2),(0.9,2),(1,3)]]

[[(0,0),(0.1,0),(0.2,0),(0.3,0),(0.4,0),(0.5,0),(0.6,1),(0.7,1),(0.8,1),(0.9,2),(1,3)],[(0,0),(0.1,0),(0.2,0),(0.3,1),(0.4,1),(0.5,1),(0.6,1),(0.7,3),(0.8,3),(0.9,3),(1,3)],[(0,0),(0.1,0),(0.2,1),(0.3,1),(0.4,1),(0.5,1),(0.6,1),(0.7,1),(0.8,2),(0.9,2),(1,3)],[(0,0),(0.1,0),(0.2,0),(0.3,0),(0.4,0),(0.5,1),(0.6,2),(0.7,2),(0.8,2),(0.9,3),(1,3)],[(0,0),(0.1,0),(0.2,0),(0.3,0),(0.4,1),(0.5,1),(0.6,2),(0.7,3),(0.8,3),(0.9,3),(1,3)],[(0,0),(0.1,0),(0.2,1),(0.3,1),(0.4,2),(0.5,2),(0.6,2),(0.7,2),(0.8,2),(0.9,2),(1,3)],[(0,0),(0.1,0),(0.2,0),(0.3,1),(0.4,1),(0.5,1),(0.6,1),(0.7,2),(0.8,2),(0.9,2),(1,3)],[(0,0),(0.1,0),(0.2,0),(0.3,0),(0.4,1),(0.5,1),(0.6,2),(0.7,2),(0.8,2),(0.9,3),(1,3)],[(0,0),(0.1,0),(0.2,0),(0.3,0),(0.4,0),(0.5,1),(0.6,1),(0.7,1),(0.8,1),(0.9,2),(1,3)],[(0,0),(0.1,0),(0.2,0),(0.3,0),(0.4,1),(0.5,1),(0.6,1),(0.7,2),(0.8,2),(0.9,2),(1,3)],[(0,0),(0.1,0),(0.2,0),(0.3,1),(0.4,1),(0.5,1),(0.6,1),(0.7,2),(0.8,2),(0.9,3),(1,3)],[(0,0),(0.1,0),(0.2,0),(0.3,0),(0.4,0),(0.5,1),(0.6,1),(0.7,1),(0.8,2),(0.9,2),(1,3)]]

[[(1),(1),(1)],[(1),(1),(1)],[(1),(1),(1)]];[[(1),(1),(1)],[(1),(1),(1)],[(1),(1),(1)]];[[(1),(1),(1)],[(1),(1),(1)],[(1),(1),(1)]];[[(1),(1),(1)],[(1),(1),(1)],[(1),(1),(1)]]

Query was executed successfully

Query was executed successfully

Query was executed successfully

Query was executed successfully

Query was executed successfully

Query was executed successfully

