2011-10-08 02:21:22,801 INFO EXECUTOR[140160741271296] - logger SYSTEM ENABLED
2011-10-08 02:21:22,801 INFO EXECUTOR[140160741271296] - Parsing test case file : /build/p4-trunk/p4trunk/test/linear_algebra_tests/testcases/t/la_manhattan.test
2011-10-08 02:21:22,801 INFO EXECUTOR[140160741271296] - found SETUP section.
2011-10-08 02:21:22,801 INFO EXECUTOR[140160741271296] - found TEST section.
2011-10-08 02:21:22,801 INFO EXECUTOR[140160741271296] - found CLEANUP section.
2011-10-08 02:21:22,801 INFO EXECUTOR[140160741271296] - Done Parsing test case file...
2011-10-08 02:21:22,801 INFO EXECUTOR[140160741271296] - Printing Parsed Vector : 
2011-10-08 02:21:22,801 INFO EXECUTOR[140160741271296] - --setup ||
2011-10-08 02:21:22,801 INFO EXECUTOR[140160741271296] - 	--afl |CREATE ARRAY p4_manhattan_test1 <a:double> [x=0:9,5,0, y=0:9,5,0]|
2011-10-08 02:21:22,801 INFO EXECUTOR[140160741271296] - 	--afl |CREATE ARRAY p4_manhattan_test2 <a:double> [x=0:14,5,0, y=0:5,2,0]|
2011-10-08 02:21:22,801 INFO EXECUTOR[140160741271296] - 	--afl |CREATE ARRAY p4_manhattan_test3 <a:double> [x=0:15,4,0, y=0:7,2,0]|
2011-10-08 02:21:22,801 INFO EXECUTOR[140160741271296] - 	--afl |CREATE ARRAY p4_manhattan_test4 <a:double> [x=0:5,2,0, y=0:14,15,0]|
2011-10-08 02:21:22,801 INFO EXECUTOR[140160741271296] - 	--afl |CREATE ARRAY p4_manhattan_test5 <a:double> [x=0:7,8,0, y=0:15,16,0]|
2011-10-08 02:21:22,801 INFO EXECUTOR[140160741271296] - 	--afl |load(p4_manhattan_test1, '../p4test/p4_manhattan_test1.txt')|
2011-10-08 02:21:22,801 INFO EXECUTOR[140160741271296] - 	--afl |load(p4_manhattan_test2, '../p4test/p4_manhattan_test2.txt')|
2011-10-08 02:21:22,801 INFO EXECUTOR[140160741271296] - 	--afl |load(p4_manhattan_test3, '../p4test/p4_manhattan_test3.txt')|
2011-10-08 02:21:22,801 INFO EXECUTOR[140160741271296] - 	--afl |load(p4_manhattan_test4, '../p4test/p4_manhattan_test4.txt')|
2011-10-08 02:21:22,801 INFO EXECUTOR[140160741271296] - 	--afl |load(p4_manhattan_test5, '../p4test/p4_manhattan_test5.txt')|
2011-10-08 02:21:22,801 INFO EXECUTOR[140160741271296] - --test ||
2011-10-08 02:21:22,801 INFO EXECUTOR[140160741271296] - 	--afl |manhattan(p4_manhattan_test1,p4_manhattan_test1)|
2011-10-08 02:21:22,801 INFO EXECUTOR[140160741271296] - 	--afl |manhattan(p4_manhattan_test2,p4_manhattan_test2)|
2011-10-08 02:21:22,801 INFO EXECUTOR[140160741271296] - 	--afl |manhattan(p4_manhattan_test3,p4_manhattan_test3)|
2011-10-08 02:21:22,801 INFO EXECUTOR[140160741271296] - 	--afl |manhattan(p4_manhattan_test4,p4_manhattan_test4)|
2011-10-08 02:21:22,801 INFO EXECUTOR[140160741271296] - 	--afl |manhattan(p4_manhattan_test5,p4_manhattan_test5)|
2011-10-08 02:21:22,801 INFO EXECUTOR[140160741271296] - --cleanup ||
2011-10-08 02:21:22,801 INFO EXECUTOR[140160741271296] - 	--afl |remove(p4_manhattan_test1)|
2011-10-08 02:21:22,801 INFO EXECUTOR[140160741271296] - 	--afl |remove(p4_manhattan_test2)|
2011-10-08 02:21:22,801 INFO EXECUTOR[140160741271296] - 	--afl |remove(p4_manhattan_test3)|
2011-10-08 02:21:22,801 INFO EXECUTOR[140160741271296] - 	--afl |remove(p4_manhattan_test4)|
2011-10-08 02:21:22,801 INFO EXECUTOR[140160741271296] - 	--afl |remove(p4_manhattan_test5)|
2011-10-08 02:21:22,802 INFO EXECUTOR[140160741271296] - Done Printing Parsed Vector... 
2011-10-08 02:21:22,802 INFO EXECUTOR[140160741271296] - Starting executing the test case ...
2011-10-08 02:21:22,802 INFO EXECUTOR[140160741271296] - No [preSetup] commands found.
2011-10-08 02:21:22,802 INFO EXECUTOR[140160741271296] - Executing [SETUP] section.
2011-10-08 02:21:22,802 INFO EXECUTOR[140160741271296] - Executing Command --setup
2011-10-08 02:21:22,802 INFO EXECUTOR[140160741271296] - Executing Command --afl
2011-10-08 02:21:22,802 INFO EXECUTOR[140160741271296] - Executing query : <CREATE ARRAY p4_manhattan_test1 <a:double> [x=0:9,5,0, y=0:9,5,0]>
2011-10-08 02:21:22,818 INFO EXECUTOR[140160741271296] - Executing Command --afl
2011-10-08 02:21:22,818 INFO EXECUTOR[140160741271296] - Executing query : <CREATE ARRAY p4_manhattan_test2 <a:double> [x=0:14,5,0, y=0:5,2,0]>
2011-10-08 02:21:22,822 INFO EXECUTOR[140160741271296] - Executing Command --afl
2011-10-08 02:21:22,822 INFO EXECUTOR[140160741271296] - Executing query : <CREATE ARRAY p4_manhattan_test3 <a:double> [x=0:15,4,0, y=0:7,2,0]>
2011-10-08 02:21:22,844 INFO EXECUTOR[140160741271296] - Executing Command --afl
2011-10-08 02:21:22,844 INFO EXECUTOR[140160741271296] - Executing query : <CREATE ARRAY p4_manhattan_test4 <a:double> [x=0:5,2,0, y=0:14,15,0]>
2011-10-08 02:21:22,848 INFO EXECUTOR[140160741271296] - Executing Command --afl
2011-10-08 02:21:22,848 INFO EXECUTOR[140160741271296] - Executing query : <CREATE ARRAY p4_manhattan_test5 <a:double> [x=0:7,8,0, y=0:15,16,0]>
2011-10-08 02:21:22,852 INFO EXECUTOR[140160741271296] - Executing Command --afl
2011-10-08 02:21:22,852 INFO EXECUTOR[140160741271296] - Executing query : <load(p4_manhattan_test1, '../p4test/p4_manhattan_test1.txt')>
2011-10-08 02:21:22,890 INFO EXECUTOR[140160741271296] - Executing Command --afl
2011-10-08 02:21:22,890 INFO EXECUTOR[140160741271296] - Executing query : <load(p4_manhattan_test2, '../p4test/p4_manhattan_test2.txt')>
2011-10-08 02:21:22,945 INFO EXECUTOR[140160741271296] - Executing Command --afl
2011-10-08 02:21:22,945 INFO EXECUTOR[140160741271296] - Executing query : <load(p4_manhattan_test3, '../p4test/p4_manhattan_test3.txt')>
2011-10-08 02:21:23,013 INFO EXECUTOR[140160741271296] - Executing Command --afl
2011-10-08 02:21:23,013 INFO EXECUTOR[140160741271296] - Executing query : <load(p4_manhattan_test4, '../p4test/p4_manhattan_test4.txt')>
2011-10-08 02:21:23,061 INFO EXECUTOR[140160741271296] - Executing Command --afl
2011-10-08 02:21:23,061 INFO EXECUTOR[140160741271296] - Executing query : <load(p4_manhattan_test5, '../p4test/p4_manhattan_test5.txt')>
2011-10-08 02:21:23,102 INFO EXECUTOR[140160741271296] - Executing [TEST] section.
2011-10-08 02:21:23,102 INFO EXECUTOR[140160741271296] - Executing Command --test
2011-10-08 02:21:23,102 INFO EXECUTOR[140160741271296] - Executing Command --afl
2011-10-08 02:21:23,102 INFO EXECUTOR[140160741271296] - Executing query : <manhattan(p4_manhattan_test1,p4_manhattan_test1)>
2011-10-08 02:21:23,112 INFO EXECUTOR[140160741271296] - Executing Command --afl
2011-10-08 02:21:23,112 INFO EXECUTOR[140160741271296] - Executing query : <manhattan(p4_manhattan_test2,p4_manhattan_test2)>
2011-10-08 02:21:23,124 INFO EXECUTOR[140160741271296] - Executing Command --afl
2011-10-08 02:21:23,124 INFO EXECUTOR[140160741271296] - Executing query : <manhattan(p4_manhattan_test3,p4_manhattan_test3)>
2011-10-08 02:21:23,168 INFO EXECUTOR[140160741271296] - Executing Command --afl
2011-10-08 02:21:23,168 INFO EXECUTOR[140160741271296] - Executing query : <manhattan(p4_manhattan_test4,p4_manhattan_test4)>
2011-10-08 02:21:23,179 INFO EXECUTOR[140160741271296] - Executing Command --afl
2011-10-08 02:21:23,179 INFO EXECUTOR[140160741271296] - Executing query : <manhattan(p4_manhattan_test5,p4_manhattan_test5)>
2011-10-08 02:21:23,190 INFO EXECUTOR[140160741271296] - Executing [CLEANUP] section.
2011-10-08 02:21:23,190 INFO EXECUTOR[140160741271296] - Executing Command --cleanup
2011-10-08 02:21:23,190 INFO EXECUTOR[140160741271296] - Executing Command --afl
2011-10-08 02:21:23,190 INFO EXECUTOR[140160741271296] - Executing query : <remove(p4_manhattan_test1)>
2011-10-08 02:21:23,205 INFO EXECUTOR[140160741271296] - Executing Command --afl
2011-10-08 02:21:23,205 INFO EXECUTOR[140160741271296] - Executing query : <remove(p4_manhattan_test2)>
2011-10-08 02:21:23,238 INFO EXECUTOR[140160741271296] - Executing Command --afl
2011-10-08 02:21:23,238 INFO EXECUTOR[140160741271296] - Executing query : <remove(p4_manhattan_test3)>
2011-10-08 02:21:23,250 INFO EXECUTOR[140160741271296] - Executing Command --afl
2011-10-08 02:21:23,250 INFO EXECUTOR[140160741271296] - Executing query : <remove(p4_manhattan_test4)>
2011-10-08 02:21:23,259 INFO EXECUTOR[140160741271296] - Executing Command --afl
2011-10-08 02:21:23,259 INFO EXECUTOR[140160741271296] - Executing query : <remove(p4_manhattan_test5)>
2011-10-08 02:21:23,267 INFO EXECUTOR[140160741271296] - Done executing the test case ...
2011-10-08 02:21:23,267 INFO EXECUTOR[140160741271296] - EXECUTOR returning SUCCESS to the caller.
