2011-10-08 02:21:23,274 INFO EXECUTOR[140160741271296] - logger SYSTEM ENABLED
2011-10-08 02:21:23,274 INFO EXECUTOR[140160741271296] - Parsing test case file : /build/p4-trunk/p4trunk/test/linear_algebra_tests/testcases/t/la_mixed.test
2011-10-08 02:21:23,274 INFO EXECUTOR[140160741271296] - found SETUP section.
2011-10-08 02:21:23,274 INFO EXECUTOR[140160741271296] - found TEST section.
2011-10-08 02:21:23,274 INFO EXECUTOR[140160741271296] - found CLEANUP section.
2011-10-08 02:21:23,274 INFO EXECUTOR[140160741271296] - Done Parsing test case file...
2011-10-08 02:21:23,274 INFO EXECUTOR[140160741271296] - Printing Parsed Vector : 
2011-10-08 02:21:23,274 INFO EXECUTOR[140160741271296] - --setup ||
2011-10-08 02:21:23,274 INFO EXECUTOR[140160741271296] - 	--afl |CREATE IMMUTABLE ARRAY dense <a: double > [x=0:5,3,0, y=0:5,3,0]|
2011-10-08 02:21:23,274 INFO EXECUTOR[140160741271296] - 	--afl |load(dense, '../p4test/dense.txt')|
2011-10-08 02:21:23,274 INFO EXECUTOR[140160741271296] - 	--afl |CREATE IMMUTABLE ARRAY v10 <a: double > [x=1:10,10,0]|
2011-10-08 02:21:23,274 INFO EXECUTOR[140160741271296] - 	--afl |load(v10, '../p4test/v10.txt')|
2011-10-08 02:21:23,274 INFO EXECUTOR[140160741271296] - 	--afl |CREATE IMMUTABLE ARRAY expr1 <a:int64, b:int64>[x=1:5,2,0, y=1:5,2,0]|
2011-10-08 02:21:23,274 INFO EXECUTOR[140160741271296] - 	--afl |load(expr1, '../p4test/expr1.txt')|
2011-10-08 02:21:23,275 INFO EXECUTOR[140160741271296] - 	--afl |create empty array teeth_u <val:int64 null> [x=0:*,2,0,y=0:*,2,0]|
2011-10-08 02:21:23,275 INFO EXECUTOR[140160741271296] - 	--afl |load(teeth_u, '../p4test/teeth.txt')|
2011-10-08 02:21:23,275 INFO EXECUTOR[140160741271296] - 	--afl |create empty array evec <a:double NOT NULL>[x=0:9,10,0, y=0:0,1,0]|
2011-10-08 02:21:23,275 INFO EXECUTOR[140160741271296] - 	--afl |load(evec, '../p4test/evec.txt')|
2011-10-08 02:21:23,275 INFO EXECUTOR[140160741271296] - 	--afl |CREATE ARRAY quant <a:double> [x=0:11,12,0, y=0:11,12,0]|
2011-10-08 02:21:23,275 INFO EXECUTOR[140160741271296] - 	--afl |load(quant, '../p4test/quant.txt')|
2011-10-08 02:21:23,275 INFO EXECUTOR[140160741271296] - --test ||
2011-10-08 02:21:23,275 INFO EXECUTOR[140160741271296] - 	--afl |covariance(dense,dense)|
2011-10-08 02:21:23,275 INFO EXECUTOR[140160741271296] - 	--afl |cumsum(v10)|
2011-10-08 02:21:23,275 INFO EXECUTOR[140160741271296] - 	--afl |cumsum(expr1,a,y)|
2011-10-08 02:21:23,275 INFO EXECUTOR[140160741271296] - 	--afl |cumsum(expr1,b,x)|
2011-10-08 02:21:23,275 INFO EXECUTOR[140160741271296] - 	--afl |cumsum(teeth_u)|
2011-10-08 02:21:23,275 INFO EXECUTOR[140160741271296] - 	--afl |cumsum(teeth_u,val,y)|
2011-10-08 02:21:23,275 INFO EXECUTOR[140160741271296] - 	--afl |euclidean(dense,dense)|
2011-10-08 02:21:23,275 INFO EXECUTOR[140160741271296] - 	--afl |manhattan(dense,dense)|
2011-10-08 02:21:23,275 INFO EXECUTOR[140160741271296] - 	--afl |spearman(dense,dense)|
2011-10-08 02:21:23,275 INFO EXECUTOR[140160741271296] - 	--afl |rank(dense)|
2011-10-08 02:21:23,275 INFO EXECUTOR[140160741271296] - 	--afl |rank(dense,a,x)|
2011-10-08 02:21:23,275 INFO EXECUTOR[140160741271296] - 	--afl |rank(dense,a,y)|
2011-10-08 02:21:23,275 INFO EXECUTOR[140160741271296] - 	--afl |rank(evec,a,x)|
2011-10-08 02:21:23,275 INFO EXECUTOR[140160741271296] - 	--afl |avg_rank(quant,a,x)|
2011-10-08 02:21:23,275 INFO EXECUTOR[140160741271296] - 	--afl |kendall(dense, dense)|
2011-10-08 02:21:23,275 INFO EXECUTOR[140160741271296] - 	--afl |pearson(dense, dense)|
2011-10-08 02:21:23,275 INFO EXECUTOR[140160741271296] - 	--afl |rank(teeth_u,val,y)|
2011-10-08 02:21:23,275 INFO EXECUTOR[140160741271296] - 	--afl |rank(teeth_u,val,x)|
2011-10-08 02:21:23,275 INFO EXECUTOR[140160741271296] - 	--afl |quantile(teeth_u,4,val,y)|
2011-10-08 02:21:23,275 INFO EXECUTOR[140160741271296] - 	--afl |quantile(teeth_u,4,val,x)|
2011-10-08 02:21:23,275 INFO EXECUTOR[140160741271296] - 	--afl |quantile(teeth_u,10)|
2011-10-08 02:21:23,275 INFO EXECUTOR[140160741271296] - 	--afl |cumprod(teeth_u)|
2011-10-08 02:21:23,275 INFO EXECUTOR[140160741271296] - 	--afl |cumprod(teeth_u,val,y)|
2011-10-08 02:21:23,275 INFO EXECUTOR[140160741271296] - 	--afl |quantile(quant,10,a,x)|
2011-10-08 02:21:23,275 INFO EXECUTOR[140160741271296] - 	--afl |quantile(quant,10,a,y)|
2011-10-08 02:21:23,275 INFO EXECUTOR[140160741271296] - 	--afl |corr(dense,dense,'kendall')|
2011-10-08 02:21:23,275 INFO EXECUTOR[140160741271296] - --cleanup ||
2011-10-08 02:21:23,275 INFO EXECUTOR[140160741271296] - 	--afl |remove(dense)|
2011-10-08 02:21:23,275 INFO EXECUTOR[140160741271296] - 	--afl |remove(v10)|
2011-10-08 02:21:23,275 INFO EXECUTOR[140160741271296] - 	--afl |remove(expr1)|
2011-10-08 02:21:23,275 INFO EXECUTOR[140160741271296] - 	--afl |remove(teeth_u)|
2011-10-08 02:21:23,275 INFO EXECUTOR[140160741271296] - 	--afl |remove(evec)|
2011-10-08 02:21:23,275 INFO EXECUTOR[140160741271296] - 	--afl |remove(quant)|
2011-10-08 02:21:23,275 INFO EXECUTOR[140160741271296] - Done Printing Parsed Vector... 
2011-10-08 02:21:23,275 INFO EXECUTOR[140160741271296] - Starting executing the test case ...
2011-10-08 02:21:23,275 INFO EXECUTOR[140160741271296] - No [preSetup] commands found.
2011-10-08 02:21:23,275 INFO EXECUTOR[140160741271296] - Executing [SETUP] section.
2011-10-08 02:21:23,275 INFO EXECUTOR[140160741271296] - Executing Command --setup
2011-10-08 02:21:23,275 INFO EXECUTOR[140160741271296] - Executing Command --afl
2011-10-08 02:21:23,275 INFO EXECUTOR[140160741271296] - Executing query : <CREATE IMMUTABLE ARRAY dense <a: double > [x=0:5,3,0, y=0:5,3,0]>
2011-10-08 02:21:23,280 INFO EXECUTOR[140160741271296] - Executing Command --afl
2011-10-08 02:21:23,280 INFO EXECUTOR[140160741271296] - Executing query : <load(dense, '../p4test/dense.txt')>
2011-10-08 02:21:23,317 INFO EXECUTOR[140160741271296] - Executing Command --afl
2011-10-08 02:21:23,318 INFO EXECUTOR[140160741271296] - Executing query : <CREATE IMMUTABLE ARRAY v10 <a: double > [x=1:10,10,0]>
2011-10-08 02:21:23,322 INFO EXECUTOR[140160741271296] - Executing Command --afl
2011-10-08 02:21:23,322 INFO EXECUTOR[140160741271296] - Executing query : <load(v10, '../p4test/v10.txt')>
2011-10-08 02:21:23,336 INFO EXECUTOR[140160741271296] - Executing Command --afl
2011-10-08 02:21:23,336 INFO EXECUTOR[140160741271296] - Executing query : <CREATE IMMUTABLE ARRAY expr1 <a:int64, b:int64>[x=1:5,2,0, y=1:5,2,0]>
2011-10-08 02:21:23,340 INFO EXECUTOR[140160741271296] - Executing Command --afl
2011-10-08 02:21:23,340 INFO EXECUTOR[140160741271296] - Executing query : <load(expr1, '../p4test/expr1.txt')>
2011-10-08 02:21:23,360 INFO EXECUTOR[140160741271296] - Executing Command --afl
2011-10-08 02:21:23,360 INFO EXECUTOR[140160741271296] - Executing query : <create empty array teeth_u <val:int64 null> [x=0:*,2,0,y=0:*,2,0]>
2011-10-08 02:21:23,376 INFO EXECUTOR[140160741271296] - Executing Command --afl
2011-10-08 02:21:23,376 INFO EXECUTOR[140160741271296] - Executing query : <load(teeth_u, '../p4test/teeth.txt')>
2011-10-08 02:21:23,441 INFO EXECUTOR[140160741271296] - Executing Command --afl
2011-10-08 02:21:23,441 INFO EXECUTOR[140160741271296] - Executing query : <create empty array evec <a:double NOT NULL>[x=0:9,10,0, y=0:0,1,0]>
2011-10-08 02:21:23,455 INFO EXECUTOR[140160741271296] - Executing Command --afl
2011-10-08 02:21:23,455 INFO EXECUTOR[140160741271296] - Executing query : <load(evec, '../p4test/evec.txt')>
2011-10-08 02:21:23,490 INFO EXECUTOR[140160741271296] - Executing Command --afl
2011-10-08 02:21:23,490 INFO EXECUTOR[140160741271296] - Executing query : <CREATE ARRAY quant <a:double> [x=0:11,12,0, y=0:11,12,0]>
2011-10-08 02:21:23,494 INFO EXECUTOR[140160741271296] - Executing Command --afl
2011-10-08 02:21:23,494 INFO EXECUTOR[140160741271296] - Executing query : <load(quant, '../p4test/quant.txt')>
2011-10-08 02:21:23,534 INFO EXECUTOR[140160741271296] - Executing [TEST] section.
2011-10-08 02:21:23,534 INFO EXECUTOR[140160741271296] - Executing Command --test
2011-10-08 02:21:23,534 INFO EXECUTOR[140160741271296] - Executing Command --afl
2011-10-08 02:21:23,534 INFO EXECUTOR[140160741271296] - Executing query : <covariance(dense,dense)>
2011-10-08 02:21:23,557 INFO EXECUTOR[140160741271296] - Executing Command --afl
2011-10-08 02:21:23,557 INFO EXECUTOR[140160741271296] - Executing query : <cumsum(v10)>
2011-10-08 02:21:23,562 INFO EXECUTOR[140160741271296] - Executing Command --afl
2011-10-08 02:21:23,562 INFO EXECUTOR[140160741271296] - Executing query : <cumsum(expr1,a,y)>
2011-10-08 02:21:23,569 INFO EXECUTOR[140160741271296] - Executing Command --afl
2011-10-08 02:21:23,569 INFO EXECUTOR[140160741271296] - Executing query : <cumsum(expr1,b,x)>
2011-10-08 02:21:23,585 INFO EXECUTOR[140160741271296] - Executing Command --afl
2011-10-08 02:21:23,585 INFO EXECUTOR[140160741271296] - Executing query : <cumsum(teeth_u)>
2011-10-08 02:21:23,594 INFO EXECUTOR[140160741271296] - Executing Command --afl
2011-10-08 02:21:23,594 INFO EXECUTOR[140160741271296] - Executing query : <cumsum(teeth_u,val,y)>
2011-10-08 02:21:23,612 INFO EXECUTOR[140160741271296] - Executing Command --afl
2011-10-08 02:21:23,612 INFO EXECUTOR[140160741271296] - Executing query : <euclidean(dense,dense)>
2011-10-08 02:21:23,620 INFO EXECUTOR[140160741271296] - Executing Command --afl
2011-10-08 02:21:23,620 INFO EXECUTOR[140160741271296] - Executing query : <manhattan(dense,dense)>
2011-10-08 02:21:23,629 INFO EXECUTOR[140160741271296] - Executing Command --afl
2011-10-08 02:21:23,629 INFO EXECUTOR[140160741271296] - Executing query : <spearman(dense,dense)>
2011-10-08 02:21:23,658 INFO EXECUTOR[140160741271296] - Executing Command --afl
2011-10-08 02:21:23,658 INFO EXECUTOR[140160741271296] - Executing query : <rank(dense)>
2011-10-08 02:21:23,664 INFO EXECUTOR[140160741271296] - Executing Command --afl
2011-10-08 02:21:23,664 INFO EXECUTOR[140160741271296] - Executing query : <rank(dense,a,x)>
2011-10-08 02:21:23,670 INFO EXECUTOR[140160741271296] - Executing Command --afl
2011-10-08 02:21:23,670 INFO EXECUTOR[140160741271296] - Executing query : <rank(dense,a,y)>
2011-10-08 02:21:23,675 INFO EXECUTOR[140160741271296] - Executing Command --afl
2011-10-08 02:21:23,675 INFO EXECUTOR[140160741271296] - Executing query : <rank(evec,a,x)>
2011-10-08 02:21:23,681 INFO EXECUTOR[140160741271296] - Executing Command --afl
2011-10-08 02:21:23,681 INFO EXECUTOR[140160741271296] - Executing query : <avg_rank(quant,a,x)>
2011-10-08 02:21:23,688 INFO EXECUTOR[140160741271296] - Executing Command --afl
2011-10-08 02:21:23,688 INFO EXECUTOR[140160741271296] - Executing query : <kendall(dense, dense)>
2011-10-08 02:21:23,697 INFO EXECUTOR[140160741271296] - Executing Command --afl
2011-10-08 02:21:23,697 INFO EXECUTOR[140160741271296] - Executing query : <pearson(dense, dense)>
2011-10-08 02:21:23,706 INFO EXECUTOR[140160741271296] - Executing Command --afl
2011-10-08 02:21:23,706 INFO EXECUTOR[140160741271296] - Executing query : <rank(teeth_u,val,y)>
2011-10-08 02:21:23,714 INFO EXECUTOR[140160741271296] - Executing Command --afl
2011-10-08 02:21:23,714 INFO EXECUTOR[140160741271296] - Executing query : <rank(teeth_u,val,x)>
2011-10-08 02:21:23,722 INFO EXECUTOR[140160741271296] - Executing Command --afl
2011-10-08 02:21:23,722 INFO EXECUTOR[140160741271296] - Executing query : <quantile(teeth_u,4,val,y)>
2011-10-08 02:21:23,729 INFO EXECUTOR[140160741271296] - Executing Command --afl
2011-10-08 02:21:23,729 INFO EXECUTOR[140160741271296] - Executing query : <quantile(teeth_u,4,val,x)>
2011-10-08 02:21:23,738 INFO EXECUTOR[140160741271296] - Executing Command --afl
2011-10-08 02:21:23,738 INFO EXECUTOR[140160741271296] - Executing query : <quantile(teeth_u,10)>
2011-10-08 02:21:23,745 INFO EXECUTOR[140160741271296] - Executing Command --afl
2011-10-08 02:21:23,745 INFO EXECUTOR[140160741271296] - Executing query : <cumprod(teeth_u)>
2011-10-08 02:21:23,763 INFO EXECUTOR[140160741271296] - Executing Command --afl
2011-10-08 02:21:23,763 INFO EXECUTOR[140160741271296] - Executing query : <cumprod(teeth_u,val,y)>
2011-10-08 02:21:23,772 INFO EXECUTOR[140160741271296] - Executing Command --afl
2011-10-08 02:21:23,772 INFO EXECUTOR[140160741271296] - Executing query : <quantile(quant,10,a,x)>
2011-10-08 02:21:23,784 INFO EXECUTOR[140160741271296] - Executing Command --afl
2011-10-08 02:21:23,784 INFO EXECUTOR[140160741271296] - Executing query : <quantile(quant,10,a,y)>
2011-10-08 02:21:23,794 INFO EXECUTOR[140160741271296] - Executing Command --afl
2011-10-08 02:21:23,794 INFO EXECUTOR[140160741271296] - Executing query : <corr(dense,dense,'kendall')>
2011-10-08 02:21:23,812 INFO EXECUTOR[140160741271296] - Executing [CLEANUP] section.
2011-10-08 02:21:23,812 INFO EXECUTOR[140160741271296] - Executing Command --cleanup
2011-10-08 02:21:23,812 INFO EXECUTOR[140160741271296] - Executing Command --afl
2011-10-08 02:21:23,812 INFO EXECUTOR[140160741271296] - Executing query : <remove(dense)>
2011-10-08 02:21:23,821 INFO EXECUTOR[140160741271296] - Executing Command --afl
2011-10-08 02:21:23,821 INFO EXECUTOR[140160741271296] - Executing query : <remove(v10)>
2011-10-08 02:21:23,830 INFO EXECUTOR[140160741271296] - Executing Command --afl
2011-10-08 02:21:23,830 INFO EXECUTOR[140160741271296] - Executing query : <remove(expr1)>
2011-10-08 02:21:23,837 INFO EXECUTOR[140160741271296] - Executing Command --afl
2011-10-08 02:21:23,837 INFO EXECUTOR[140160741271296] - Executing query : <remove(teeth_u)>
2011-10-08 02:21:23,847 INFO EXECUTOR[140160741271296] - Executing Command --afl
2011-10-08 02:21:23,847 INFO EXECUTOR[140160741271296] - Executing query : <remove(evec)>
2011-10-08 02:21:23,879 INFO EXECUTOR[140160741271296] - Executing Command --afl
2011-10-08 02:21:23,879 INFO EXECUTOR[140160741271296] - Executing query : <remove(quant)>
2011-10-08 02:21:23,888 INFO EXECUTOR[140160741271296] - Done executing the test case ...
2011-10-08 02:21:23,888 INFO EXECUTOR[140160741271296] - EXECUTOR returning SUCCESS to the caller.
