2011-10-08 02:21:24,659 INFO EXECUTOR[140160741271296] - logger SYSTEM ENABLED
2011-10-08 02:21:24,659 INFO EXECUTOR[140160741271296] - Parsing test case file : /build/p4-trunk/p4trunk/test/linear_algebra_tests/testcases/t/la_quantile.test
2011-10-08 02:21:24,659 INFO EXECUTOR[140160741271296] - found SETUP section.
2011-10-08 02:21:24,659 INFO EXECUTOR[140160741271296] - found TEST section.
2011-10-08 02:21:24,659 INFO EXECUTOR[140160741271296] - found CLEANUP section.
2011-10-08 02:21:24,659 INFO EXECUTOR[140160741271296] - Done Parsing test case file...
2011-10-08 02:21:24,659 INFO EXECUTOR[140160741271296] - Printing Parsed Vector : 
2011-10-08 02:21:24,659 INFO EXECUTOR[140160741271296] - --setup ||
2011-10-08 02:21:24,659 INFO EXECUTOR[140160741271296] - 	--afl |CREATE ARRAY p4_quantile_test1 <a:double> [x=0:11,12,0, y=0:11,12,0]|
2011-10-08 02:21:24,659 INFO EXECUTOR[140160741271296] - 	--afl |CREATE ARRAY p4_quantile_test2 <a:double> [x=0:14,5,0, y=0:7,4,0]|
2011-10-08 02:21:24,659 INFO EXECUTOR[140160741271296] - 	--afl |CREATE IMMUTABLE ARRAY dense <a: double > [x=0:5,3,0, y=0:5,3,0]|
2011-10-08 02:21:24,659 INFO EXECUTOR[140160741271296] - 	--afl |create empty array evec <a:double NOT NULL>[x=0:9,10,0, y=0:0,1,0]|
2011-10-08 02:21:24,659 INFO EXECUTOR[140160741271296] - 	--afl |load( p4_quantile_test1, '../p4test/p4_quantile_test1.txt', 0)|
2011-10-08 02:21:24,659 INFO EXECUTOR[140160741271296] - 	--afl |load( p4_quantile_test2, '../p4test/p4_quantile_test2.txt', 0)|
2011-10-08 02:21:24,659 INFO EXECUTOR[140160741271296] - 	--afl |load(dense, '../p4test/dense.txt')|
2011-10-08 02:21:24,659 INFO EXECUTOR[140160741271296] - 	--afl |load(evec, '../p4test/evec.txt')|
2011-10-08 02:21:24,659 INFO EXECUTOR[140160741271296] - --test ||
2011-10-08 02:21:24,659 INFO EXECUTOR[140160741271296] - 	--afl |quantile(p4_quantile_test1,5)|
2011-10-08 02:21:24,659 INFO EXECUTOR[140160741271296] - 	--afl |quantile(p4_quantile_test2,10)|
2011-10-08 02:21:24,659 INFO EXECUTOR[140160741271296] - 	--afl |quantile(p4_quantile_test2,5,a,x)|
2011-10-08 02:21:24,659 INFO EXECUTOR[140160741271296] - 	--afl |quantile(dense,10,a,x)|
2011-10-08 02:21:24,659 INFO EXECUTOR[140160741271296] - 	--afl |quantile(dense,10,a,y)|
2011-10-08 02:21:24,659 INFO EXECUTOR[140160741271296] - 	--afl |quantile(evec,2,a,x)|
2011-10-08 02:21:24,659 INFO EXECUTOR[140160741271296] - --cleanup ||
2011-10-08 02:21:24,659 INFO EXECUTOR[140160741271296] - 	--afl |remove(p4_quantile_test1)|
2011-10-08 02:21:24,659 INFO EXECUTOR[140160741271296] - 	--afl |remove(p4_quantile_test2)|
2011-10-08 02:21:24,659 INFO EXECUTOR[140160741271296] - 	--afl |remove(dense)|
2011-10-08 02:21:24,659 INFO EXECUTOR[140160741271296] - 	--afl |remove(evec)|
2011-10-08 02:21:24,659 INFO EXECUTOR[140160741271296] - Done Printing Parsed Vector... 
2011-10-08 02:21:24,659 INFO EXECUTOR[140160741271296] - Starting executing the test case ...
2011-10-08 02:21:24,660 INFO EXECUTOR[140160741271296] - No [preSetup] commands found.
2011-10-08 02:21:24,660 INFO EXECUTOR[140160741271296] - Executing [SETUP] section.
2011-10-08 02:21:24,660 INFO EXECUTOR[140160741271296] - Executing Command --setup
2011-10-08 02:21:24,660 INFO EXECUTOR[140160741271296] - Executing Command --afl
2011-10-08 02:21:24,660 INFO EXECUTOR[140160741271296] - Executing query : <CREATE ARRAY p4_quantile_test1 <a:double> [x=0:11,12,0, y=0:11,12,0]>
2011-10-08 02:21:24,676 INFO EXECUTOR[140160741271296] - Executing Command --afl
2011-10-08 02:21:24,676 INFO EXECUTOR[140160741271296] - Executing query : <CREATE ARRAY p4_quantile_test2 <a:double> [x=0:14,5,0, y=0:7,4,0]>
2011-10-08 02:21:24,680 INFO EXECUTOR[140160741271296] - Executing Command --afl
2011-10-08 02:21:24,680 INFO EXECUTOR[140160741271296] - Executing query : <CREATE IMMUTABLE ARRAY dense <a: double > [x=0:5,3,0, y=0:5,3,0]>
2011-10-08 02:21:24,684 INFO EXECUTOR[140160741271296] - Executing Command --afl
2011-10-08 02:21:24,684 INFO EXECUTOR[140160741271296] - Executing query : <create empty array evec <a:double NOT NULL>[x=0:9,10,0, y=0:0,1,0]>
2011-10-08 02:21:24,688 INFO EXECUTOR[140160741271296] - Executing Command --afl
2011-10-08 02:21:24,688 INFO EXECUTOR[140160741271296] - Executing query : <load( p4_quantile_test1, '../p4test/p4_quantile_test1.txt', 0)>
2011-10-08 02:21:24,731 INFO EXECUTOR[140160741271296] - Executing Command --afl
2011-10-08 02:21:24,731 INFO EXECUTOR[140160741271296] - Executing query : <load( p4_quantile_test2, '../p4test/p4_quantile_test2.txt', 0)>
2011-10-08 02:21:24,771 INFO EXECUTOR[140160741271296] - Executing Command --afl
2011-10-08 02:21:24,771 INFO EXECUTOR[140160741271296] - Executing query : <load(dense, '../p4test/dense.txt')>
2011-10-08 02:21:24,785 INFO EXECUTOR[140160741271296] - Executing Command --afl
2011-10-08 02:21:24,785 INFO EXECUTOR[140160741271296] - Executing query : <load(evec, '../p4test/evec.txt')>
2011-10-08 02:21:24,815 INFO EXECUTOR[140160741271296] - Executing [TEST] section.
2011-10-08 02:21:24,815 INFO EXECUTOR[140160741271296] - Executing Command --test
2011-10-08 02:21:24,815 INFO EXECUTOR[140160741271296] - Executing Command --afl
2011-10-08 02:21:24,815 INFO EXECUTOR[140160741271296] - Executing query : <quantile(p4_quantile_test1,5)>
2011-10-08 02:21:24,825 INFO EXECUTOR[140160741271296] - Executing Command --afl
2011-10-08 02:21:24,825 INFO EXECUTOR[140160741271296] - Executing query : <quantile(p4_quantile_test2,10)>
2011-10-08 02:21:24,833 INFO EXECUTOR[140160741271296] - Executing Command --afl
2011-10-08 02:21:24,833 INFO EXECUTOR[140160741271296] - Executing query : <quantile(p4_quantile_test2,5,a,x)>
2011-10-08 02:21:24,853 INFO EXECUTOR[140160741271296] - Executing Command --afl
2011-10-08 02:21:24,853 INFO EXECUTOR[140160741271296] - Executing query : <quantile(dense,10,a,x)>
2011-10-08 02:21:24,859 INFO EXECUTOR[140160741271296] - Executing Command --afl
2011-10-08 02:21:24,859 INFO EXECUTOR[140160741271296] - Executing query : <quantile(dense,10,a,y)>
2011-10-08 02:21:24,865 INFO EXECUTOR[140160741271296] - Executing Command --afl
2011-10-08 02:21:24,865 INFO EXECUTOR[140160741271296] - Executing query : <quantile(evec,2,a,x)>
2011-10-08 02:21:24,871 INFO EXECUTOR[140160741271296] - Executing [CLEANUP] section.
2011-10-08 02:21:24,871 INFO EXECUTOR[140160741271296] - Executing Command --cleanup
2011-10-08 02:21:24,871 INFO EXECUTOR[140160741271296] - Executing Command --afl
2011-10-08 02:21:24,871 INFO EXECUTOR[140160741271296] - Executing query : <remove(p4_quantile_test1)>
2011-10-08 02:21:24,882 INFO EXECUTOR[140160741271296] - Executing Command --afl
2011-10-08 02:21:24,882 INFO EXECUTOR[140160741271296] - Executing query : <remove(p4_quantile_test2)>
2011-10-08 02:21:24,891 INFO EXECUTOR[140160741271296] - Executing Command --afl
2011-10-08 02:21:24,891 INFO EXECUTOR[140160741271296] - Executing query : <remove(dense)>
2011-10-08 02:21:24,897 INFO EXECUTOR[140160741271296] - Executing Command --afl
2011-10-08 02:21:24,897 INFO EXECUTOR[140160741271296] - Executing query : <remove(evec)>
2011-10-08 02:21:24,905 INFO EXECUTOR[140160741271296] - Done executing the test case ...
2011-10-08 02:21:24,905 INFO EXECUTOR[140160741271296] - EXECUTOR returning SUCCESS to the caller.
