2011-10-08 02:21:25,801 INFO EXECUTOR[140160741271296] - logger SYSTEM ENABLED
2011-10-08 02:21:25,801 INFO EXECUTOR[140160741271296] - Parsing test case file : /build/p4-trunk/p4trunk/test/linear_algebra_tests/testcases/t/la_spearman.test
2011-10-08 02:21:25,801 INFO EXECUTOR[140160741271296] - found SETUP section.
2011-10-08 02:21:25,801 INFO EXECUTOR[140160741271296] - found TEST section.
2011-10-08 02:21:25,801 INFO EXECUTOR[140160741271296] - found CLEANUP section.
2011-10-08 02:21:25,801 INFO EXECUTOR[140160741271296] - Done Parsing test case file...
2011-10-08 02:21:25,801 INFO EXECUTOR[140160741271296] - Printing Parsed Vector : 
2011-10-08 02:21:25,801 INFO EXECUTOR[140160741271296] - --setup ||
2011-10-08 02:21:25,801 INFO EXECUTOR[140160741271296] - 	--afl |CREATE ARRAY p4_spearman_test1 <a:double> [x=0:7,4,0, y=0:7,4,0]|
2011-10-08 02:21:25,801 INFO EXECUTOR[140160741271296] - 	--afl |CREATE ARRAY p4_spearman_test2 <a:double> [x=0:9,5,0, y=0:5,2,0]|
2011-10-08 02:21:25,801 INFO EXECUTOR[140160741271296] - 	--afl |CREATE ARRAY p4_spearman_test3 <a:double> [x=0:9,10,0, y=0:9,10,0]|
2011-10-08 02:21:25,801 INFO EXECUTOR[140160741271296] - 	--afl |CREATE ARRAY p4_spearman_test4 <a:double> [x=0:15,8,0, y=0:7,4,0]|
2011-10-08 02:21:25,801 INFO EXECUTOR[140160741271296] - 	--afl |CREATE ARRAY p4_spearman_test5 <a:double> [x=0:14,5,0, y=0:5,6,0]|
2011-10-08 02:21:25,801 INFO EXECUTOR[140160741271296] - 	--afl |CREATE ARRAY p4_spearman_test6 <a:double> [x=0:7,8,0, y=0:5,3,0]|
2011-10-08 02:21:25,801 INFO EXECUTOR[140160741271296] - 	--afl |load( p4_spearman_test1, '../p4test/p4_spearman_test1.txt', 0)|
2011-10-08 02:21:25,801 INFO EXECUTOR[140160741271296] - 	--afl |load( p4_spearman_test2, '../p4test/p4_spearman_test2.txt', 0)|
2011-10-08 02:21:25,801 INFO EXECUTOR[140160741271296] - 	--afl |load( p4_spearman_test3, '../p4test/p4_spearman_test3.txt', 0)|
2011-10-08 02:21:25,801 INFO EXECUTOR[140160741271296] - 	--afl |load( p4_spearman_test4, '../p4test/p4_spearman_test4.txt', 0)|
2011-10-08 02:21:25,801 INFO EXECUTOR[140160741271296] - 	--afl |load( p4_spearman_test5, '../p4test/p4_spearman_test5.txt', 0)|
2011-10-08 02:21:25,801 INFO EXECUTOR[140160741271296] - 	--afl |load( p4_spearman_test6, '../p4test/p4_spearman_test6.txt', 0)|
2011-10-08 02:21:25,801 INFO EXECUTOR[140160741271296] - --test ||
2011-10-08 02:21:25,801 INFO EXECUTOR[140160741271296] - 	--afl |spearman(p4_spearman_test1,p4_spearman_test1)|
2011-10-08 02:21:25,801 INFO EXECUTOR[140160741271296] - 	--afl |spearman(p4_spearman_test2,p4_spearman_test2)|
2011-10-08 02:21:25,801 INFO EXECUTOR[140160741271296] - 	--afl |spearman(p4_spearman_test3,p4_spearman_test3)|
2011-10-08 02:21:25,801 INFO EXECUTOR[140160741271296] - 	--afl |spearman(p4_spearman_test4,p4_spearman_test4)|
2011-10-08 02:21:25,801 INFO EXECUTOR[140160741271296] - 	--afl |spearman(p4_spearman_test5,p4_spearman_test5)|
2011-10-08 02:21:25,801 INFO EXECUTOR[140160741271296] - 	--afl |spearman(p4_spearman_test6,p4_spearman_test6)|
2011-10-08 02:21:25,801 INFO EXECUTOR[140160741271296] - --cleanup ||
2011-10-08 02:21:25,801 INFO EXECUTOR[140160741271296] - 	--afl |remove(p4_spearman_test1)|
2011-10-08 02:21:25,801 INFO EXECUTOR[140160741271296] - 	--afl |remove(p4_spearman_test2)|
2011-10-08 02:21:25,801 INFO EXECUTOR[140160741271296] - 	--afl |remove(p4_spearman_test3)|
2011-10-08 02:21:25,801 INFO EXECUTOR[140160741271296] - 	--afl |remove(p4_spearman_test4)|
2011-10-08 02:21:25,801 INFO EXECUTOR[140160741271296] - 	--afl |remove(p4_spearman_test5)|
2011-10-08 02:21:25,801 INFO EXECUTOR[140160741271296] - 	--afl |remove(p4_spearman_test6)|
2011-10-08 02:21:25,801 INFO EXECUTOR[140160741271296] - Done Printing Parsed Vector... 
2011-10-08 02:21:25,801 INFO EXECUTOR[140160741271296] - Starting executing the test case ...
2011-10-08 02:21:25,801 INFO EXECUTOR[140160741271296] - No [preSetup] commands found.
2011-10-08 02:21:25,801 INFO EXECUTOR[140160741271296] - Executing [SETUP] section.
2011-10-08 02:21:25,801 INFO EXECUTOR[140160741271296] - Executing Command --setup
2011-10-08 02:21:25,801 INFO EXECUTOR[140160741271296] - Executing Command --afl
2011-10-08 02:21:25,801 INFO EXECUTOR[140160741271296] - Executing query : <CREATE ARRAY p4_spearman_test1 <a:double> [x=0:7,4,0, y=0:7,4,0]>
2011-10-08 02:21:25,806 INFO EXECUTOR[140160741271296] - Executing Command --afl
2011-10-08 02:21:25,806 INFO EXECUTOR[140160741271296] - Executing query : <CREATE ARRAY p4_spearman_test2 <a:double> [x=0:9,5,0, y=0:5,2,0]>
2011-10-08 02:21:25,829 INFO EXECUTOR[140160741271296] - Executing Command --afl
2011-10-08 02:21:25,829 INFO EXECUTOR[140160741271296] - Executing query : <CREATE ARRAY p4_spearman_test3 <a:double> [x=0:9,10,0, y=0:9,10,0]>
2011-10-08 02:21:25,833 INFO EXECUTOR[140160741271296] - Executing Command --afl
2011-10-08 02:21:25,833 INFO EXECUTOR[140160741271296] - Executing query : <CREATE ARRAY p4_spearman_test4 <a:double> [x=0:15,8,0, y=0:7,4,0]>
2011-10-08 02:21:25,837 INFO EXECUTOR[140160741271296] - Executing Command --afl
2011-10-08 02:21:25,837 INFO EXECUTOR[140160741271296] - Executing query : <CREATE ARRAY p4_spearman_test5 <a:double> [x=0:14,5,0, y=0:5,6,0]>
2011-10-08 02:21:25,842 INFO EXECUTOR[140160741271296] - Executing Command --afl
2011-10-08 02:21:25,842 INFO EXECUTOR[140160741271296] - Executing query : <CREATE ARRAY p4_spearman_test6 <a:double> [x=0:7,8,0, y=0:5,3,0]>
2011-10-08 02:21:25,862 INFO EXECUTOR[140160741271296] - Executing Command --afl
2011-10-08 02:21:25,862 INFO EXECUTOR[140160741271296] - Executing query : <load( p4_spearman_test1, '../p4test/p4_spearman_test1.txt', 0)>
2011-10-08 02:21:25,983 INFO EXECUTOR[140160741271296] - Executing Command --afl
2011-10-08 02:21:25,983 INFO EXECUTOR[140160741271296] - Executing query : <load( p4_spearman_test2, '../p4test/p4_spearman_test2.txt', 0)>
2011-10-08 02:21:26,023 INFO EXECUTOR[140160741271296] - Executing Command --afl
2011-10-08 02:21:26,023 INFO EXECUTOR[140160741271296] - Executing query : <load( p4_spearman_test3, '../p4test/p4_spearman_test3.txt', 0)>
2011-10-08 02:21:26,062 INFO EXECUTOR[140160741271296] - Executing Command --afl
2011-10-08 02:21:26,063 INFO EXECUTOR[140160741271296] - Executing query : <load( p4_spearman_test4, '../p4test/p4_spearman_test4.txt', 0)>
2011-10-08 02:21:26,100 INFO EXECUTOR[140160741271296] - Executing Command --afl
2011-10-08 02:21:26,100 INFO EXECUTOR[140160741271296] - Executing query : <load( p4_spearman_test5, '../p4test/p4_spearman_test5.txt', 0)>
2011-10-08 02:21:26,148 INFO EXECUTOR[140160741271296] - Executing Command --afl
2011-10-08 02:21:26,148 INFO EXECUTOR[140160741271296] - Executing query : <load( p4_spearman_test6, '../p4test/p4_spearman_test6.txt', 0)>
2011-10-08 02:21:26,191 INFO EXECUTOR[140160741271296] - Executing [TEST] section.
2011-10-08 02:21:26,191 INFO EXECUTOR[140160741271296] - Executing Command --test
2011-10-08 02:21:26,191 INFO EXECUTOR[140160741271296] - Executing Command --afl
2011-10-08 02:21:26,191 INFO EXECUTOR[140160741271296] - Executing query : <spearman(p4_spearman_test1,p4_spearman_test1)>
2011-10-08 02:21:26,223 INFO EXECUTOR[140160741271296] - Executing Command --afl
2011-10-08 02:21:26,223 INFO EXECUTOR[140160741271296] - Executing query : <spearman(p4_spearman_test2,p4_spearman_test2)>
2011-10-08 02:21:26,254 INFO EXECUTOR[140160741271296] - Executing Command --afl
2011-10-08 02:21:26,254 INFO EXECUTOR[140160741271296] - Executing query : <spearman(p4_spearman_test3,p4_spearman_test3)>
2011-10-08 02:21:26,264 INFO EXECUTOR[140160741271296] - Executing Command --afl
2011-10-08 02:21:26,264 INFO EXECUTOR[140160741271296] - Executing query : <spearman(p4_spearman_test4,p4_spearman_test4)>
2011-10-08 02:21:26,277 INFO EXECUTOR[140160741271296] - Executing Command --afl
2011-10-08 02:21:26,277 INFO EXECUTOR[140160741271296] - Executing query : <spearman(p4_spearman_test5,p4_spearman_test5)>
2011-10-08 02:21:26,288 INFO EXECUTOR[140160741271296] - Executing Command --afl
2011-10-08 02:21:26,288 INFO EXECUTOR[140160741271296] - Executing query : <spearman(p4_spearman_test6,p4_spearman_test6)>
2011-10-08 02:21:26,301 INFO EXECUTOR[140160741271296] - Executing [CLEANUP] section.
2011-10-08 02:21:26,301 INFO EXECUTOR[140160741271296] - Executing Command --cleanup
2011-10-08 02:21:26,301 INFO EXECUTOR[140160741271296] - Executing Command --afl
2011-10-08 02:21:26,301 INFO EXECUTOR[140160741271296] - Executing query : <remove(p4_spearman_test1)>
2011-10-08 02:21:26,327 INFO EXECUTOR[140160741271296] - Executing Command --afl
2011-10-08 02:21:26,327 INFO EXECUTOR[140160741271296] - Executing query : <remove(p4_spearman_test2)>
2011-10-08 02:21:26,351 INFO EXECUTOR[140160741271296] - Executing Command --afl
2011-10-08 02:21:26,351 INFO EXECUTOR[140160741271296] - Executing query : <remove(p4_spearman_test3)>
2011-10-08 02:21:26,363 INFO EXECUTOR[140160741271296] - Executing Command --afl
2011-10-08 02:21:26,364 INFO EXECUTOR[140160741271296] - Executing query : <remove(p4_spearman_test4)>
2011-10-08 02:21:26,383 INFO EXECUTOR[140160741271296] - Executing Command --afl
2011-10-08 02:21:26,383 INFO EXECUTOR[140160741271296] - Executing query : <remove(p4_spearman_test5)>
2011-10-08 02:21:26,392 INFO EXECUTOR[140160741271296] - Executing Command --afl
2011-10-08 02:21:26,392 INFO EXECUTOR[140160741271296] - Executing query : <remove(p4_spearman_test6)>
2011-10-08 02:21:26,400 INFO EXECUTOR[140160741271296] - Done executing the test case ...
2011-10-08 02:21:26,400 INFO EXECUTOR[140160741271296] - EXECUTOR returning SUCCESS to the caller.
