2011-10-08 02:21:24,913 INFO EXECUTOR[140160741271296] - logger SYSTEM ENABLED
2011-10-08 02:21:24,913 INFO EXECUTOR[140160741271296] - Parsing test case file : /build/p4-trunk/p4trunk/test/linear_algebra_tests/testcases/t/la_solve2.test
2011-10-08 02:21:24,913 INFO EXECUTOR[140160741271296] - found SETUP section.
2011-10-08 02:21:24,913 INFO EXECUTOR[140160741271296] - found TEST section.
2011-10-08 02:21:24,919 INFO EXECUTOR[140160741271296] - Arguments for command [--error --code=64 --aql="select * from solve(p4_solve_test2_mat,p4_solve_test2_rhs)"] successfully separated.
2011-10-08 02:21:24,919 INFO EXECUTOR[140160741271296] - found CLEANUP section.
2011-10-08 02:21:24,919 INFO EXECUTOR[140160741271296] - Done Parsing test case file...
2011-10-08 02:21:24,919 INFO EXECUTOR[140160741271296] - Printing Parsed Vector : 
2011-10-08 02:21:24,919 INFO EXECUTOR[140160741271296] - --setup ||
2011-10-08 02:21:24,919 INFO EXECUTOR[140160741271296] - 	--afl |CREATE ARRAY p4_solve_test1_mat <a:double> [x=0:9,5,0, y=0:9,2,0]|
2011-10-08 02:21:24,919 INFO EXECUTOR[140160741271296] - 	--afl |CREATE ARRAY p4_solve_test1_rhs <a:double> [x=0:9,5,0]|
2011-10-08 02:21:24,919 INFO EXECUTOR[140160741271296] - 	--afl |CREATE ARRAY p4_solve_test2_mat <a:double> [x=0:9,5,0, y=0:9,5,0]|
2011-10-08 02:21:24,919 INFO EXECUTOR[140160741271296] - 	--afl |CREATE ARRAY p4_solve_test2_rhs <a:double> [x=0:9,5,0]|
2011-10-08 02:21:24,919 INFO EXECUTOR[140160741271296] - 	--afl |CREATE ARRAY p4_solve_test3_mat <a:double> [x=0:9,2,0, y=0:9,5,0]|
2011-10-08 02:21:24,919 INFO EXECUTOR[140160741271296] - 	--afl |CREATE ARRAY p4_solve_test3_rhs <a:double> [x=0:9,2,0]|
2011-10-08 02:21:24,919 INFO EXECUTOR[140160741271296] - 	--afl |CREATE ARRAY p4_solve_test4_mat <a:double> [x=0:19,4,0, y=0:7,2,0]|
2011-10-08 02:21:24,919 INFO EXECUTOR[140160741271296] - 	--afl |CREATE ARRAY p4_solve_test4_rhs <a:double> [x=0:19,4,0]|
2011-10-08 02:21:24,919 INFO EXECUTOR[140160741271296] - 	--afl |CREATE ARRAY p4_solve_test5_mat <a:double> [x=0:14,5,0, y=0:5,2,0]|
2011-10-08 02:21:24,919 INFO EXECUTOR[140160741271296] - 	--afl |CREATE ARRAY p4_solve_test5_rhs <a:double> [x=0:14,5,0]|
2011-10-08 02:21:24,919 INFO EXECUTOR[140160741271296] - 	--afl |load( p4_solve_test1_mat, '../p4test/p4_solve_test1_mat.txt', 0)|
2011-10-08 02:21:24,920 INFO EXECUTOR[140160741271296] - 	--afl |load( p4_solve_test2_mat, '../p4test/p4_solve_test2_mat.txt', 0)|
2011-10-08 02:21:24,920 INFO EXECUTOR[140160741271296] - 	--afl |load( p4_solve_test3_mat, '../p4test/p4_solve_test3_mat.txt', 0)|
2011-10-08 02:21:24,920 INFO EXECUTOR[140160741271296] - 	--afl |load( p4_solve_test4_mat, '../p4test/p4_solve_test4_mat.txt', 0)|
2011-10-08 02:21:24,920 INFO EXECUTOR[140160741271296] - 	--afl |load( p4_solve_test5_mat, '../p4test/p4_solve_test5_mat.txt', 0)|
2011-10-08 02:21:24,920 INFO EXECUTOR[140160741271296] - 	--afl |load( p4_solve_test1_rhs, '../p4test/p4_solve_test1_rhs.txt', 0)|
2011-10-08 02:21:24,920 INFO EXECUTOR[140160741271296] - 	--afl |load( p4_solve_test2_rhs, '../p4test/p4_solve_test2_rhs.txt', 0)|
2011-10-08 02:21:24,920 INFO EXECUTOR[140160741271296] - 	--afl |load( p4_solve_test3_rhs, '../p4test/p4_solve_test3_rhs.txt', 0)|
2011-10-08 02:21:24,920 INFO EXECUTOR[140160741271296] - 	--afl |load( p4_solve_test4_rhs, '../p4test/p4_solve_test4_rhs.txt', 0)|
2011-10-08 02:21:24,920 INFO EXECUTOR[140160741271296] - 	--afl |load( p4_solve_test5_rhs, '../p4test/p4_solve_test5_rhs.txt', 0)|
2011-10-08 02:21:24,920 INFO EXECUTOR[140160741271296] - --test ||
2011-10-08 02:21:24,920 INFO EXECUTOR[140160741271296] - 	--afl |solve(p4_solve_test1_mat,p4_solve_test1_rhs)|
2011-10-08 02:21:24,920 INFO EXECUTOR[140160741271296] - 	--error |--code=64 --aql="select * from solve(p4_solve_test2_mat,p4_solve_test2_rhs)"|
2011-10-08 02:21:24,920 INFO EXECUTOR[140160741271296] - 	--afl |solve(p4_solve_test3_mat,p4_solve_test3_rhs)|
2011-10-08 02:21:24,920 INFO EXECUTOR[140160741271296] - 	--afl |solve(p4_solve_test4_mat,p4_solve_test4_rhs)|
2011-10-08 02:21:24,920 INFO EXECUTOR[140160741271296] - 	--afl |solve(p4_solve_test5_mat,p4_solve_test5_rhs)|
2011-10-08 02:21:24,920 INFO EXECUTOR[140160741271296] - --cleanup ||
2011-10-08 02:21:24,920 INFO EXECUTOR[140160741271296] - 	--afl |remove(p4_solve_test1_mat)|
2011-10-08 02:21:24,920 INFO EXECUTOR[140160741271296] - 	--afl |remove(p4_solve_test1_rhs)|
2011-10-08 02:21:24,920 INFO EXECUTOR[140160741271296] - 	--afl |remove(p4_solve_test2_mat)|
2011-10-08 02:21:24,920 INFO EXECUTOR[140160741271296] - 	--afl |remove(p4_solve_test2_rhs)|
2011-10-08 02:21:24,920 INFO EXECUTOR[140160741271296] - 	--afl |remove(p4_solve_test3_mat)|
2011-10-08 02:21:24,920 INFO EXECUTOR[140160741271296] - 	--afl |remove(p4_solve_test3_rhs)|
2011-10-08 02:21:24,920 INFO EXECUTOR[140160741271296] - 	--afl |remove(p4_solve_test4_mat)|
2011-10-08 02:21:24,920 INFO EXECUTOR[140160741271296] - 	--afl |remove(p4_solve_test4_rhs)|
2011-10-08 02:21:24,920 INFO EXECUTOR[140160741271296] - 	--afl |remove(p4_solve_test5_mat)|
2011-10-08 02:21:24,920 INFO EXECUTOR[140160741271296] - 	--afl |remove(p4_solve_test5_rhs)|
2011-10-08 02:21:24,920 INFO EXECUTOR[140160741271296] - Done Printing Parsed Vector... 
2011-10-08 02:21:24,920 INFO EXECUTOR[140160741271296] - Starting executing the test case ...
2011-10-08 02:21:24,920 INFO EXECUTOR[140160741271296] - No [preSetup] commands found.
2011-10-08 02:21:24,920 INFO EXECUTOR[140160741271296] - Executing [SETUP] section.
2011-10-08 02:21:24,920 INFO EXECUTOR[140160741271296] - Executing Command --setup
2011-10-08 02:21:24,920 INFO EXECUTOR[140160741271296] - Executing Command --afl
2011-10-08 02:21:24,920 INFO EXECUTOR[140160741271296] - Executing query : <CREATE ARRAY p4_solve_test1_mat <a:double> [x=0:9,5,0, y=0:9,2,0]>
2011-10-08 02:21:24,935 INFO EXECUTOR[140160741271296] - Executing Command --afl
2011-10-08 02:21:24,935 INFO EXECUTOR[140160741271296] - Executing query : <CREATE ARRAY p4_solve_test1_rhs <a:double> [x=0:9,5,0]>
2011-10-08 02:21:24,939 INFO EXECUTOR[140160741271296] - Executing Command --afl
2011-10-08 02:21:24,939 INFO EXECUTOR[140160741271296] - Executing query : <CREATE ARRAY p4_solve_test2_mat <a:double> [x=0:9,5,0, y=0:9,5,0]>
2011-10-08 02:21:24,944 INFO EXECUTOR[140160741271296] - Executing Command --afl
2011-10-08 02:21:24,944 INFO EXECUTOR[140160741271296] - Executing query : <CREATE ARRAY p4_solve_test2_rhs <a:double> [x=0:9,5,0]>
2011-10-08 02:21:24,948 INFO EXECUTOR[140160741271296] - Executing Command --afl
2011-10-08 02:21:24,948 INFO EXECUTOR[140160741271296] - Executing query : <CREATE ARRAY p4_solve_test3_mat <a:double> [x=0:9,2,0, y=0:9,5,0]>
2011-10-08 02:21:24,962 INFO EXECUTOR[140160741271296] - Executing Command --afl
2011-10-08 02:21:24,962 INFO EXECUTOR[140160741271296] - Executing query : <CREATE ARRAY p4_solve_test3_rhs <a:double> [x=0:9,2,0]>
2011-10-08 02:21:24,966 INFO EXECUTOR[140160741271296] - Executing Command --afl
2011-10-08 02:21:24,966 INFO EXECUTOR[140160741271296] - Executing query : <CREATE ARRAY p4_solve_test4_mat <a:double> [x=0:19,4,0, y=0:7,2,0]>
2011-10-08 02:21:24,971 INFO EXECUTOR[140160741271296] - Executing Command --afl
2011-10-08 02:21:24,971 INFO EXECUTOR[140160741271296] - Executing query : <CREATE ARRAY p4_solve_test4_rhs <a:double> [x=0:19,4,0]>
2011-10-08 02:21:24,975 INFO EXECUTOR[140160741271296] - Executing Command --afl
2011-10-08 02:21:24,975 INFO EXECUTOR[140160741271296] - Executing query : <CREATE ARRAY p4_solve_test5_mat <a:double> [x=0:14,5,0, y=0:5,2,0]>
2011-10-08 02:21:24,979 INFO EXECUTOR[140160741271296] - Executing Command --afl
2011-10-08 02:21:24,979 INFO EXECUTOR[140160741271296] - Executing query : <CREATE ARRAY p4_solve_test5_rhs <a:double> [x=0:14,5,0]>
2011-10-08 02:21:24,983 INFO EXECUTOR[140160741271296] - Executing Command --afl
2011-10-08 02:21:24,983 INFO EXECUTOR[140160741271296] - Executing query : <load( p4_solve_test1_mat, '../p4test/p4_solve_test1_mat.txt', 0)>
2011-10-08 02:21:25,032 INFO EXECUTOR[140160741271296] - Executing Command --afl
2011-10-08 02:21:25,032 INFO EXECUTOR[140160741271296] - Executing query : <load( p4_solve_test2_mat, '../p4test/p4_solve_test2_mat.txt', 0)>
2011-10-08 02:21:25,068 INFO EXECUTOR[140160741271296] - Executing Command --afl
2011-10-08 02:21:25,068 INFO EXECUTOR[140160741271296] - Executing query : <load( p4_solve_test3_mat, '../p4test/p4_solve_test3_mat.txt', 0)>
2011-10-08 02:21:25,128 INFO EXECUTOR[140160741271296] - Executing Command --afl
2011-10-08 02:21:25,128 INFO EXECUTOR[140160741271296] - Executing query : <load( p4_solve_test4_mat, '../p4test/p4_solve_test4_mat.txt', 0)>
2011-10-08 02:21:25,198 INFO EXECUTOR[140160741271296] - Executing Command --afl
2011-10-08 02:21:25,198 INFO EXECUTOR[140160741271296] - Executing query : <load( p4_solve_test5_mat, '../p4test/p4_solve_test5_mat.txt', 0)>
2011-10-08 02:21:25,279 INFO EXECUTOR[140160741271296] - Executing Command --afl
2011-10-08 02:21:25,279 INFO EXECUTOR[140160741271296] - Executing query : <load( p4_solve_test1_rhs, '../p4test/p4_solve_test1_rhs.txt', 0)>
2011-10-08 02:21:25,321 INFO EXECUTOR[140160741271296] - Executing Command --afl
2011-10-08 02:21:25,321 INFO EXECUTOR[140160741271296] - Executing query : <load( p4_solve_test2_rhs, '../p4test/p4_solve_test2_rhs.txt', 0)>
2011-10-08 02:21:25,368 INFO EXECUTOR[140160741271296] - Executing Command --afl
2011-10-08 02:21:25,368 INFO EXECUTOR[140160741271296] - Executing query : <load( p4_solve_test3_rhs, '../p4test/p4_solve_test3_rhs.txt', 0)>
2011-10-08 02:21:25,413 INFO EXECUTOR[140160741271296] - Executing Command --afl
2011-10-08 02:21:25,413 INFO EXECUTOR[140160741271296] - Executing query : <load( p4_solve_test4_rhs, '../p4test/p4_solve_test4_rhs.txt', 0)>
2011-10-08 02:21:25,448 INFO EXECUTOR[140160741271296] - Executing Command --afl
2011-10-08 02:21:25,448 INFO EXECUTOR[140160741271296] - Executing query : <load( p4_solve_test5_rhs, '../p4test/p4_solve_test5_rhs.txt', 0)>
2011-10-08 02:21:25,491 INFO EXECUTOR[140160741271296] - Executing [TEST] section.
2011-10-08 02:21:25,491 INFO EXECUTOR[140160741271296] - Executing Command --test
2011-10-08 02:21:25,491 INFO EXECUTOR[140160741271296] - Executing Command --afl
2011-10-08 02:21:25,491 INFO EXECUTOR[140160741271296] - Executing query : <solve(p4_solve_test1_mat,p4_solve_test1_rhs)>
2011-10-08 02:21:25,516 INFO EXECUTOR[140160741271296] - Executing Command --error
2011-10-08 02:21:25,516 INFO EXECUTOR[140160741271296] - Executing query : <select * from solve(p4_solve_test2_mat,p4_solve_test2_rhs)>
2011-10-08 02:21:25,548 INFO EXECUTOR[140160741271296] - Exception CAUGHT for SCIDB query...:Failed to solve the system of linerar equations: SolveQR(&A[0], nRows, blockSize, nCols, &rhs[0], u, nNodes, nodeID, (void*)&query)
2011-10-08 02:21:25,548 INFO EXECUTOR[140160741271296] - This was an expected Exception. Hence continuing...
2011-10-08 02:21:25,548 INFO EXECUTOR[140160741271296] - Executing Command --afl
2011-10-08 02:21:25,548 INFO EXECUTOR[140160741271296] - Executing query : <solve(p4_solve_test3_mat,p4_solve_test3_rhs)>
2011-10-08 02:21:25,557 INFO EXECUTOR[140160741271296] - Executing Command --afl
2011-10-08 02:21:25,557 INFO EXECUTOR[140160741271296] - Executing query : <solve(p4_solve_test4_mat,p4_solve_test4_rhs)>
2011-10-08 02:21:25,566 INFO EXECUTOR[140160741271296] - Executing Command --afl
2011-10-08 02:21:25,566 INFO EXECUTOR[140160741271296] - Executing query : <solve(p4_solve_test5_mat,p4_solve_test5_rhs)>
2011-10-08 02:21:25,589 INFO EXECUTOR[140160741271296] - Executing [CLEANUP] section.
2011-10-08 02:21:25,589 INFO EXECUTOR[140160741271296] - Executing Command --cleanup
2011-10-08 02:21:25,589 INFO EXECUTOR[140160741271296] - Executing Command --afl
2011-10-08 02:21:25,589 INFO EXECUTOR[140160741271296] - Executing query : <remove(p4_solve_test1_mat)>
2011-10-08 02:21:25,619 INFO EXECUTOR[140160741271296] - Executing Command --afl
2011-10-08 02:21:25,619 INFO EXECUTOR[140160741271296] - Executing query : <remove(p4_solve_test1_rhs)>
2011-10-08 02:21:25,639 INFO EXECUTOR[140160741271296] - Executing Command --afl
2011-10-08 02:21:25,639 INFO EXECUTOR[140160741271296] - Executing query : <remove(p4_solve_test2_mat)>
2011-10-08 02:21:25,657 INFO EXECUTOR[140160741271296] - Executing Command --afl
2011-10-08 02:21:25,657 INFO EXECUTOR[140160741271296] - Executing query : <remove(p4_solve_test2_rhs)>
2011-10-08 02:21:25,687 INFO EXECUTOR[140160741271296] - Executing Command --afl
2011-10-08 02:21:25,687 INFO EXECUTOR[140160741271296] - Executing query : <remove(p4_solve_test3_mat)>
2011-10-08 02:21:25,703 INFO EXECUTOR[140160741271296] - Executing Command --afl
2011-10-08 02:21:25,703 INFO EXECUTOR[140160741271296] - Executing query : <remove(p4_solve_test3_rhs)>
2011-10-08 02:21:25,737 INFO EXECUTOR[140160741271296] - Executing Command --afl
2011-10-08 02:21:25,737 INFO EXECUTOR[140160741271296] - Executing query : <remove(p4_solve_test4_mat)>
2011-10-08 02:21:25,764 INFO EXECUTOR[140160741271296] - Executing Command --afl
2011-10-08 02:21:25,764 INFO EXECUTOR[140160741271296] - Executing query : <remove(p4_solve_test4_rhs)>
2011-10-08 02:21:25,775 INFO EXECUTOR[140160741271296] - Executing Command --afl
2011-10-08 02:21:25,775 INFO EXECUTOR[140160741271296] - Executing query : <remove(p4_solve_test5_mat)>
2011-10-08 02:21:25,785 INFO EXECUTOR[140160741271296] - Executing Command --afl
2011-10-08 02:21:25,785 INFO EXECUTOR[140160741271296] - Executing query : <remove(p4_solve_test5_rhs)>
2011-10-08 02:21:25,793 INFO EXECUTOR[140160741271296] - Done executing the test case ...
2011-10-08 02:21:25,793 INFO EXECUTOR[140160741271296] - EXECUTOR returning SUCCESS to the caller.
