2011-10-07 20:59:33,247 INFO EXECUTOR[140617352677120] - logger SYSTEM ENABLED
2011-10-07 20:59:33,247 INFO EXECUTOR[140617352677120] - Parsing test case file : /build/scidb-trunk/trunk/tests/harness/testcases/t/data_model/max/max_66.test
2011-10-07 20:59:33,247 INFO EXECUTOR[140617352677120] - found SETUP section.
2011-10-07 20:59:33,247 INFO EXECUTOR[140617352677120] - found TEST section.
2011-10-07 20:59:33,247 INFO EXECUTOR[140617352677120] - found CLEANUP section.
2011-10-07 20:59:33,247 INFO EXECUTOR[140617352677120] - Done Parsing test case file...
2011-10-07 20:59:33,247 INFO EXECUTOR[140617352677120] - Printing Parsed Vector : 
2011-10-07 20:59:33,247 INFO EXECUTOR[140617352677120] - --setup ||
2011-10-07 20:59:33,247 INFO EXECUTOR[140617352677120] - 	--start-query-logging ||
2011-10-07 20:59:33,247 INFO EXECUTOR[140617352677120] - 	--start-igdata ||
2011-10-07 20:59:33,247 INFO EXECUTOR[140617352677120] - 	--aql |create immutable  array T < x: double > [ i=1:1001,101,0, j=1:999,99,0 ]|
2011-10-07 20:59:33,247 INFO EXECUTOR[140617352677120] - 	--aql |create immutable array E < x: double null > [ i=0:0,1,0 ]|
2011-10-07 20:59:33,247 INFO EXECUTOR[140617352677120] - 	--aql |create immutable array R < x: double null > [ i=0:0,1,0 ]|
2011-10-07 20:59:33,247 INFO EXECUTOR[140617352677120] - 	--afl |store(build_sparse(T,i+j,j-2<i and i<j+2),T)|
2011-10-07 20:59:33,247 INFO EXECUTOR[140617352677120] - 	--afl |store(build(E,iif(1001=999, 2*1001, iif(1001>999, 2*999+1, 2*1001+1) )),E)|
2011-10-07 20:59:33,247 INFO EXECUTOR[140617352677120] - 	--afl |store(repart(max(T),R),R)|
2011-10-07 20:59:33,247 INFO EXECUTOR[140617352677120] - 	--stop-igdata ||
2011-10-07 20:59:33,247 INFO EXECUTOR[140617352677120] - --test ||
2011-10-07 20:59:33,247 INFO EXECUTOR[140617352677120] - 	--aql |SELECT count(*) FROM R , E WHERE abs((R.x-E.x)/iif(E.x=0,1,E.x)) > 1e-07|
2011-10-07 20:59:33,247 INFO EXECUTOR[140617352677120] - --cleanup ||
2011-10-07 20:59:33,247 INFO EXECUTOR[140617352677120] - 	--afl |remove(T)|
2011-10-07 20:59:33,247 INFO EXECUTOR[140617352677120] - 	--afl |remove(E)|
2011-10-07 20:59:33,247 INFO EXECUTOR[140617352677120] - 	--afl |remove(R)|
2011-10-07 20:59:33,247 INFO EXECUTOR[140617352677120] - 	--stop-query-logging ||
2011-10-07 20:59:33,247 INFO EXECUTOR[140617352677120] - Done Printing Parsed Vector... 
2011-10-07 20:59:33,247 INFO EXECUTOR[140617352677120] - Starting executing the test case ...
2011-10-07 20:59:33,247 INFO EXECUTOR[140617352677120] - No [preSetup] commands found.
2011-10-07 20:59:33,247 INFO EXECUTOR[140617352677120] - Executing [SETUP] section.
2011-10-07 20:59:33,247 INFO EXECUTOR[140617352677120] - Executing Command --setup
2011-10-07 20:59:33,247 INFO EXECUTOR[140617352677120] - Executing Command --start-query-logging
2011-10-07 20:59:33,247 INFO EXECUTOR[140617352677120] - Starting query logging...
2011-10-07 20:59:33,248 INFO EXECUTOR[140617352677120] - Executing Command --start-igdata
2011-10-07 20:59:33,248 INFO EXECUTOR[140617352677120] - Starting Ignoring the data output by query ...
2011-10-07 20:59:33,248 INFO EXECUTOR[140617352677120] - Executing Command --aql
2011-10-07 20:59:33,248 INFO EXECUTOR[140617352677120] - Executing query : <create immutable  array T < x: double > [ i=1:1001,101,0, j=1:999,99,0 ]>
2011-10-07 20:59:33,254 INFO EXECUTOR[140617352677120] - Executing Command --aql
2011-10-07 20:59:33,254 INFO EXECUTOR[140617352677120] - Executing query : <create immutable array E < x: double null > [ i=0:0,1,0 ]>
2011-10-07 20:59:33,268 INFO EXECUTOR[140617352677120] - Executing Command --aql
2011-10-07 20:59:33,268 INFO EXECUTOR[140617352677120] - Executing query : <create immutable array R < x: double null > [ i=0:0,1,0 ]>
2011-10-07 20:59:33,272 INFO EXECUTOR[140617352677120] - Executing Command --afl
2011-10-07 20:59:33,272 INFO EXECUTOR[140617352677120] - Executing query : <store(build_sparse(T,i+j,j-2<i and i<j+2),T)>
2011-10-07 20:59:34,987 INFO EXECUTOR[140617352677120] - Executing Command --afl
2011-10-07 20:59:34,987 INFO EXECUTOR[140617352677120] - Executing query : <store(build(E,iif(1001=999, 2*1001, iif(1001>999, 2*999+1, 2*1001+1) )),E)>
2011-10-07 20:59:35,002 INFO EXECUTOR[140617352677120] - Executing Command --afl
2011-10-07 20:59:35,002 INFO EXECUTOR[140617352677120] - Executing query : <store(repart(max(T),R),R)>
2011-10-07 20:59:35,274 INFO EXECUTOR[140617352677120] - Executing Command --stop-igdata
2011-10-07 20:59:35,274 INFO EXECUTOR[140617352677120] - Stoping Ignoring the data output by query ...
2011-10-07 20:59:35,274 INFO EXECUTOR[140617352677120] - Executing [TEST] section.
2011-10-07 20:59:35,274 INFO EXECUTOR[140617352677120] - Executing Command --test
2011-10-07 20:59:35,274 INFO EXECUTOR[140617352677120] - Executing Command --aql
2011-10-07 20:59:35,274 INFO EXECUTOR[140617352677120] - Executing query : <SELECT count(*) FROM R , E WHERE abs((R.x-E.x)/iif(E.x=0,1,E.x)) > 1e-07>
2011-10-07 20:59:35,298 INFO EXECUTOR[140617352677120] - Executing [CLEANUP] section.
2011-10-07 20:59:35,298 INFO EXECUTOR[140617352677120] - Executing Command --cleanup
2011-10-07 20:59:35,298 INFO EXECUTOR[140617352677120] - Executing Command --afl
2011-10-07 20:59:35,298 INFO EXECUTOR[140617352677120] - Executing query : <remove(T)>
2011-10-07 20:59:35,304 INFO EXECUTOR[140617352677120] - Executing Command --afl
2011-10-07 20:59:35,304 INFO EXECUTOR[140617352677120] - Executing query : <remove(E)>
2011-10-07 20:59:35,310 INFO EXECUTOR[140617352677120] - Executing Command --afl
2011-10-07 20:59:35,310 INFO EXECUTOR[140617352677120] - Executing query : <remove(R)>
2011-10-07 20:59:35,315 INFO EXECUTOR[140617352677120] - Executing Command --stop-query-logging
2011-10-07 20:59:35,315 INFO EXECUTOR[140617352677120] - Stoping query logging...
2011-10-07 20:59:35,315 INFO EXECUTOR[140617352677120] - Done executing the test case ...
2011-10-07 20:59:35,315 INFO EXECUTOR[140617352677120] - EXECUTOR returning SUCCESS to the caller.
