2011-10-07 21:41:28,728 INFO EXECUTOR[140617352677120] - logger SYSTEM ENABLED
2011-10-07 21:41:28,728 INFO EXECUTOR[140617352677120] - Parsing test case file : /build/scidb-trunk/trunk/tests/harness/testcases/t/data_model/min/min_80.test
2011-10-07 21:41:28,728 INFO EXECUTOR[140617352677120] - found SETUP section.
2011-10-07 21:41:28,728 INFO EXECUTOR[140617352677120] - found TEST section.
2011-10-07 21:41:28,728 INFO EXECUTOR[140617352677120] - found CLEANUP section.
2011-10-07 21:41:28,728 INFO EXECUTOR[140617352677120] - Done Parsing test case file...
2011-10-07 21:41:28,729 INFO EXECUTOR[140617352677120] - Printing Parsed Vector : 
2011-10-07 21:41:28,729 INFO EXECUTOR[140617352677120] - --setup ||
2011-10-07 21:41:28,729 INFO EXECUTOR[140617352677120] - 	--start-query-logging ||
2011-10-07 21:41:28,729 INFO EXECUTOR[140617352677120] - 	--start-igdata ||
2011-10-07 21:41:28,729 INFO EXECUTOR[140617352677120] - 	--aql |create   array T < x: int64 > [ i=1:13,11,0, j=1:21,17,0 ]|
2011-10-07 21:41:28,729 INFO EXECUTOR[140617352677120] - 	--aql |create  array E < x: int64 null > [ i=0:0,1,0 ]|
2011-10-07 21:41:28,729 INFO EXECUTOR[140617352677120] - 	--aql |create  array R < x: int64 null > [ i=0:0,1,0 ]|
2011-10-07 21:41:28,729 INFO EXECUTOR[140617352677120] - 	--afl |store(build_sparse(T,i+j,j-2<i and i<j+2),T)|
2011-10-07 21:41:28,729 INFO EXECUTOR[140617352677120] - 	--afl |store(build(E,iif(0=1, 2, 0 )),E)|
2011-10-07 21:41:28,729 INFO EXECUTOR[140617352677120] - 	--afl |store(repart(min(T),R),R)|
2011-10-07 21:41:28,729 INFO EXECUTOR[140617352677120] - 	--stop-igdata ||
2011-10-07 21:41:28,729 INFO EXECUTOR[140617352677120] - --test ||
2011-10-07 21:41:28,729 INFO EXECUTOR[140617352677120] - 	--aql |SELECT count(*) FROM R , E WHERE abs((R.x-E.x)/iif(E.x=0,1,E.x)) > 1e-07|
2011-10-07 21:41:28,729 INFO EXECUTOR[140617352677120] - --cleanup ||
2011-10-07 21:41:28,729 INFO EXECUTOR[140617352677120] - 	--afl |remove(T)|
2011-10-07 21:41:28,729 INFO EXECUTOR[140617352677120] - 	--afl |remove(E)|
2011-10-07 21:41:28,729 INFO EXECUTOR[140617352677120] - 	--afl |remove(R)|
2011-10-07 21:41:28,729 INFO EXECUTOR[140617352677120] - 	--stop-query-logging ||
2011-10-07 21:41:28,729 INFO EXECUTOR[140617352677120] - Done Printing Parsed Vector... 
2011-10-07 21:41:28,729 INFO EXECUTOR[140617352677120] - Starting executing the test case ...
2011-10-07 21:41:28,729 INFO EXECUTOR[140617352677120] - No [preSetup] commands found.
2011-10-07 21:41:28,729 INFO EXECUTOR[140617352677120] - Executing [SETUP] section.
2011-10-07 21:41:28,729 INFO EXECUTOR[140617352677120] - Executing Command --setup
2011-10-07 21:41:28,729 INFO EXECUTOR[140617352677120] - Executing Command --start-query-logging
2011-10-07 21:41:28,729 INFO EXECUTOR[140617352677120] - Starting query logging...
2011-10-07 21:41:28,729 INFO EXECUTOR[140617352677120] - Executing Command --start-igdata
2011-10-07 21:41:28,729 INFO EXECUTOR[140617352677120] - Starting Ignoring the data output by query ...
2011-10-07 21:41:28,729 INFO EXECUTOR[140617352677120] - Executing Command --aql
2011-10-07 21:41:28,729 INFO EXECUTOR[140617352677120] - Executing query : <create   array T < x: int64 > [ i=1:13,11,0, j=1:21,17,0 ]>
2011-10-07 21:41:28,745 INFO EXECUTOR[140617352677120] - Executing Command --aql
2011-10-07 21:41:28,746 INFO EXECUTOR[140617352677120] - Executing query : <create  array E < x: int64 null > [ i=0:0,1,0 ]>
2011-10-07 21:41:28,751 INFO EXECUTOR[140617352677120] - Executing Command --aql
2011-10-07 21:41:28,751 INFO EXECUTOR[140617352677120] - Executing query : <create  array R < x: int64 null > [ i=0:0,1,0 ]>
2011-10-07 21:41:28,757 INFO EXECUTOR[140617352677120] - Executing Command --afl
2011-10-07 21:41:28,757 INFO EXECUTOR[140617352677120] - Executing query : <store(build_sparse(T,i+j,j-2<i and i<j+2),T)>
2011-10-07 21:41:28,829 INFO EXECUTOR[140617352677120] - Executing Command --afl
2011-10-07 21:41:28,830 INFO EXECUTOR[140617352677120] - Executing query : <store(build(E,iif(0=1, 2, 0 )),E)>
2011-10-07 21:41:28,862 INFO EXECUTOR[140617352677120] - Executing Command --afl
2011-10-07 21:41:28,862 INFO EXECUTOR[140617352677120] - Executing query : <store(repart(min(T),R),R)>
2011-10-07 21:41:28,928 INFO EXECUTOR[140617352677120] - Executing Command --stop-igdata
2011-10-07 21:41:28,928 INFO EXECUTOR[140617352677120] - Stoping Ignoring the data output by query ...
2011-10-07 21:41:28,928 INFO EXECUTOR[140617352677120] - Executing [TEST] section.
2011-10-07 21:41:28,928 INFO EXECUTOR[140617352677120] - Executing Command --test
2011-10-07 21:41:28,928 INFO EXECUTOR[140617352677120] - Executing Command --aql
2011-10-07 21:41:28,928 INFO EXECUTOR[140617352677120] - Executing query : <SELECT count(*) FROM R , E WHERE abs((R.x-E.x)/iif(E.x=0,1,E.x)) > 1e-07>
2011-10-07 21:41:28,960 INFO EXECUTOR[140617352677120] - Executing [CLEANUP] section.
2011-10-07 21:41:28,960 INFO EXECUTOR[140617352677120] - Executing Command --cleanup
2011-10-07 21:41:28,960 INFO EXECUTOR[140617352677120] - Executing Command --afl
2011-10-07 21:41:28,960 INFO EXECUTOR[140617352677120] - Executing query : <remove(T)>
2011-10-07 21:41:28,988 INFO EXECUTOR[140617352677120] - Executing Command --afl
2011-10-07 21:41:28,988 INFO EXECUTOR[140617352677120] - Executing query : <remove(E)>
2011-10-07 21:41:29,015 INFO EXECUTOR[140617352677120] - Executing Command --afl
2011-10-07 21:41:29,015 INFO EXECUTOR[140617352677120] - Executing query : <remove(R)>
2011-10-07 21:41:29,039 INFO EXECUTOR[140617352677120] - Executing Command --stop-query-logging
2011-10-07 21:41:29,039 INFO EXECUTOR[140617352677120] - Stoping query logging...
2011-10-07 21:41:29,039 INFO EXECUTOR[140617352677120] - Done executing the test case ...
2011-10-07 21:41:29,039 INFO EXECUTOR[140617352677120] - EXECUTOR returning SUCCESS to the caller.
