2011-10-07 21:08:05,921 INFO EXECUTOR[140617352677120] - logger SYSTEM ENABLED
2011-10-07 21:08:05,922 INFO EXECUTOR[140617352677120] - Parsing test case file : /build/scidb-trunk/trunk/tests/harness/testcases/t/data_model/min/min_216.test
2011-10-07 21:08:05,922 INFO EXECUTOR[140617352677120] - found SETUP section.
2011-10-07 21:08:05,922 INFO EXECUTOR[140617352677120] - found TEST section.
2011-10-07 21:08:05,922 INFO EXECUTOR[140617352677120] - found CLEANUP section.
2011-10-07 21:08:05,922 INFO EXECUTOR[140617352677120] - Done Parsing test case file...
2011-10-07 21:08:05,922 INFO EXECUTOR[140617352677120] - Printing Parsed Vector : 
2011-10-07 21:08:05,922 INFO EXECUTOR[140617352677120] - --setup ||
2011-10-07 21:08:05,922 INFO EXECUTOR[140617352677120] - 	--start-query-logging ||
2011-10-07 21:08:05,922 INFO EXECUTOR[140617352677120] - 	--start-igdata ||
2011-10-07 21:08:05,922 INFO EXECUTOR[140617352677120] - 	--aql |create   array T < x: uint64 > [ i=1:1000,100,0, j=1:200,100,0 ]|
2011-10-07 21:08:05,922 INFO EXECUTOR[140617352677120] - 	--aql |create  array E < x: uint64 null > [ i=0:0,1,0 ]|
2011-10-07 21:08:05,922 INFO EXECUTOR[140617352677120] - 	--aql |create  array R < x: uint64 null > [ i=0:0,1,0 ]|
2011-10-07 21:08:05,922 INFO EXECUTOR[140617352677120] - 	--afl |store(build_sparse(T,i+j,j-2<i and i<j+2),T)|
2011-10-07 21:08:05,922 INFO EXECUTOR[140617352677120] - 	--afl |store(build(E,iif(0=1, 2, 0 )),E)|
2011-10-07 21:08:05,922 INFO EXECUTOR[140617352677120] - 	--afl |store(repart(min(T),R),R)|
2011-10-07 21:08:05,922 INFO EXECUTOR[140617352677120] - 	--stop-igdata ||
2011-10-07 21:08:05,922 INFO EXECUTOR[140617352677120] - --test ||
2011-10-07 21:08:05,922 INFO EXECUTOR[140617352677120] - 	--aql |SELECT count(*) FROM R , E WHERE abs((R.x-E.x)/iif(E.x=0,1,E.x)) > 1e-07|
2011-10-07 21:08:05,922 INFO EXECUTOR[140617352677120] - --cleanup ||
2011-10-07 21:08:05,922 INFO EXECUTOR[140617352677120] - 	--afl |remove(T)|
2011-10-07 21:08:05,922 INFO EXECUTOR[140617352677120] - 	--afl |remove(E)|
2011-10-07 21:08:05,922 INFO EXECUTOR[140617352677120] - 	--afl |remove(R)|
2011-10-07 21:08:05,922 INFO EXECUTOR[140617352677120] - 	--stop-query-logging ||
2011-10-07 21:08:05,922 INFO EXECUTOR[140617352677120] - Done Printing Parsed Vector... 
2011-10-07 21:08:05,922 INFO EXECUTOR[140617352677120] - Starting executing the test case ...
2011-10-07 21:08:05,922 INFO EXECUTOR[140617352677120] - No [preSetup] commands found.
2011-10-07 21:08:05,922 INFO EXECUTOR[140617352677120] - Executing [SETUP] section.
2011-10-07 21:08:05,922 INFO EXECUTOR[140617352677120] - Executing Command --setup
2011-10-07 21:08:05,922 INFO EXECUTOR[140617352677120] - Executing Command --start-query-logging
2011-10-07 21:08:05,922 INFO EXECUTOR[140617352677120] - Starting query logging...
2011-10-07 21:08:05,922 INFO EXECUTOR[140617352677120] - Executing Command --start-igdata
2011-10-07 21:08:05,922 INFO EXECUTOR[140617352677120] - Starting Ignoring the data output by query ...
2011-10-07 21:08:05,922 INFO EXECUTOR[140617352677120] - Executing Command --aql
2011-10-07 21:08:05,922 INFO EXECUTOR[140617352677120] - Executing query : <create   array T < x: uint64 > [ i=1:1000,100,0, j=1:200,100,0 ]>
2011-10-07 21:08:05,942 INFO EXECUTOR[140617352677120] - Executing Command --aql
2011-10-07 21:08:05,942 INFO EXECUTOR[140617352677120] - Executing query : <create  array E < x: uint64 null > [ i=0:0,1,0 ]>
2011-10-07 21:08:05,947 INFO EXECUTOR[140617352677120] - Executing Command --aql
2011-10-07 21:08:05,947 INFO EXECUTOR[140617352677120] - Executing query : <create  array R < x: uint64 null > [ i=0:0,1,0 ]>
2011-10-07 21:08:05,952 INFO EXECUTOR[140617352677120] - Executing Command --afl
2011-10-07 21:08:05,952 INFO EXECUTOR[140617352677120] - Executing query : <store(build_sparse(T,i+j,j-2<i and i<j+2),T)>
2011-10-07 21:08:06,350 INFO EXECUTOR[140617352677120] - Executing Command --afl
2011-10-07 21:08:06,350 INFO EXECUTOR[140617352677120] - Executing query : <store(build(E,iif(0=1, 2, 0 )),E)>
2011-10-07 21:08:06,385 INFO EXECUTOR[140617352677120] - Executing Command --afl
2011-10-07 21:08:06,386 INFO EXECUTOR[140617352677120] - Executing query : <store(repart(min(T),R),R)>
2011-10-07 21:08:06,472 INFO EXECUTOR[140617352677120] - Executing Command --stop-igdata
2011-10-07 21:08:06,472 INFO EXECUTOR[140617352677120] - Stoping Ignoring the data output by query ...
2011-10-07 21:08:06,472 INFO EXECUTOR[140617352677120] - Executing [TEST] section.
2011-10-07 21:08:06,472 INFO EXECUTOR[140617352677120] - Executing Command --test
2011-10-07 21:08:06,472 INFO EXECUTOR[140617352677120] - Executing Command --aql
2011-10-07 21:08:06,472 INFO EXECUTOR[140617352677120] - Executing query : <SELECT count(*) FROM R , E WHERE abs((R.x-E.x)/iif(E.x=0,1,E.x)) > 1e-07>
2011-10-07 21:08:06,506 INFO EXECUTOR[140617352677120] - Executing [CLEANUP] section.
2011-10-07 21:08:06,506 INFO EXECUTOR[140617352677120] - Executing Command --cleanup
2011-10-07 21:08:06,506 INFO EXECUTOR[140617352677120] - Executing Command --afl
2011-10-07 21:08:06,506 INFO EXECUTOR[140617352677120] - Executing query : <remove(T)>
2011-10-07 21:08:06,529 INFO EXECUTOR[140617352677120] - Executing Command --afl
2011-10-07 21:08:06,529 INFO EXECUTOR[140617352677120] - Executing query : <remove(E)>
2011-10-07 21:08:06,540 INFO EXECUTOR[140617352677120] - Executing Command --afl
2011-10-07 21:08:06,540 INFO EXECUTOR[140617352677120] - Executing query : <remove(R)>
2011-10-07 21:08:06,551 INFO EXECUTOR[140617352677120] - Executing Command --stop-query-logging
2011-10-07 21:08:06,551 INFO EXECUTOR[140617352677120] - Stoping query logging...
2011-10-07 21:08:06,551 INFO EXECUTOR[140617352677120] - Done executing the test case ...
2011-10-07 21:08:06,551 INFO EXECUTOR[140617352677120] - EXECUTOR returning SUCCESS to the caller.
